[0.067s] Invoking command in '/home/gianni/SD/px4_ros2_ws/build/example_mode_with_executor_cpp': AMENT_PREFIX_PATH=/home/gianni/SD/px4_ros2_ws/install/px4_ros2_cpp:/home/gianni/SD/px4_ros2_ws/install/px4_msgs:${AMENT_PREFIX_PATH} CMAKE_PREFIX_PATH=/home/gianni/SD/px4_ros2_ws/install/px4_ros2_cpp:/home/gianni/SD/px4_ros2_ws/install/px4_msgs:/home/gianni/SD/ros_gz_ws/install/test_ros_gz_bridge:/home/gianni/SD/ros_gz_ws/install/ros_gz:/home/gianni/SD/ros_gz_ws/install/ros_gz_sim_demos:/home/gianni/SD/ros_gz_ws/install/ros_gz_sim:/home/gianni/SD/ros_gz_ws/install/ros_gz_image:/home/gianni/SD/ros_gz_ws/install/ros_gz_bridge:/home/gianni/SD/ros_gz_ws/install/ros_gz_interfaces:/opt/ros/jazzy/opt/gz_sim_vendor:/opt/ros/jazzy/opt/gz_sensors_vendor:/opt/ros/jazzy/opt/gz_physics_vendor:/opt/ros/jazzy/opt/sdformat_vendor:/opt/ros/jazzy/opt/gz_gui_vendor:/opt/ros/jazzy/opt/gz_transport_vendor:/opt/ros/jazzy/opt/gz_rendering_vendor:/opt/ros/jazzy/opt/gz_plugin_vendor:/opt/ros/jazzy/opt/gz_fuel_tools_vendor:/opt/ros/jazzy/opt/gz_msgs_vendor:/opt/ros/jazzy/opt/gz_common_vendor:/opt/ros/jazzy/opt/gz_math_vendor:/opt/ros/jazzy/opt/gz_utils_vendor:/opt/ros/jazzy/opt/gz_tools_vendor:/opt/ros/jazzy/opt/gz_ogre_next_vendor:/opt/ros/jazzy/opt/gz_dartsim_vendor:/opt/ros/jazzy/opt/gz_cmake_vendor:/opt/ros/jazzy DEBUGINFOD_URLS=https://debuginfod.ubuntu.com LD_LIBRARY_PATH=/home/gianni/SD/px4_ros2_ws/install/px4_ros2_cpp/lib:/home/gianni/SD/px4_ros2_ws/install/px4_msgs/lib:${LD_LIBRARY_PATH} PYTHONPATH=/home/gianni/SD/px4_ros2_ws/install/px4_msgs/lib/python3.12/site-packages:${PYTHONPATH} /usr/bin/cmake /home/gianni/SD/px4_ros2_ws/src/px4-ros2-interface-lib/examples/cpp/modes/mode_with_executor -DCMAKE_INSTALL_PREFIX=/home/gianni/SD/px4_ros2_ws/install/example_mode_with_executor_cpp
[0.142s] -- The C compiler identification is GNU 13.3.0
[0.184s] -- The CXX compiler identification is GNU 13.3.0
[0.200s] -- Detecting C compiler ABI info
[0.277s] -- Detecting C compiler ABI info - done
[0.285s] -- Check for working C compiler: /usr/bin/cc - skipped
[0.285s] -- Detecting C compile features
[0.285s] -- Detecting C compile features - done
[0.292s] -- Detecting CXX compiler ABI info
[0.373s] -- Detecting CXX compiler ABI info - done
[0.380s] -- Check for working CXX compiler: /usr/bin/c++ - skipped
[0.380s] -- Detecting CXX compile features
[0.380s] -- Detecting CXX compile features - done
[0.383s] -- Found eigen3_cmake_module: 0.3.0 (/opt/ros/jazzy/share/eigen3_cmake_module/cmake)
[0.390s] -- Found Eigen3: TRUE (found version "3.4.0") 
[0.392s] -- Found ament_cmake: 2.5.4 (/opt/ros/jazzy/share/ament_cmake/cmake)
[0.540s] -- Found Python3: /usr/bin/python3 (found version "3.12.3") found components: Interpreter 
[0.708s] -- Found rclcpp: 28.1.11 (/opt/ros/jazzy/share/rclcpp/cmake)
[0.780s] -- Found rosidl_generator_c: 4.6.6 (/opt/ros/jazzy/share/rosidl_generator_c/cmake)
[0.804s] -- Found rosidl_generator_cpp: 4.6.6 (/opt/ros/jazzy/share/rosidl_generator_cpp/cmake)
[0.832s] -- Using all available rosidl_typesupport_c: rosidl_typesupport_fastrtps_c;rosidl_typesupport_introspection_c
[0.862s] -- Using all available rosidl_typesupport_cpp: rosidl_typesupport_fastrtps_cpp;rosidl_typesupport_introspection_cpp
[0.954s] -- Found rmw_implementation_cmake: 7.3.2 (/opt/ros/jazzy/share/rmw_implementation_cmake/cmake)
[0.957s] -- Found rmw_fastrtps_cpp: 8.4.3 (/opt/ros/jazzy/share/rmw_fastrtps_cpp/cmake)
[1.030s] -- Found OpenSSL: /usr/lib/x86_64-linux-gnu/libcrypto.so (found version "3.0.13")  
[1.059s] -- Found FastRTPS: /opt/ros/jazzy/include (Required is at least version "2.13") 
[1.087s] -- Using RMW implementation 'rmw_fastrtps_cpp' as default
[1.148s] -- Found px4_ros2_cpp: 0.0.1 (/home/gianni/SD/px4_ros2_ws/install/px4_ros2_cpp/share/px4_ros2_cpp/cmake)
[1.166s] -- Found ament_lint_auto: 0.17.3 (/opt/ros/jazzy/share/ament_lint_auto/cmake)
[1.262s] -- Added test 'copyright' to check source files copyright and LICENSE
[1.263s] -- Added test 'cppcheck' to perform static code analysis on C / C++ code
[1.263s] -- Configured cppcheck include dirs: /home/gianni/SD/px4_ros2_ws/src/px4-ros2-interface-lib/examples/cpp/modes/mode_with_executor/include
[1.263s] -- Configured cppcheck exclude dirs and/or files: 
[1.264s] -- Added test 'cpplint' to check C / C++ code against the Google style
[1.264s] -- Configured cpplint exclude dirs and/or files: 
[1.264s] -- Added test 'lint_cmake' to check CMake code style
[1.265s] -- Added test 'uncrustify' to check C / C++ code style
[1.265s] -- Configured uncrustify additional arguments: 
[1.266s] -- Added test 'xmllint' to check XML markup files
[1.267s] -- Configuring done (1.2s)
[1.274s] -- Generating done (0.0s)
[1.276s] -- Build files have been written to: /home/gianni/SD/px4_ros2_ws/build/example_mode_with_executor_cpp
[1.285s] Invoked command in '/home/gianni/SD/px4_ros2_ws/build/example_mode_with_executor_cpp' returned '0': AMENT_PREFIX_PATH=/home/gianni/SD/px4_ros2_ws/install/px4_ros2_cpp:/home/gianni/SD/px4_ros2_ws/install/px4_msgs:${AMENT_PREFIX_PATH} CMAKE_PREFIX_PATH=/home/gianni/SD/px4_ros2_ws/install/px4_ros2_cpp:/home/gianni/SD/px4_ros2_ws/install/px4_msgs:/home/gianni/SD/ros_gz_ws/install/test_ros_gz_bridge:/home/gianni/SD/ros_gz_ws/install/ros_gz:/home/gianni/SD/ros_gz_ws/install/ros_gz_sim_demos:/home/gianni/SD/ros_gz_ws/install/ros_gz_sim:/home/gianni/SD/ros_gz_ws/install/ros_gz_image:/home/gianni/SD/ros_gz_ws/install/ros_gz_bridge:/home/gianni/SD/ros_gz_ws/install/ros_gz_interfaces:/opt/ros/jazzy/opt/gz_sim_vendor:/opt/ros/jazzy/opt/gz_sensors_vendor:/opt/ros/jazzy/opt/gz_physics_vendor:/opt/ros/jazzy/opt/sdformat_vendor:/opt/ros/jazzy/opt/gz_gui_vendor:/opt/ros/jazzy/opt/gz_transport_vendor:/opt/ros/jazzy/opt/gz_rendering_vendor:/opt/ros/jazzy/opt/gz_plugin_vendor:/opt/ros/jazzy/opt/gz_fuel_tools_vendor:/opt/ros/jazzy/opt/gz_msgs_vendor:/opt/ros/jazzy/opt/gz_common_vendor:/opt/ros/jazzy/opt/gz_math_vendor:/opt/ros/jazzy/opt/gz_utils_vendor:/opt/ros/jazzy/opt/gz_tools_vendor:/opt/ros/jazzy/opt/gz_ogre_next_vendor:/opt/ros/jazzy/opt/gz_dartsim_vendor:/opt/ros/jazzy/opt/gz_cmake_vendor:/opt/ros/jazzy DEBUGINFOD_URLS=https://debuginfod.ubuntu.com LD_LIBRARY_PATH=/home/gianni/SD/px4_ros2_ws/install/px4_ros2_cpp/lib:/home/gianni/SD/px4_ros2_ws/install/px4_msgs/lib:${LD_LIBRARY_PATH} PYTHONPATH=/home/gianni/SD/px4_ros2_ws/install/px4_msgs/lib/python3.12/site-packages:${PYTHONPATH} /usr/bin/cmake /home/gianni/SD/px4_ros2_ws/src/px4-ros2-interface-lib/examples/cpp/modes/mode_with_executor -DCMAKE_INSTALL_PREFIX=/home/gianni/SD/px4_ros2_ws/install/example_mode_with_executor_cpp
[1.286s] Invoking command in '/home/gianni/SD/px4_ros2_ws/build/example_mode_with_executor_cpp': AMENT_PREFIX_PATH=/home/gianni/SD/px4_ros2_ws/install/px4_ros2_cpp:/home/gianni/SD/px4_ros2_ws/install/px4_msgs:${AMENT_PREFIX_PATH} CMAKE_PREFIX_PATH=/home/gianni/SD/px4_ros2_ws/install/px4_ros2_cpp:/home/gianni/SD/px4_ros2_ws/install/px4_msgs:/home/gianni/SD/ros_gz_ws/install/test_ros_gz_bridge:/home/gianni/SD/ros_gz_ws/install/ros_gz:/home/gianni/SD/ros_gz_ws/install/ros_gz_sim_demos:/home/gianni/SD/ros_gz_ws/install/ros_gz_sim:/home/gianni/SD/ros_gz_ws/install/ros_gz_image:/home/gianni/SD/ros_gz_ws/install/ros_gz_bridge:/home/gianni/SD/ros_gz_ws/install/ros_gz_interfaces:/opt/ros/jazzy/opt/gz_sim_vendor:/opt/ros/jazzy/opt/gz_sensors_vendor:/opt/ros/jazzy/opt/gz_physics_vendor:/opt/ros/jazzy/opt/sdformat_vendor:/opt/ros/jazzy/opt/gz_gui_vendor:/opt/ros/jazzy/opt/gz_transport_vendor:/opt/ros/jazzy/opt/gz_rendering_vendor:/opt/ros/jazzy/opt/gz_plugin_vendor:/opt/ros/jazzy/opt/gz_fuel_tools_vendor:/opt/ros/jazzy/opt/gz_msgs_vendor:/opt/ros/jazzy/opt/gz_common_vendor:/opt/ros/jazzy/opt/gz_math_vendor:/opt/ros/jazzy/opt/gz_utils_vendor:/opt/ros/jazzy/opt/gz_tools_vendor:/opt/ros/jazzy/opt/gz_ogre_next_vendor:/opt/ros/jazzy/opt/gz_dartsim_vendor:/opt/ros/jazzy/opt/gz_cmake_vendor:/opt/ros/jazzy DEBUGINFOD_URLS=https://debuginfod.ubuntu.com LD_LIBRARY_PATH=/home/gianni/SD/px4_ros2_ws/install/px4_ros2_cpp/lib:/home/gianni/SD/px4_ros2_ws/install/px4_msgs/lib:${LD_LIBRARY_PATH} PYTHONPATH=/home/gianni/SD/px4_ros2_ws/install/px4_msgs/lib/python3.12/site-packages:${PYTHONPATH} /usr/bin/cmake --build /home/gianni/SD/px4_ros2_ws/build/example_mode_with_executor_cpp -- -j20 -l20
[1.326s] [ 50%] [32mBuilding CXX object CMakeFiles/example_mode_with_executor.dir/src/main.cpp.o[0m
[4.667s] [100%] [32m[1mLinking CXX executable example_mode_with_executor[0m
[6.889s] [100%] Built target example_mode_with_executor
[6.904s] Invoked command in '/home/gianni/SD/px4_ros2_ws/build/example_mode_with_executor_cpp' returned '0': AMENT_PREFIX_PATH=/home/gianni/SD/px4_ros2_ws/install/px4_ros2_cpp:/home/gianni/SD/px4_ros2_ws/install/px4_msgs:${AMENT_PREFIX_PATH} CMAKE_PREFIX_PATH=/home/gianni/SD/px4_ros2_ws/install/px4_ros2_cpp:/home/gianni/SD/px4_ros2_ws/install/px4_msgs:/home/gianni/SD/ros_gz_ws/install/test_ros_gz_bridge:/home/gianni/SD/ros_gz_ws/install/ros_gz:/home/gianni/SD/ros_gz_ws/install/ros_gz_sim_demos:/home/gianni/SD/ros_gz_ws/install/ros_gz_sim:/home/gianni/SD/ros_gz_ws/install/ros_gz_image:/home/gianni/SD/ros_gz_ws/install/ros_gz_bridge:/home/gianni/SD/ros_gz_ws/install/ros_gz_interfaces:/opt/ros/jazzy/opt/gz_sim_vendor:/opt/ros/jazzy/opt/gz_sensors_vendor:/opt/ros/jazzy/opt/gz_physics_vendor:/opt/ros/jazzy/opt/sdformat_vendor:/opt/ros/jazzy/opt/gz_gui_vendor:/opt/ros/jazzy/opt/gz_transport_vendor:/opt/ros/jazzy/opt/gz_rendering_vendor:/opt/ros/jazzy/opt/gz_plugin_vendor:/opt/ros/jazzy/opt/gz_fuel_tools_vendor:/opt/ros/jazzy/opt/gz_msgs_vendor:/opt/ros/jazzy/opt/gz_common_vendor:/opt/ros/jazzy/opt/gz_math_vendor:/opt/ros/jazzy/opt/gz_utils_vendor:/opt/ros/jazzy/opt/gz_tools_vendor:/opt/ros/jazzy/opt/gz_ogre_next_vendor:/opt/ros/jazzy/opt/gz_dartsim_vendor:/opt/ros/jazzy/opt/gz_cmake_vendor:/opt/ros/jazzy DEBUGINFOD_URLS=https://debuginfod.ubuntu.com LD_LIBRARY_PATH=/home/gianni/SD/px4_ros2_ws/install/px4_ros2_cpp/lib:/home/gianni/SD/px4_ros2_ws/install/px4_msgs/lib:${LD_LIBRARY_PATH} PYTHONPATH=/home/gianni/SD/px4_ros2_ws/install/px4_msgs/lib/python3.12/site-packages:${PYTHONPATH} /usr/bin/cmake --build /home/gianni/SD/px4_ros2_ws/build/example_mode_with_executor_cpp -- -j20 -l20
[6.905s] Invoking command in '/home/gianni/SD/px4_ros2_ws/build/example_mode_with_executor_cpp': AMENT_PREFIX_PATH=/home/gianni/SD/px4_ros2_ws/install/px4_ros2_cpp:/home/gianni/SD/px4_ros2_ws/install/px4_msgs:${AMENT_PREFIX_PATH} CMAKE_PREFIX_PATH=/home/gianni/SD/px4_ros2_ws/install/px4_ros2_cpp:/home/gianni/SD/px4_ros2_ws/install/px4_msgs:/home/gianni/SD/ros_gz_ws/install/test_ros_gz_bridge:/home/gianni/SD/ros_gz_ws/install/ros_gz:/home/gianni/SD/ros_gz_ws/install/ros_gz_sim_demos:/home/gianni/SD/ros_gz_ws/install/ros_gz_sim:/home/gianni/SD/ros_gz_ws/install/ros_gz_image:/home/gianni/SD/ros_gz_ws/install/ros_gz_bridge:/home/gianni/SD/ros_gz_ws/install/ros_gz_interfaces:/opt/ros/jazzy/opt/gz_sim_vendor:/opt/ros/jazzy/opt/gz_sensors_vendor:/opt/ros/jazzy/opt/gz_physics_vendor:/opt/ros/jazzy/opt/sdformat_vendor:/opt/ros/jazzy/opt/gz_gui_vendor:/opt/ros/jazzy/opt/gz_transport_vendor:/opt/ros/jazzy/opt/gz_rendering_vendor:/opt/ros/jazzy/opt/gz_plugin_vendor:/opt/ros/jazzy/opt/gz_fuel_tools_vendor:/opt/ros/jazzy/opt/gz_msgs_vendor:/opt/ros/jazzy/opt/gz_common_vendor:/opt/ros/jazzy/opt/gz_math_vendor:/opt/ros/jazzy/opt/gz_utils_vendor:/opt/ros/jazzy/opt/gz_tools_vendor:/opt/ros/jazzy/opt/gz_ogre_next_vendor:/opt/ros/jazzy/opt/gz_dartsim_vendor:/opt/ros/jazzy/opt/gz_cmake_vendor:/opt/ros/jazzy DEBUGINFOD_URLS=https://debuginfod.ubuntu.com LD_LIBRARY_PATH=/home/gianni/SD/px4_ros2_ws/install/px4_ros2_cpp/lib:/home/gianni/SD/px4_ros2_ws/install/px4_msgs/lib:${LD_LIBRARY_PATH} PYTHONPATH=/home/gianni/SD/px4_ros2_ws/install/px4_msgs/lib/python3.12/site-packages:${PYTHONPATH} /usr/bin/cmake --install /home/gianni/SD/px4_ros2_ws/build/example_mode_with_executor_cpp
[6.917s] -- Install configuration: ""
[6.917s] -- Installing: /home/gianni/SD/px4_ros2_ws/install/example_mode_with_executor_cpp/lib/example_mode_with_executor_cpp/example_mode_with_executor
[6.917s] -- Set non-toolchain portion of runtime path of "/home/gianni/SD/px4_ros2_ws/install/example_mode_with_executor_cpp/lib/example_mode_with_executor_cpp/example_mode_with_executor" to ""
[6.917s] -- Installing: /home/gianni/SD/px4_ros2_ws/install/example_mode_with_executor_cpp/share/ament_index/resource_index/package_run_dependencies/example_mode_with_executor_cpp
[6.917s] -- Installing: /home/gianni/SD/px4_ros2_ws/install/example_mode_with_executor_cpp/share/ament_index/resource_index/parent_prefix_path/example_mode_with_executor_cpp
[6.918s] -- Installing: /home/gianni/SD/px4_ros2_ws/install/example_mode_with_executor_cpp/share/example_mode_with_executor_cpp/environment/ament_prefix_path.sh
[6.918s] -- Installing: /home/gianni/SD/px4_ros2_ws/install/example_mode_with_executor_cpp/share/example_mode_with_executor_cpp/environment/ament_prefix_path.dsv
[6.918s] -- Installing: /home/gianni/SD/px4_ros2_ws/install/example_mode_with_executor_cpp/share/example_mode_with_executor_cpp/environment/path.sh
[6.918s] -- Installing: /home/gianni/SD/px4_ros2_ws/install/example_mode_with_executor_cpp/share/example_mode_with_executor_cpp/environment/path.dsv
[6.918s] -- Installing: /home/gianni/SD/px4_ros2_ws/install/example_mode_with_executor_cpp/share/example_mode_with_executor_cpp/local_setup.bash
[6.918s] -- Installing: /home/gianni/SD/px4_ros2_ws/install/example_mode_with_executor_cpp/share/example_mode_with_executor_cpp/local_setup.sh
[6.918s] -- Installing: /home/gianni/SD/px4_ros2_ws/install/example_mode_with_executor_cpp/share/example_mode_with_executor_cpp/local_setup.zsh
[6.919s] -- Installing: /home/gianni/SD/px4_ros2_ws/install/example_mode_with_executor_cpp/share/example_mode_with_executor_cpp/local_setup.dsv
[6.919s] -- Installing: /home/gianni/SD/px4_ros2_ws/install/example_mode_with_executor_cpp/share/example_mode_with_executor_cpp/package.dsv
[6.919s] -- Installing: /home/gianni/SD/px4_ros2_ws/install/example_mode_with_executor_cpp/share/ament_index/resource_index/packages/example_mode_with_executor_cpp
[6.919s] -- Installing: /home/gianni/SD/px4_ros2_ws/install/example_mode_with_executor_cpp/share/example_mode_with_executor_cpp/cmake/example_mode_with_executor_cppConfig.cmake
[6.919s] -- Installing: /home/gianni/SD/px4_ros2_ws/install/example_mode_with_executor_cpp/share/example_mode_with_executor_cpp/cmake/example_mode_with_executor_cppConfig-version.cmake
[6.919s] -- Installing: /home/gianni/SD/px4_ros2_ws/install/example_mode_with_executor_cpp/share/example_mode_with_executor_cpp/package.xml
[6.921s] Invoked command in '/home/gianni/SD/px4_ros2_ws/build/example_mode_with_executor_cpp' returned '0': AMENT_PREFIX_PATH=/home/gianni/SD/px4_ros2_ws/install/px4_ros2_cpp:/home/gianni/SD/px4_ros2_ws/install/px4_msgs:${AMENT_PREFIX_PATH} CMAKE_PREFIX_PATH=/home/gianni/SD/px4_ros2_ws/install/px4_ros2_cpp:/home/gianni/SD/px4_ros2_ws/install/px4_msgs:/home/gianni/SD/ros_gz_ws/install/test_ros_gz_bridge:/home/gianni/SD/ros_gz_ws/install/ros_gz:/home/gianni/SD/ros_gz_ws/install/ros_gz_sim_demos:/home/gianni/SD/ros_gz_ws/install/ros_gz_sim:/home/gianni/SD/ros_gz_ws/install/ros_gz_image:/home/gianni/SD/ros_gz_ws/install/ros_gz_bridge:/home/gianni/SD/ros_gz_ws/install/ros_gz_interfaces:/opt/ros/jazzy/opt/gz_sim_vendor:/opt/ros/jazzy/opt/gz_sensors_vendor:/opt/ros/jazzy/opt/gz_physics_vendor:/opt/ros/jazzy/opt/sdformat_vendor:/opt/ros/jazzy/opt/gz_gui_vendor:/opt/ros/jazzy/opt/gz_transport_vendor:/opt/ros/jazzy/opt/gz_rendering_vendor:/opt/ros/jazzy/opt/gz_plugin_vendor:/opt/ros/jazzy/opt/gz_fuel_tools_vendor:/opt/ros/jazzy/opt/gz_msgs_vendor:/opt/ros/jazzy/opt/gz_common_vendor:/opt/ros/jazzy/opt/gz_math_vendor:/opt/ros/jazzy/opt/gz_utils_vendor:/opt/ros/jazzy/opt/gz_tools_vendor:/opt/ros/jazzy/opt/gz_ogre_next_vendor:/opt/ros/jazzy/opt/gz_dartsim_vendor:/opt/ros/jazzy/opt/gz_cmake_vendor:/opt/ros/jazzy DEBUGINFOD_URLS=https://debuginfod.ubuntu.com LD_LIBRARY_PATH=/home/gianni/SD/px4_ros2_ws/install/px4_ros2_cpp/lib:/home/gianni/SD/px4_ros2_ws/install/px4_msgs/lib:${LD_LIBRARY_PATH} PYTHONPATH=/home/gianni/SD/px4_ros2_ws/install/px4_msgs/lib/python3.12/site-packages:${PYTHONPATH} /usr/bin/cmake --install /home/gianni/SD/px4_ros2_ws/build/example_mode_with_executor_cpp
