[0.013s] Invoking command in '/home/gianni/SD/px4_ros2_ws/build/apriltag_ros': AMENT_PREFIX_PATH=/home/gianni/SD/px4_ros2_ws/install/apriltag_msgs:${AMENT_PREFIX_PATH} CMAKE_PREFIX_PATH=/home/gianni/SD/px4_ros2_ws/install/apriltag_msgs:/home/gianni/SD/px4_ros2_ws/install/apriltag:/home/gianni/SD/ros_gz_ws/install/test_ros_gz_bridge:/home/gianni/SD/ros_gz_ws/install/ros_gz:/home/gianni/SD/ros_gz_ws/install/ros_gz_sim_demos:/home/gianni/SD/ros_gz_ws/install/ros_gz_sim:/home/gianni/SD/ros_gz_ws/install/ros_gz_image:/home/gianni/SD/ros_gz_ws/install/ros_gz_bridge:/home/gianni/SD/ros_gz_ws/install/ros_gz_interfaces:/opt/ros/jazzy/opt/gz_sim_vendor:/opt/ros/jazzy/opt/gz_sensors_vendor:/opt/ros/jazzy/opt/gz_physics_vendor:/opt/ros/jazzy/opt/sdformat_vendor:/opt/ros/jazzy/opt/gz_gui_vendor:/opt/ros/jazzy/opt/gz_transport_vendor:/opt/ros/jazzy/opt/gz_rendering_vendor:/opt/ros/jazzy/opt/gz_plugin_vendor:/opt/ros/jazzy/opt/gz_fuel_tools_vendor:/opt/ros/jazzy/opt/gz_msgs_vendor:/opt/ros/jazzy/opt/gz_common_vendor:/opt/ros/jazzy/opt/gz_math_vendor:/opt/ros/jazzy/opt/gz_utils_vendor:/opt/ros/jazzy/opt/gz_tools_vendor:/opt/ros/jazzy/opt/gz_ogre_next_vendor:/opt/ros/jazzy/opt/gz_dartsim_vendor:/opt/ros/jazzy/opt/gz_cmake_vendor:/opt/ros/jazzy DEBUGINFOD_URLS=https://debuginfod.ubuntu.com LD_LIBRARY_PATH=/home/gianni/SD/px4_ros2_ws/install/apriltag_msgs/lib:/home/gianni/SD/px4_ros2_ws/install/apriltag/lib:${LD_LIBRARY_PATH} PATH=/home/gianni/SD/px4_ros2_ws/install/apriltag/bin:${PATH} PKG_CONFIG_PATH=/home/gianni/SD/px4_ros2_ws/install/apriltag/lib/x86_64-linux-gnu/pkgconfig:/home/gianni/SD/px4_ros2_ws/install/apriltag/lib/pkgconfig PYTHONPATH=/home/gianni/SD/px4_ros2_ws/install/apriltag_msgs/lib/python3.12/site-packages:/home/gianni/SD/px4_ros2_ws/install/apriltag/lib/python3.12/site-packages:${PYTHONPATH} /usr/bin/cmake /home/gianni/SD/px4_ros2_ws/src/apriltag_ros -DCMAKE_INSTALL_PREFIX=/home/gianni/SD/px4_ros2_ws/install/apriltag_ros
[0.097s] -- The C compiler identification is GNU 13.3.0
[0.165s] -- The CXX compiler identification is GNU 13.3.0
[0.185s] -- Detecting C compiler ABI info
[0.303s] -- Detecting C compiler ABI info - done
[0.312s] -- Check for working C compiler: /usr/bin/cc - skipped
[0.312s] -- Detecting C compile features
[0.312s] -- Detecting C compile features - done
[0.323s] -- Detecting CXX compiler ABI info
[0.452s] -- Detecting CXX compiler ABI info - done
[0.459s] -- Check for working CXX compiler: /usr/bin/c++ - skipped
[0.460s] -- Detecting CXX compile features
[0.460s] -- Detecting CXX compile features - done
[0.464s] -- Found rclcpp: 28.1.12 (/opt/ros/jazzy/share/rclcpp/cmake)
[0.613s] -- Found Python3: /usr/bin/python3 (found version "3.12.3") found components: Interpreter 
[0.753s] -- Found rosidl_generator_c: 4.6.6 (/opt/ros/jazzy/share/rosidl_generator_c/cmake)
[0.765s] -- Found rosidl_generator_cpp: 4.6.6 (/opt/ros/jazzy/share/rosidl_generator_cpp/cmake)
[0.779s] -- Using all available rosidl_typesupport_c: rosidl_typesupport_fastrtps_c;rosidl_typesupport_introspection_c
[0.794s] -- Using all available rosidl_typesupport_cpp: rosidl_typesupport_fastrtps_cpp;rosidl_typesupport_introspection_cpp
[0.868s] -- Found rmw_implementation_cmake: 7.3.2 (/opt/ros/jazzy/share/rmw_implementation_cmake/cmake)
[0.872s] -- Found rmw_fastrtps_cpp: 8.4.3 (/opt/ros/jazzy/share/rmw_fastrtps_cpp/cmake)
[0.984s] -- Found OpenSSL: /usr/lib/x86_64-linux-gnu/libcrypto.so (found version "3.0.13")  
[1.014s] -- Found FastRTPS: /opt/ros/jazzy/include (Required is at least version "2.13") 
[1.040s] -- Using RMW implementation 'rmw_fastrtps_cpp' as default
[1.107s] -- Found rclcpp_components: 28.1.12 (/opt/ros/jazzy/share/rclcpp_components/cmake)
[1.140s] -- Found sensor_msgs: 5.3.6 (/opt/ros/jazzy/share/sensor_msgs/cmake)
[1.186s] -- Found apriltag_msgs: 2.0.1 (/home/gianni/SD/px4_ros2_ws/install/apriltag_msgs/share/apriltag_msgs/cmake)
[1.198s] -- Found tf2_ros: 0.36.14 (/opt/ros/jazzy/share/tf2_ros/cmake)
[1.276s] -- Found image_transport: 5.1.7 (/opt/ros/jazzy/share/image_transport/cmake)
[1.287s] -- Found cv_bridge: 4.1.0 (/opt/ros/jazzy/share/cv_bridge/cmake)
[1.302s] -- Performing Test CMAKE_HAVE_LIBC_PTHREAD
[1.415s] -- Performing Test CMAKE_HAVE_LIBC_PTHREAD - Success
[1.417s] -- Found Threads: TRUE  
[1.421s] -- Found OpenCV: /usr/local (found version "4.10.0") found components: core calib3d 
[1.430s] -- Found ament_lint_auto: 0.17.3 (/opt/ros/jazzy/share/ament_lint_auto/cmake)
[1.532s] -- Added test 'cppcheck' to perform static code analysis on C / C++ code
[1.532s] -- Configured cppcheck include dirs: 
[1.532s] -- Configured cppcheck exclude dirs and/or files: 
[1.533s] -- Configuring done (1.5s)
[1.549s] -- Generating done (0.0s)
[1.553s] -- Build files have been written to: /home/gianni/SD/px4_ros2_ws/build/apriltag_ros
[1.562s] Invoked command in '/home/gianni/SD/px4_ros2_ws/build/apriltag_ros' returned '0': AMENT_PREFIX_PATH=/home/gianni/SD/px4_ros2_ws/install/apriltag_msgs:${AMENT_PREFIX_PATH} CMAKE_PREFIX_PATH=/home/gianni/SD/px4_ros2_ws/install/apriltag_msgs:/home/gianni/SD/px4_ros2_ws/install/apriltag:/home/gianni/SD/ros_gz_ws/install/test_ros_gz_bridge:/home/gianni/SD/ros_gz_ws/install/ros_gz:/home/gianni/SD/ros_gz_ws/install/ros_gz_sim_demos:/home/gianni/SD/ros_gz_ws/install/ros_gz_sim:/home/gianni/SD/ros_gz_ws/install/ros_gz_image:/home/gianni/SD/ros_gz_ws/install/ros_gz_bridge:/home/gianni/SD/ros_gz_ws/install/ros_gz_interfaces:/opt/ros/jazzy/opt/gz_sim_vendor:/opt/ros/jazzy/opt/gz_sensors_vendor:/opt/ros/jazzy/opt/gz_physics_vendor:/opt/ros/jazzy/opt/sdformat_vendor:/opt/ros/jazzy/opt/gz_gui_vendor:/opt/ros/jazzy/opt/gz_transport_vendor:/opt/ros/jazzy/opt/gz_rendering_vendor:/opt/ros/jazzy/opt/gz_plugin_vendor:/opt/ros/jazzy/opt/gz_fuel_tools_vendor:/opt/ros/jazzy/opt/gz_msgs_vendor:/opt/ros/jazzy/opt/gz_common_vendor:/opt/ros/jazzy/opt/gz_math_vendor:/opt/ros/jazzy/opt/gz_utils_vendor:/opt/ros/jazzy/opt/gz_tools_vendor:/opt/ros/jazzy/opt/gz_ogre_next_vendor:/opt/ros/jazzy/opt/gz_dartsim_vendor:/opt/ros/jazzy/opt/gz_cmake_vendor:/opt/ros/jazzy DEBUGINFOD_URLS=https://debuginfod.ubuntu.com LD_LIBRARY_PATH=/home/gianni/SD/px4_ros2_ws/install/apriltag_msgs/lib:/home/gianni/SD/px4_ros2_ws/install/apriltag/lib:${LD_LIBRARY_PATH} PATH=/home/gianni/SD/px4_ros2_ws/install/apriltag/bin:${PATH} PKG_CONFIG_PATH=/home/gianni/SD/px4_ros2_ws/install/apriltag/lib/x86_64-linux-gnu/pkgconfig:/home/gianni/SD/px4_ros2_ws/install/apriltag/lib/pkgconfig PYTHONPATH=/home/gianni/SD/px4_ros2_ws/install/apriltag_msgs/lib/python3.12/site-packages:/home/gianni/SD/px4_ros2_ws/install/apriltag/lib/python3.12/site-packages:${PYTHONPATH} /usr/bin/cmake /home/gianni/SD/px4_ros2_ws/src/apriltag_ros -DCMAKE_INSTALL_PREFIX=/home/gianni/SD/px4_ros2_ws/install/apriltag_ros
[1.562s] Invoking command in '/home/gianni/SD/px4_ros2_ws/build/apriltag_ros': AMENT_PREFIX_PATH=/home/gianni/SD/px4_ros2_ws/install/apriltag_msgs:${AMENT_PREFIX_PATH} CMAKE_PREFIX_PATH=/home/gianni/SD/px4_ros2_ws/install/apriltag_msgs:/home/gianni/SD/px4_ros2_ws/install/apriltag:/home/gianni/SD/ros_gz_ws/install/test_ros_gz_bridge:/home/gianni/SD/ros_gz_ws/install/ros_gz:/home/gianni/SD/ros_gz_ws/install/ros_gz_sim_demos:/home/gianni/SD/ros_gz_ws/install/ros_gz_sim:/home/gianni/SD/ros_gz_ws/install/ros_gz_image:/home/gianni/SD/ros_gz_ws/install/ros_gz_bridge:/home/gianni/SD/ros_gz_ws/install/ros_gz_interfaces:/opt/ros/jazzy/opt/gz_sim_vendor:/opt/ros/jazzy/opt/gz_sensors_vendor:/opt/ros/jazzy/opt/gz_physics_vendor:/opt/ros/jazzy/opt/sdformat_vendor:/opt/ros/jazzy/opt/gz_gui_vendor:/opt/ros/jazzy/opt/gz_transport_vendor:/opt/ros/jazzy/opt/gz_rendering_vendor:/opt/ros/jazzy/opt/gz_plugin_vendor:/opt/ros/jazzy/opt/gz_fuel_tools_vendor:/opt/ros/jazzy/opt/gz_msgs_vendor:/opt/ros/jazzy/opt/gz_common_vendor:/opt/ros/jazzy/opt/gz_math_vendor:/opt/ros/jazzy/opt/gz_utils_vendor:/opt/ros/jazzy/opt/gz_tools_vendor:/opt/ros/jazzy/opt/gz_ogre_next_vendor:/opt/ros/jazzy/opt/gz_dartsim_vendor:/opt/ros/jazzy/opt/gz_cmake_vendor:/opt/ros/jazzy DEBUGINFOD_URLS=https://debuginfod.ubuntu.com LD_LIBRARY_PATH=/home/gianni/SD/px4_ros2_ws/install/apriltag_msgs/lib:/home/gianni/SD/px4_ros2_ws/install/apriltag/lib:${LD_LIBRARY_PATH} PATH=/home/gianni/SD/px4_ros2_ws/install/apriltag/bin:${PATH} PKG_CONFIG_PATH=/home/gianni/SD/px4_ros2_ws/install/apriltag/lib/x86_64-linux-gnu/pkgconfig:/home/gianni/SD/px4_ros2_ws/install/apriltag/lib/pkgconfig PYTHONPATH=/home/gianni/SD/px4_ros2_ws/install/apriltag_msgs/lib/python3.12/site-packages:/home/gianni/SD/px4_ros2_ws/install/apriltag/lib/python3.12/site-packages:${PYTHONPATH} /usr/bin/cmake --build /home/gianni/SD/px4_ros2_ws/build/apriltag_ros -- -j20 -l20
[1.625s] [ 20%] [32mBuilding CXX object CMakeFiles/apriltag_node.dir/rclcpp_components/node_main_apriltag_node.cpp.o[0m
[1.625s] [ 20%] [32mBuilding CXX object CMakeFiles/conversion.dir/src/conversion.cpp.o[0m
[1.626s] [ 30%] [32mBuilding CXX object CMakeFiles/tags.dir/src/tag_functions.cpp.o[0m
[1.827s] [ 40%] [32m[1mLinking CXX static library libtags.a[0m
[1.944s] [ 40%] Built target tags
[2.704s] [ 50%] [32m[1mLinking CXX static library libconversion.a[0m
[2.762s] [ 50%] Built target conversion
[2.783s] [ 60%] [32mBuilding CXX object CMakeFiles/pose_estimation.dir/src/pose_estimation.cpp.o[0m
[3.594s] [ 70%] [32m[1mLinking CXX executable apriltag_node[0m
[3.687s] [ 70%] Built target apriltag_node
[3.817s] [ 80%] [32m[1mLinking CXX static library libpose_estimation.a[0m
[3.886s] [ 80%] Built target pose_estimation
[3.915s] [ 90%] [32mBuilding CXX object CMakeFiles/AprilTagNode.dir/src/AprilTagNode.cpp.o[0m
[8.666s] [100%] [32m[1mLinking CXX shared library libAprilTagNode.so[0m
[8.913s] [100%] Built target AprilTagNode
[8.927s] Invoked command in '/home/gianni/SD/px4_ros2_ws/build/apriltag_ros' returned '0': AMENT_PREFIX_PATH=/home/gianni/SD/px4_ros2_ws/install/apriltag_msgs:${AMENT_PREFIX_PATH} CMAKE_PREFIX_PATH=/home/gianni/SD/px4_ros2_ws/install/apriltag_msgs:/home/gianni/SD/px4_ros2_ws/install/apriltag:/home/gianni/SD/ros_gz_ws/install/test_ros_gz_bridge:/home/gianni/SD/ros_gz_ws/install/ros_gz:/home/gianni/SD/ros_gz_ws/install/ros_gz_sim_demos:/home/gianni/SD/ros_gz_ws/install/ros_gz_sim:/home/gianni/SD/ros_gz_ws/install/ros_gz_image:/home/gianni/SD/ros_gz_ws/install/ros_gz_bridge:/home/gianni/SD/ros_gz_ws/install/ros_gz_interfaces:/opt/ros/jazzy/opt/gz_sim_vendor:/opt/ros/jazzy/opt/gz_sensors_vendor:/opt/ros/jazzy/opt/gz_physics_vendor:/opt/ros/jazzy/opt/sdformat_vendor:/opt/ros/jazzy/opt/gz_gui_vendor:/opt/ros/jazzy/opt/gz_transport_vendor:/opt/ros/jazzy/opt/gz_rendering_vendor:/opt/ros/jazzy/opt/gz_plugin_vendor:/opt/ros/jazzy/opt/gz_fuel_tools_vendor:/opt/ros/jazzy/opt/gz_msgs_vendor:/opt/ros/jazzy/opt/gz_common_vendor:/opt/ros/jazzy/opt/gz_math_vendor:/opt/ros/jazzy/opt/gz_utils_vendor:/opt/ros/jazzy/opt/gz_tools_vendor:/opt/ros/jazzy/opt/gz_ogre_next_vendor:/opt/ros/jazzy/opt/gz_dartsim_vendor:/opt/ros/jazzy/opt/gz_cmake_vendor:/opt/ros/jazzy DEBUGINFOD_URLS=https://debuginfod.ubuntu.com LD_LIBRARY_PATH=/home/gianni/SD/px4_ros2_ws/install/apriltag_msgs/lib:/home/gianni/SD/px4_ros2_ws/install/apriltag/lib:${LD_LIBRARY_PATH} PATH=/home/gianni/SD/px4_ros2_ws/install/apriltag/bin:${PATH} PKG_CONFIG_PATH=/home/gianni/SD/px4_ros2_ws/install/apriltag/lib/x86_64-linux-gnu/pkgconfig:/home/gianni/SD/px4_ros2_ws/install/apriltag/lib/pkgconfig PYTHONPATH=/home/gianni/SD/px4_ros2_ws/install/apriltag_msgs/lib/python3.12/site-packages:/home/gianni/SD/px4_ros2_ws/install/apriltag/lib/python3.12/site-packages:${PYTHONPATH} /usr/bin/cmake --build /home/gianni/SD/px4_ros2_ws/build/apriltag_ros -- -j20 -l20
[8.929s] Invoking command in '/home/gianni/SD/px4_ros2_ws/build/apriltag_ros': AMENT_PREFIX_PATH=/home/gianni/SD/px4_ros2_ws/install/apriltag_msgs:${AMENT_PREFIX_PATH} CMAKE_PREFIX_PATH=/home/gianni/SD/px4_ros2_ws/install/apriltag_msgs:/home/gianni/SD/px4_ros2_ws/install/apriltag:/home/gianni/SD/ros_gz_ws/install/test_ros_gz_bridge:/home/gianni/SD/ros_gz_ws/install/ros_gz:/home/gianni/SD/ros_gz_ws/install/ros_gz_sim_demos:/home/gianni/SD/ros_gz_ws/install/ros_gz_sim:/home/gianni/SD/ros_gz_ws/install/ros_gz_image:/home/gianni/SD/ros_gz_ws/install/ros_gz_bridge:/home/gianni/SD/ros_gz_ws/install/ros_gz_interfaces:/opt/ros/jazzy/opt/gz_sim_vendor:/opt/ros/jazzy/opt/gz_sensors_vendor:/opt/ros/jazzy/opt/gz_physics_vendor:/opt/ros/jazzy/opt/sdformat_vendor:/opt/ros/jazzy/opt/gz_gui_vendor:/opt/ros/jazzy/opt/gz_transport_vendor:/opt/ros/jazzy/opt/gz_rendering_vendor:/opt/ros/jazzy/opt/gz_plugin_vendor:/opt/ros/jazzy/opt/gz_fuel_tools_vendor:/opt/ros/jazzy/opt/gz_msgs_vendor:/opt/ros/jazzy/opt/gz_common_vendor:/opt/ros/jazzy/opt/gz_math_vendor:/opt/ros/jazzy/opt/gz_utils_vendor:/opt/ros/jazzy/opt/gz_tools_vendor:/opt/ros/jazzy/opt/gz_ogre_next_vendor:/opt/ros/jazzy/opt/gz_dartsim_vendor:/opt/ros/jazzy/opt/gz_cmake_vendor:/opt/ros/jazzy DEBUGINFOD_URLS=https://debuginfod.ubuntu.com LD_LIBRARY_PATH=/home/gianni/SD/px4_ros2_ws/install/apriltag_msgs/lib:/home/gianni/SD/px4_ros2_ws/install/apriltag/lib:${LD_LIBRARY_PATH} PATH=/home/gianni/SD/px4_ros2_ws/install/apriltag/bin:${PATH} PKG_CONFIG_PATH=/home/gianni/SD/px4_ros2_ws/install/apriltag/lib/x86_64-linux-gnu/pkgconfig:/home/gianni/SD/px4_ros2_ws/install/apriltag/lib/pkgconfig PYTHONPATH=/home/gianni/SD/px4_ros2_ws/install/apriltag_msgs/lib/python3.12/site-packages:/home/gianni/SD/px4_ros2_ws/install/apriltag/lib/python3.12/site-packages:${PYTHONPATH} /usr/bin/cmake --install /home/gianni/SD/px4_ros2_ws/build/apriltag_ros
[8.943s] -- Install configuration: ""
[8.943s] -- Installing: /home/gianni/SD/px4_ros2_ws/install/apriltag_ros/lib/apriltag_ros/apriltag_node
[8.944s] -- Set non-toolchain portion of runtime path of "/home/gianni/SD/px4_ros2_ws/install/apriltag_ros/lib/apriltag_ros/apriltag_node" to ""
[8.944s] -- Installing: /home/gianni/SD/px4_ros2_ws/install/apriltag_ros/share/apriltag_ros/environment/library_path.sh
[8.944s] -- Installing: /home/gianni/SD/px4_ros2_ws/install/apriltag_ros/share/apriltag_ros/environment/library_path.dsv
[8.944s] -- Installing: /home/gianni/SD/px4_ros2_ws/install/apriltag_ros/lib/libAprilTagNode.so
[8.947s] -- Set non-toolchain portion of runtime path of "/home/gianni/SD/px4_ros2_ws/install/apriltag_ros/lib/libAprilTagNode.so" to ""
[8.947s] -- Installing: /home/gianni/SD/px4_ros2_ws/install/apriltag_ros/share/apriltag_ros/cfg
[8.947s] -- Installing: /home/gianni/SD/px4_ros2_ws/install/apriltag_ros/share/apriltag_ros/cfg/tags_36h11.yaml
[8.947s] -- Installing: /home/gianni/SD/px4_ros2_ws/install/apriltag_ros/share/apriltag_ros/launch
[8.947s] -- Installing: /home/gianni/SD/px4_ros2_ws/install/apriltag_ros/share/apriltag_ros/launch/camera_36h11.launch.yml
[8.947s] -- Installing: /home/gianni/SD/px4_ros2_ws/install/apriltag_ros/share/ament_index/resource_index/package_run_dependencies/apriltag_ros
[8.947s] -- Installing: /home/gianni/SD/px4_ros2_ws/install/apriltag_ros/share/ament_index/resource_index/parent_prefix_path/apriltag_ros
[8.947s] -- Installing: /home/gianni/SD/px4_ros2_ws/install/apriltag_ros/share/apriltag_ros/environment/ament_prefix_path.sh
[8.947s] -- Installing: /home/gianni/SD/px4_ros2_ws/install/apriltag_ros/share/apriltag_ros/environment/ament_prefix_path.dsv
[8.948s] -- Installing: /home/gianni/SD/px4_ros2_ws/install/apriltag_ros/share/apriltag_ros/environment/path.sh
[8.948s] -- Installing: /home/gianni/SD/px4_ros2_ws/install/apriltag_ros/share/apriltag_ros/environment/path.dsv
[8.948s] -- Installing: /home/gianni/SD/px4_ros2_ws/install/apriltag_ros/share/apriltag_ros/local_setup.bash
[8.948s] -- Installing: /home/gianni/SD/px4_ros2_ws/install/apriltag_ros/share/apriltag_ros/local_setup.sh
[8.948s] -- Installing: /home/gianni/SD/px4_ros2_ws/install/apriltag_ros/share/apriltag_ros/local_setup.zsh
[8.948s] -- Installing: /home/gianni/SD/px4_ros2_ws/install/apriltag_ros/share/apriltag_ros/local_setup.dsv
[8.948s] -- Installing: /home/gianni/SD/px4_ros2_ws/install/apriltag_ros/share/apriltag_ros/package.dsv
[8.948s] -- Installing: /home/gianni/SD/px4_ros2_ws/install/apriltag_ros/share/ament_index/resource_index/packages/apriltag_ros
[8.948s] -- Installing: /home/gianni/SD/px4_ros2_ws/install/apriltag_ros/share/ament_index/resource_index/rclcpp_components/apriltag_ros
[8.948s] -- Installing: /home/gianni/SD/px4_ros2_ws/install/apriltag_ros/share/apriltag_ros/cmake/apriltag_rosConfig.cmake
[8.948s] -- Installing: /home/gianni/SD/px4_ros2_ws/install/apriltag_ros/share/apriltag_ros/cmake/apriltag_rosConfig-version.cmake
[8.949s] -- Installing: /home/gianni/SD/px4_ros2_ws/install/apriltag_ros/share/apriltag_ros/package.xml
[8.951s] Invoked command in '/home/gianni/SD/px4_ros2_ws/build/apriltag_ros' returned '0': AMENT_PREFIX_PATH=/home/gianni/SD/px4_ros2_ws/install/apriltag_msgs:${AMENT_PREFIX_PATH} CMAKE_PREFIX_PATH=/home/gianni/SD/px4_ros2_ws/install/apriltag_msgs:/home/gianni/SD/px4_ros2_ws/install/apriltag:/home/gianni/SD/ros_gz_ws/install/test_ros_gz_bridge:/home/gianni/SD/ros_gz_ws/install/ros_gz:/home/gianni/SD/ros_gz_ws/install/ros_gz_sim_demos:/home/gianni/SD/ros_gz_ws/install/ros_gz_sim:/home/gianni/SD/ros_gz_ws/install/ros_gz_image:/home/gianni/SD/ros_gz_ws/install/ros_gz_bridge:/home/gianni/SD/ros_gz_ws/install/ros_gz_interfaces:/opt/ros/jazzy/opt/gz_sim_vendor:/opt/ros/jazzy/opt/gz_sensors_vendor:/opt/ros/jazzy/opt/gz_physics_vendor:/opt/ros/jazzy/opt/sdformat_vendor:/opt/ros/jazzy/opt/gz_gui_vendor:/opt/ros/jazzy/opt/gz_transport_vendor:/opt/ros/jazzy/opt/gz_rendering_vendor:/opt/ros/jazzy/opt/gz_plugin_vendor:/opt/ros/jazzy/opt/gz_fuel_tools_vendor:/opt/ros/jazzy/opt/gz_msgs_vendor:/opt/ros/jazzy/opt/gz_common_vendor:/opt/ros/jazzy/opt/gz_math_vendor:/opt/ros/jazzy/opt/gz_utils_vendor:/opt/ros/jazzy/opt/gz_tools_vendor:/opt/ros/jazzy/opt/gz_ogre_next_vendor:/opt/ros/jazzy/opt/gz_dartsim_vendor:/opt/ros/jazzy/opt/gz_cmake_vendor:/opt/ros/jazzy DEBUGINFOD_URLS=https://debuginfod.ubuntu.com LD_LIBRARY_PATH=/home/gianni/SD/px4_ros2_ws/install/apriltag_msgs/lib:/home/gianni/SD/px4_ros2_ws/install/apriltag/lib:${LD_LIBRARY_PATH} PATH=/home/gianni/SD/px4_ros2_ws/install/apriltag/bin:${PATH} PKG_CONFIG_PATH=/home/gianni/SD/px4_ros2_ws/install/apriltag/lib/x86_64-linux-gnu/pkgconfig:/home/gianni/SD/px4_ros2_ws/install/apriltag/lib/pkgconfig PYTHONPATH=/home/gianni/SD/px4_ros2_ws/install/apriltag_msgs/lib/python3.12/site-packages:/home/gianni/SD/px4_ros2_ws/install/apriltag/lib/python3.12/site-packages:${PYTHONPATH} /usr/bin/cmake --install /home/gianni/SD/px4_ros2_ws/build/apriltag_ros
