[0.051s] Invoking command in '/home/gianni/SD/px4_ros2_ws/build/example_local_navigation_cpp': AMENT_PREFIX_PATH=/home/gianni/SD/px4_ros2_ws/install/px4_ros2_cpp:/home/gianni/SD/px4_ros2_ws/install/px4_msgs:${AMENT_PREFIX_PATH} CMAKE_PREFIX_PATH=/home/gianni/SD/px4_ros2_ws/install/px4_ros2_cpp:/home/gianni/SD/px4_ros2_ws/install/px4_msgs:/home/gianni/SD/ros_gz_ws/install/test_ros_gz_bridge:/home/gianni/SD/ros_gz_ws/install/ros_gz:/home/gianni/SD/ros_gz_ws/install/ros_gz_sim_demos:/home/gianni/SD/ros_gz_ws/install/ros_gz_sim:/home/gianni/SD/ros_gz_ws/install/ros_gz_image:/home/gianni/SD/ros_gz_ws/install/ros_gz_bridge:/home/gianni/SD/ros_gz_ws/install/ros_gz_interfaces:/opt/ros/jazzy/opt/gz_sim_vendor:/opt/ros/jazzy/opt/gz_sensors_vendor:/opt/ros/jazzy/opt/gz_physics_vendor:/opt/ros/jazzy/opt/sdformat_vendor:/opt/ros/jazzy/opt/gz_gui_vendor:/opt/ros/jazzy/opt/gz_transport_vendor:/opt/ros/jazzy/opt/gz_rendering_vendor:/opt/ros/jazzy/opt/gz_plugin_vendor:/opt/ros/jazzy/opt/gz_fuel_tools_vendor:/opt/ros/jazzy/opt/gz_msgs_vendor:/opt/ros/jazzy/opt/gz_common_vendor:/opt/ros/jazzy/opt/gz_math_vendor:/opt/ros/jazzy/opt/gz_utils_vendor:/opt/ros/jazzy/opt/gz_tools_vendor:/opt/ros/jazzy/opt/gz_ogre_next_vendor:/opt/ros/jazzy/opt/gz_dartsim_vendor:/opt/ros/jazzy/opt/gz_cmake_vendor:/opt/ros/jazzy DEBUGINFOD_URLS=https://debuginfod.ubuntu.com LD_LIBRARY_PATH=/home/gianni/SD/px4_ros2_ws/install/px4_ros2_cpp/lib:/home/gianni/SD/px4_ros2_ws/install/px4_msgs/lib:${LD_LIBRARY_PATH} PYTHONPATH=/home/gianni/SD/px4_ros2_ws/install/px4_msgs/lib/python3.12/site-packages:${PYTHONPATH} /usr/bin/cmake /home/gianni/SD/px4_ros2_ws/src/px4-ros2-interface-lib/examples/cpp/navigation/local_navigation -DCMAKE_INSTALL_PREFIX=/home/gianni/SD/px4_ros2_ws/install/example_local_navigation_cpp
[0.160s] -- The C compiler identification is GNU 13.3.0
[0.219s] -- The CXX compiler identification is GNU 13.3.0
[0.233s] -- Detecting C compiler ABI info
[0.311s] -- Detecting C compiler ABI info - done
[0.318s] -- Check for working C compiler: /usr/bin/cc - skipped
[0.318s] -- Detecting C compile features
[0.318s] -- Detecting C compile features - done
[0.326s] -- Detecting CXX compiler ABI info
[0.411s] -- Detecting CXX compiler ABI info - done
[0.425s] -- Check for working CXX compiler: /usr/bin/c++ - skipped
[0.425s] -- Detecting CXX compile features
[0.426s] -- Detecting CXX compile features - done
[0.430s] -- Found eigen3_cmake_module: 0.3.0 (/opt/ros/jazzy/share/eigen3_cmake_module/cmake)
[0.442s] -- Found Eigen3: TRUE (found version "3.4.0") 
[0.446s] -- Found ament_cmake: 2.5.4 (/opt/ros/jazzy/share/ament_cmake/cmake)
[0.641s] -- Found Python3: /usr/bin/python3 (found version "3.12.3") found components: Interpreter 
[0.761s] -- Found rclcpp: 28.1.11 (/opt/ros/jazzy/share/rclcpp/cmake)
[0.833s] -- Found rosidl_generator_c: 4.6.6 (/opt/ros/jazzy/share/rosidl_generator_c/cmake)
[0.857s] -- Found rosidl_generator_cpp: 4.6.6 (/opt/ros/jazzy/share/rosidl_generator_cpp/cmake)
[0.884s] -- Using all available rosidl_typesupport_c: rosidl_typesupport_fastrtps_c;rosidl_typesupport_introspection_c
[0.914s] -- Using all available rosidl_typesupport_cpp: rosidl_typesupport_fastrtps_cpp;rosidl_typesupport_introspection_cpp
[1.049s] -- Found rmw_implementation_cmake: 7.3.2 (/opt/ros/jazzy/share/rmw_implementation_cmake/cmake)
[1.055s] -- Found rmw_fastrtps_cpp: 8.4.3 (/opt/ros/jazzy/share/rmw_fastrtps_cpp/cmake)
[1.153s] -- Found OpenSSL: /usr/lib/x86_64-linux-gnu/libcrypto.so (found version "3.0.13")  
[1.171s] -- Found FastRTPS: /opt/ros/jazzy/include (Required is at least version "2.13") 
[1.200s] -- Using RMW implementation 'rmw_fastrtps_cpp' as default
[1.286s] -- Found px4_ros2_cpp: 0.0.1 (/home/gianni/SD/px4_ros2_ws/install/px4_ros2_cpp/share/px4_ros2_cpp/cmake)
[1.304s] -- Found ament_lint_auto: 0.17.3 (/opt/ros/jazzy/share/ament_lint_auto/cmake)
[1.401s] -- Added test 'copyright' to check source files copyright and LICENSE
[1.402s] -- Added test 'cppcheck' to perform static code analysis on C / C++ code
[1.402s] -- Configured cppcheck include dirs: /home/gianni/SD/px4_ros2_ws/src/px4-ros2-interface-lib/examples/cpp/navigation/local_navigation/include
[1.402s] -- Configured cppcheck exclude dirs and/or files: 
[1.403s] -- Added test 'cpplint' to check C / C++ code against the Google style
[1.403s] -- Configured cpplint exclude dirs and/or files: 
[1.403s] -- Added test 'lint_cmake' to check CMake code style
[1.404s] -- Added test 'uncrustify' to check C / C++ code style
[1.404s] -- Configured uncrustify additional arguments: 
[1.405s] -- Added test 'xmllint' to check XML markup files
[1.406s] -- Configuring done (1.3s)
[1.413s] -- Generating done (0.0s)
[1.415s] -- Build files have been written to: /home/gianni/SD/px4_ros2_ws/build/example_local_navigation_cpp
[1.423s] Invoked command in '/home/gianni/SD/px4_ros2_ws/build/example_local_navigation_cpp' returned '0': AMENT_PREFIX_PATH=/home/gianni/SD/px4_ros2_ws/install/px4_ros2_cpp:/home/gianni/SD/px4_ros2_ws/install/px4_msgs:${AMENT_PREFIX_PATH} CMAKE_PREFIX_PATH=/home/gianni/SD/px4_ros2_ws/install/px4_ros2_cpp:/home/gianni/SD/px4_ros2_ws/install/px4_msgs:/home/gianni/SD/ros_gz_ws/install/test_ros_gz_bridge:/home/gianni/SD/ros_gz_ws/install/ros_gz:/home/gianni/SD/ros_gz_ws/install/ros_gz_sim_demos:/home/gianni/SD/ros_gz_ws/install/ros_gz_sim:/home/gianni/SD/ros_gz_ws/install/ros_gz_image:/home/gianni/SD/ros_gz_ws/install/ros_gz_bridge:/home/gianni/SD/ros_gz_ws/install/ros_gz_interfaces:/opt/ros/jazzy/opt/gz_sim_vendor:/opt/ros/jazzy/opt/gz_sensors_vendor:/opt/ros/jazzy/opt/gz_physics_vendor:/opt/ros/jazzy/opt/sdformat_vendor:/opt/ros/jazzy/opt/gz_gui_vendor:/opt/ros/jazzy/opt/gz_transport_vendor:/opt/ros/jazzy/opt/gz_rendering_vendor:/opt/ros/jazzy/opt/gz_plugin_vendor:/opt/ros/jazzy/opt/gz_fuel_tools_vendor:/opt/ros/jazzy/opt/gz_msgs_vendor:/opt/ros/jazzy/opt/gz_common_vendor:/opt/ros/jazzy/opt/gz_math_vendor:/opt/ros/jazzy/opt/gz_utils_vendor:/opt/ros/jazzy/opt/gz_tools_vendor:/opt/ros/jazzy/opt/gz_ogre_next_vendor:/opt/ros/jazzy/opt/gz_dartsim_vendor:/opt/ros/jazzy/opt/gz_cmake_vendor:/opt/ros/jazzy DEBUGINFOD_URLS=https://debuginfod.ubuntu.com LD_LIBRARY_PATH=/home/gianni/SD/px4_ros2_ws/install/px4_ros2_cpp/lib:/home/gianni/SD/px4_ros2_ws/install/px4_msgs/lib:${LD_LIBRARY_PATH} PYTHONPATH=/home/gianni/SD/px4_ros2_ws/install/px4_msgs/lib/python3.12/site-packages:${PYTHONPATH} /usr/bin/cmake /home/gianni/SD/px4_ros2_ws/src/px4-ros2-interface-lib/examples/cpp/navigation/local_navigation -DCMAKE_INSTALL_PREFIX=/home/gianni/SD/px4_ros2_ws/install/example_local_navigation_cpp
[1.424s] Invoking command in '/home/gianni/SD/px4_ros2_ws/build/example_local_navigation_cpp': AMENT_PREFIX_PATH=/home/gianni/SD/px4_ros2_ws/install/px4_ros2_cpp:/home/gianni/SD/px4_ros2_ws/install/px4_msgs:${AMENT_PREFIX_PATH} CMAKE_PREFIX_PATH=/home/gianni/SD/px4_ros2_ws/install/px4_ros2_cpp:/home/gianni/SD/px4_ros2_ws/install/px4_msgs:/home/gianni/SD/ros_gz_ws/install/test_ros_gz_bridge:/home/gianni/SD/ros_gz_ws/install/ros_gz:/home/gianni/SD/ros_gz_ws/install/ros_gz_sim_demos:/home/gianni/SD/ros_gz_ws/install/ros_gz_sim:/home/gianni/SD/ros_gz_ws/install/ros_gz_image:/home/gianni/SD/ros_gz_ws/install/ros_gz_bridge:/home/gianni/SD/ros_gz_ws/install/ros_gz_interfaces:/opt/ros/jazzy/opt/gz_sim_vendor:/opt/ros/jazzy/opt/gz_sensors_vendor:/opt/ros/jazzy/opt/gz_physics_vendor:/opt/ros/jazzy/opt/sdformat_vendor:/opt/ros/jazzy/opt/gz_gui_vendor:/opt/ros/jazzy/opt/gz_transport_vendor:/opt/ros/jazzy/opt/gz_rendering_vendor:/opt/ros/jazzy/opt/gz_plugin_vendor:/opt/ros/jazzy/opt/gz_fuel_tools_vendor:/opt/ros/jazzy/opt/gz_msgs_vendor:/opt/ros/jazzy/opt/gz_common_vendor:/opt/ros/jazzy/opt/gz_math_vendor:/opt/ros/jazzy/opt/gz_utils_vendor:/opt/ros/jazzy/opt/gz_tools_vendor:/opt/ros/jazzy/opt/gz_ogre_next_vendor:/opt/ros/jazzy/opt/gz_dartsim_vendor:/opt/ros/jazzy/opt/gz_cmake_vendor:/opt/ros/jazzy DEBUGINFOD_URLS=https://debuginfod.ubuntu.com LD_LIBRARY_PATH=/home/gianni/SD/px4_ros2_ws/install/px4_ros2_cpp/lib:/home/gianni/SD/px4_ros2_ws/install/px4_msgs/lib:${LD_LIBRARY_PATH} PYTHONPATH=/home/gianni/SD/px4_ros2_ws/install/px4_msgs/lib/python3.12/site-packages:${PYTHONPATH} /usr/bin/cmake --build /home/gianni/SD/px4_ros2_ws/build/example_local_navigation_cpp -- -j20 -l20
[1.485s] [ 50%] [32mBuilding CXX object CMakeFiles/example_local_navigation.dir/src/main.cpp.o[0m
[4.668s] [100%] [32m[1mLinking CXX executable example_local_navigation[0m
[6.879s] [100%] Built target example_local_navigation
[6.896s] Invoked command in '/home/gianni/SD/px4_ros2_ws/build/example_local_navigation_cpp' returned '0': AMENT_PREFIX_PATH=/home/gianni/SD/px4_ros2_ws/install/px4_ros2_cpp:/home/gianni/SD/px4_ros2_ws/install/px4_msgs:${AMENT_PREFIX_PATH} CMAKE_PREFIX_PATH=/home/gianni/SD/px4_ros2_ws/install/px4_ros2_cpp:/home/gianni/SD/px4_ros2_ws/install/px4_msgs:/home/gianni/SD/ros_gz_ws/install/test_ros_gz_bridge:/home/gianni/SD/ros_gz_ws/install/ros_gz:/home/gianni/SD/ros_gz_ws/install/ros_gz_sim_demos:/home/gianni/SD/ros_gz_ws/install/ros_gz_sim:/home/gianni/SD/ros_gz_ws/install/ros_gz_image:/home/gianni/SD/ros_gz_ws/install/ros_gz_bridge:/home/gianni/SD/ros_gz_ws/install/ros_gz_interfaces:/opt/ros/jazzy/opt/gz_sim_vendor:/opt/ros/jazzy/opt/gz_sensors_vendor:/opt/ros/jazzy/opt/gz_physics_vendor:/opt/ros/jazzy/opt/sdformat_vendor:/opt/ros/jazzy/opt/gz_gui_vendor:/opt/ros/jazzy/opt/gz_transport_vendor:/opt/ros/jazzy/opt/gz_rendering_vendor:/opt/ros/jazzy/opt/gz_plugin_vendor:/opt/ros/jazzy/opt/gz_fuel_tools_vendor:/opt/ros/jazzy/opt/gz_msgs_vendor:/opt/ros/jazzy/opt/gz_common_vendor:/opt/ros/jazzy/opt/gz_math_vendor:/opt/ros/jazzy/opt/gz_utils_vendor:/opt/ros/jazzy/opt/gz_tools_vendor:/opt/ros/jazzy/opt/gz_ogre_next_vendor:/opt/ros/jazzy/opt/gz_dartsim_vendor:/opt/ros/jazzy/opt/gz_cmake_vendor:/opt/ros/jazzy DEBUGINFOD_URLS=https://debuginfod.ubuntu.com LD_LIBRARY_PATH=/home/gianni/SD/px4_ros2_ws/install/px4_ros2_cpp/lib:/home/gianni/SD/px4_ros2_ws/install/px4_msgs/lib:${LD_LIBRARY_PATH} PYTHONPATH=/home/gianni/SD/px4_ros2_ws/install/px4_msgs/lib/python3.12/site-packages:${PYTHONPATH} /usr/bin/cmake --build /home/gianni/SD/px4_ros2_ws/build/example_local_navigation_cpp -- -j20 -l20
[6.898s] Invoking command in '/home/gianni/SD/px4_ros2_ws/build/example_local_navigation_cpp': AMENT_PREFIX_PATH=/home/gianni/SD/px4_ros2_ws/install/px4_ros2_cpp:/home/gianni/SD/px4_ros2_ws/install/px4_msgs:${AMENT_PREFIX_PATH} CMAKE_PREFIX_PATH=/home/gianni/SD/px4_ros2_ws/install/px4_ros2_cpp:/home/gianni/SD/px4_ros2_ws/install/px4_msgs:/home/gianni/SD/ros_gz_ws/install/test_ros_gz_bridge:/home/gianni/SD/ros_gz_ws/install/ros_gz:/home/gianni/SD/ros_gz_ws/install/ros_gz_sim_demos:/home/gianni/SD/ros_gz_ws/install/ros_gz_sim:/home/gianni/SD/ros_gz_ws/install/ros_gz_image:/home/gianni/SD/ros_gz_ws/install/ros_gz_bridge:/home/gianni/SD/ros_gz_ws/install/ros_gz_interfaces:/opt/ros/jazzy/opt/gz_sim_vendor:/opt/ros/jazzy/opt/gz_sensors_vendor:/opt/ros/jazzy/opt/gz_physics_vendor:/opt/ros/jazzy/opt/sdformat_vendor:/opt/ros/jazzy/opt/gz_gui_vendor:/opt/ros/jazzy/opt/gz_transport_vendor:/opt/ros/jazzy/opt/gz_rendering_vendor:/opt/ros/jazzy/opt/gz_plugin_vendor:/opt/ros/jazzy/opt/gz_fuel_tools_vendor:/opt/ros/jazzy/opt/gz_msgs_vendor:/opt/ros/jazzy/opt/gz_common_vendor:/opt/ros/jazzy/opt/gz_math_vendor:/opt/ros/jazzy/opt/gz_utils_vendor:/opt/ros/jazzy/opt/gz_tools_vendor:/opt/ros/jazzy/opt/gz_ogre_next_vendor:/opt/ros/jazzy/opt/gz_dartsim_vendor:/opt/ros/jazzy/opt/gz_cmake_vendor:/opt/ros/jazzy DEBUGINFOD_URLS=https://debuginfod.ubuntu.com LD_LIBRARY_PATH=/home/gianni/SD/px4_ros2_ws/install/px4_ros2_cpp/lib:/home/gianni/SD/px4_ros2_ws/install/px4_msgs/lib:${LD_LIBRARY_PATH} PYTHONPATH=/home/gianni/SD/px4_ros2_ws/install/px4_msgs/lib/python3.12/site-packages:${PYTHONPATH} /usr/bin/cmake --install /home/gianni/SD/px4_ros2_ws/build/example_local_navigation_cpp
[6.909s] -- Install configuration: ""
[6.909s] -- Installing: /home/gianni/SD/px4_ros2_ws/install/example_local_navigation_cpp/lib/example_local_navigation_cpp/example_local_navigation
[6.910s] -- Set non-toolchain portion of runtime path of "/home/gianni/SD/px4_ros2_ws/install/example_local_navigation_cpp/lib/example_local_navigation_cpp/example_local_navigation" to ""
[6.910s] -- Installing: /home/gianni/SD/px4_ros2_ws/install/example_local_navigation_cpp/share/ament_index/resource_index/package_run_dependencies/example_local_navigation_cpp
[6.910s] -- Installing: /home/gianni/SD/px4_ros2_ws/install/example_local_navigation_cpp/share/ament_index/resource_index/parent_prefix_path/example_local_navigation_cpp
[6.910s] -- Installing: /home/gianni/SD/px4_ros2_ws/install/example_local_navigation_cpp/share/example_local_navigation_cpp/environment/ament_prefix_path.sh
[6.911s] -- Installing: /home/gianni/SD/px4_ros2_ws/install/example_local_navigation_cpp/share/example_local_navigation_cpp/environment/ament_prefix_path.dsv
[6.911s] -- Installing: /home/gianni/SD/px4_ros2_ws/install/example_local_navigation_cpp/share/example_local_navigation_cpp/environment/path.sh
[6.911s] -- Installing: /home/gianni/SD/px4_ros2_ws/install/example_local_navigation_cpp/share/example_local_navigation_cpp/environment/path.dsv
[6.911s] -- Installing: /home/gianni/SD/px4_ros2_ws/install/example_local_navigation_cpp/share/example_local_navigation_cpp/local_setup.bash
[6.911s] -- Installing: /home/gianni/SD/px4_ros2_ws/install/example_local_navigation_cpp/share/example_local_navigation_cpp/local_setup.sh
[6.912s] -- Installing: /home/gianni/SD/px4_ros2_ws/install/example_local_navigation_cpp/share/example_local_navigation_cpp/local_setup.zsh
[6.912s] -- Installing: /home/gianni/SD/px4_ros2_ws/install/example_local_navigation_cpp/share/example_local_navigation_cpp/local_setup.dsv
[6.912s] -- Installing: /home/gianni/SD/px4_ros2_ws/install/example_local_navigation_cpp/share/example_local_navigation_cpp/package.dsv
[6.912s] -- Installing: /home/gianni/SD/px4_ros2_ws/install/example_local_navigation_cpp/share/ament_index/resource_index/packages/example_local_navigation_cpp
[6.912s] -- Installing: /home/gianni/SD/px4_ros2_ws/install/example_local_navigation_cpp/share/example_local_navigation_cpp/cmake/example_local_navigation_cppConfig.cmake
[6.912s] -- Installing: /home/gianni/SD/px4_ros2_ws/install/example_local_navigation_cpp/share/example_local_navigation_cpp/cmake/example_local_navigation_cppConfig-version.cmake
[6.912s] -- Installing: /home/gianni/SD/px4_ros2_ws/install/example_local_navigation_cpp/share/example_local_navigation_cpp/package.xml
[6.915s] Invoked command in '/home/gianni/SD/px4_ros2_ws/build/example_local_navigation_cpp' returned '0': AMENT_PREFIX_PATH=/home/gianni/SD/px4_ros2_ws/install/px4_ros2_cpp:/home/gianni/SD/px4_ros2_ws/install/px4_msgs:${AMENT_PREFIX_PATH} CMAKE_PREFIX_PATH=/home/gianni/SD/px4_ros2_ws/install/px4_ros2_cpp:/home/gianni/SD/px4_ros2_ws/install/px4_msgs:/home/gianni/SD/ros_gz_ws/install/test_ros_gz_bridge:/home/gianni/SD/ros_gz_ws/install/ros_gz:/home/gianni/SD/ros_gz_ws/install/ros_gz_sim_demos:/home/gianni/SD/ros_gz_ws/install/ros_gz_sim:/home/gianni/SD/ros_gz_ws/install/ros_gz_image:/home/gianni/SD/ros_gz_ws/install/ros_gz_bridge:/home/gianni/SD/ros_gz_ws/install/ros_gz_interfaces:/opt/ros/jazzy/opt/gz_sim_vendor:/opt/ros/jazzy/opt/gz_sensors_vendor:/opt/ros/jazzy/opt/gz_physics_vendor:/opt/ros/jazzy/opt/sdformat_vendor:/opt/ros/jazzy/opt/gz_gui_vendor:/opt/ros/jazzy/opt/gz_transport_vendor:/opt/ros/jazzy/opt/gz_rendering_vendor:/opt/ros/jazzy/opt/gz_plugin_vendor:/opt/ros/jazzy/opt/gz_fuel_tools_vendor:/opt/ros/jazzy/opt/gz_msgs_vendor:/opt/ros/jazzy/opt/gz_common_vendor:/opt/ros/jazzy/opt/gz_math_vendor:/opt/ros/jazzy/opt/gz_utils_vendor:/opt/ros/jazzy/opt/gz_tools_vendor:/opt/ros/jazzy/opt/gz_ogre_next_vendor:/opt/ros/jazzy/opt/gz_dartsim_vendor:/opt/ros/jazzy/opt/gz_cmake_vendor:/opt/ros/jazzy DEBUGINFOD_URLS=https://debuginfod.ubuntu.com LD_LIBRARY_PATH=/home/gianni/SD/px4_ros2_ws/install/px4_ros2_cpp/lib:/home/gianni/SD/px4_ros2_ws/install/px4_msgs/lib:${LD_LIBRARY_PATH} PYTHONPATH=/home/gianni/SD/px4_ros2_ws/install/px4_msgs/lib/python3.12/site-packages:${PYTHONPATH} /usr/bin/cmake --install /home/gianni/SD/px4_ros2_ws/build/example_local_navigation_cpp
