[0.012s] Invoking command in '/home/gianni/SD/px4_ros2_ws/build/px4_ros2_cpp': CMAKE_PREFIX_PATH=/home/gianni/SD/px4_ros2_ws/install/px4_msgs:/opt/ros/jazzy/opt/gz_sim_vendor:/opt/ros/jazzy/opt/gz_sensors_vendor:/opt/ros/jazzy/opt/gz_physics_vendor:/opt/ros/jazzy/opt/sdformat_vendor:/opt/ros/jazzy/opt/gz_gui_vendor:/opt/ros/jazzy/opt/gz_transport_vendor:/opt/ros/jazzy/opt/gz_rendering_vendor:/opt/ros/jazzy/opt/gz_plugin_vendor:/opt/ros/jazzy/opt/gz_fuel_tools_vendor:/opt/ros/jazzy/opt/gz_msgs_vendor:/opt/ros/jazzy/opt/gz_common_vendor:/opt/ros/jazzy/opt/gz_tools_vendor:/opt/ros/jazzy/opt/gz_ogre_next_vendor:/opt/ros/jazzy/opt/gz_dartsim_vendor:/home/gianni/SD/px4_ros2_ws/install/px4_ros_com:/home/gianni/SD/px4_ros2_ws/install/example_rover_velocity_mode_cpp:/home/gianni/SD/px4_ros2_ws/install/example_mode_with_executor_cpp:/home/gianni/SD/px4_ros2_ws/install/example_mode_vtol_cpp:/home/gianni/SD/px4_ros2_ws/install/example_mode_rtl_replacement_cpp:/home/gianni/SD/px4_ros2_ws/install/example_mode_mission_cpp:/home/gianni/SD/px4_ros2_ws/install/example_mode_manual_cpp:/home/gianni/SD/px4_ros2_ws/install/example_mode_goto_global_cpp:/home/gianni/SD/px4_ros2_ws/install/example_mode_goto_cpp:/home/gianni/SD/px4_ros2_ws/install/example_mode_fw_attitude_cpp:/home/gianni/SD/px4_ros2_ws/install/example_local_navigation_cpp:/home/gianni/SD/px4_ros2_ws/install/example_global_navigation_cpp:/home/gianni/SD/px4_ros2_ws/install/example_executor_with_multiple_modes_cpp:/home/gianni/SD/px4_ros2_ws/install/autonocat_mission_cpp:/home/gianni/SD/px4_ros2_ws/install/px4_ros2_cpp:/home/gianni/SD/px4_ros2_ws/install/apriltag_ros:/home/gianni/SD/px4_ros2_ws/install/apriltag_msgs:/home/gianni/SD/px4_ros2_ws/install/apriltag:/home/gianni/SD/ros_gz_ws/install/test_ros_gz_bridge:/home/gianni/SD/ros_gz_ws/install/ros_gz:/home/gianni/SD/ros_gz_ws/install/ros_gz_sim_demos:/home/gianni/SD/ros_gz_ws/install/ros_gz_sim:/home/gianni/SD/ros_gz_ws/install/ros_gz_image:/home/gianni/SD/ros_gz_ws/install/ros_gz_bridge:/home/gianni/SD/ros_gz_ws/install/ros_gz_interfaces:/opt/ros/jazzy/opt/gz_math_vendor:/opt/ros/jazzy/opt/gz_utils_vendor:/opt/ros/jazzy/opt/gz_cmake_vendor:/opt/ros/jazzy DEBUGINFOD_URLS=https://debuginfod.ubuntu.com LD_LIBRARY_PATH=/home/gianni/SD/px4_ros2_ws/install/px4_msgs/lib:/opt/ros/jazzy/opt/gz_sim_vendor/lib:/opt/ros/jazzy/opt/gz_sensors_vendor/lib:/opt/ros/jazzy/opt/gz_physics_vendor/lib:/opt/ros/jazzy/opt/sdformat_vendor/lib:/opt/ros/jazzy/opt/gz_gui_vendor/lib:/opt/ros/jazzy/opt/gz_transport_vendor/lib:/opt/ros/jazzy/opt/gz_rendering_vendor/lib:/opt/ros/jazzy/opt/gz_plugin_vendor/lib:/opt/ros/jazzy/opt/gz_fuel_tools_vendor/lib:/opt/ros/jazzy/opt/gz_msgs_vendor/lib:/opt/ros/jazzy/opt/gz_common_vendor/lib:/opt/ros/jazzy/opt/gz_tools_vendor/lib:/opt/ros/jazzy/opt/gz_ogre_next_vendor/lib:/opt/ros/jazzy/opt/gz_dartsim_vendor/lib:/home/gianni/SD/px4_ros2_ws/install/px4_ros_com/lib:/home/gianni/SD/px4_ros2_ws/install/px4_ros2_cpp/lib:/home/gianni/SD/px4_ros2_ws/install/apriltag_ros/lib:/home/gianni/SD/px4_ros2_ws/install/apriltag_msgs/lib:/home/gianni/SD/px4_ros2_ws/install/apriltag/lib:/home/gianni/SD/ros_gz_ws/install/ros_gz_sim/lib:/home/gianni/SD/ros_gz_ws/install/ros_gz_bridge/lib:/home/gianni/SD/ros_gz_ws/install/ros_gz_interfaces/lib:/usr/local/lib:/opt/ros/jazzy/opt/rviz_ogre_vendor/lib:/opt/ros/jazzy/lib/x86_64-linux-gnu:/opt/ros/jazzy/opt/gz_math_vendor/lib:/opt/ros/jazzy/opt/gz_utils_vendor/lib:/opt/ros/jazzy/opt/gz_cmake_vendor/lib:/opt/ros/jazzy/lib PYTHONPATH=/home/gianni/SD/px4_ros2_ws/install/px4_msgs/lib/python3.12/site-packages:/home/gianni/SD/px4_ros2_ws/install/px4_ros_com/lib/python3.12/site-packages:/home/gianni/SD/px4_ros2_ws/install/apriltag_msgs/lib/python3.12/site-packages:/home/gianni/SD/px4_ros2_ws/install/apriltag/lib/python3.12/site-packages:/home/gianni/SD/ros_gz_ws/install/ros_gz_sim/lib/python3.12/site-packages:/home/gianni/SD/ros_gz_ws/install/ros_gz_bridge/lib/python3.12/site-packages:/home/gianni/SD/ros_gz_ws/install/ros_gz_interfaces/lib/python3.12/site-packages:/opt/ros/jazzy/lib/python3.12/site-packages /usr/bin/cmake --build /home/gianni/SD/px4_ros2_ws/build/px4_ros2_cpp -- -j20 -l20
[0.098s] [  3%] Built target gtest_main
[0.103s] [  6%] Built target gtest
[0.104s] [  7%] Built target generate_px4_header
[0.108s] [ 10%] Built target integration_utils
[0.114s] [ 13%] Built target unit_utils
[0.191s] [ 71%] Built target px4_ros2_cpp
[0.231s] [ 87%] Built target px4_ros2_cpp_unit_tests
[0.237s] [100%] Built target integration_tests
[0.246s] Invoked command in '/home/gianni/SD/px4_ros2_ws/build/px4_ros2_cpp' returned '0': CMAKE_PREFIX_PATH=/home/gianni/SD/px4_ros2_ws/install/px4_msgs:/opt/ros/jazzy/opt/gz_sim_vendor:/opt/ros/jazzy/opt/gz_sensors_vendor:/opt/ros/jazzy/opt/gz_physics_vendor:/opt/ros/jazzy/opt/sdformat_vendor:/opt/ros/jazzy/opt/gz_gui_vendor:/opt/ros/jazzy/opt/gz_transport_vendor:/opt/ros/jazzy/opt/gz_rendering_vendor:/opt/ros/jazzy/opt/gz_plugin_vendor:/opt/ros/jazzy/opt/gz_fuel_tools_vendor:/opt/ros/jazzy/opt/gz_msgs_vendor:/opt/ros/jazzy/opt/gz_common_vendor:/opt/ros/jazzy/opt/gz_tools_vendor:/opt/ros/jazzy/opt/gz_ogre_next_vendor:/opt/ros/jazzy/opt/gz_dartsim_vendor:/home/gianni/SD/px4_ros2_ws/install/px4_ros_com:/home/gianni/SD/px4_ros2_ws/install/example_rover_velocity_mode_cpp:/home/gianni/SD/px4_ros2_ws/install/example_mode_with_executor_cpp:/home/gianni/SD/px4_ros2_ws/install/example_mode_vtol_cpp:/home/gianni/SD/px4_ros2_ws/install/example_mode_rtl_replacement_cpp:/home/gianni/SD/px4_ros2_ws/install/example_mode_mission_cpp:/home/gianni/SD/px4_ros2_ws/install/example_mode_manual_cpp:/home/gianni/SD/px4_ros2_ws/install/example_mode_goto_global_cpp:/home/gianni/SD/px4_ros2_ws/install/example_mode_goto_cpp:/home/gianni/SD/px4_ros2_ws/install/example_mode_fw_attitude_cpp:/home/gianni/SD/px4_ros2_ws/install/example_local_navigation_cpp:/home/gianni/SD/px4_ros2_ws/install/example_global_navigation_cpp:/home/gianni/SD/px4_ros2_ws/install/example_executor_with_multiple_modes_cpp:/home/gianni/SD/px4_ros2_ws/install/autonocat_mission_cpp:/home/gianni/SD/px4_ros2_ws/install/px4_ros2_cpp:/home/gianni/SD/px4_ros2_ws/install/apriltag_ros:/home/gianni/SD/px4_ros2_ws/install/apriltag_msgs:/home/gianni/SD/px4_ros2_ws/install/apriltag:/home/gianni/SD/ros_gz_ws/install/test_ros_gz_bridge:/home/gianni/SD/ros_gz_ws/install/ros_gz:/home/gianni/SD/ros_gz_ws/install/ros_gz_sim_demos:/home/gianni/SD/ros_gz_ws/install/ros_gz_sim:/home/gianni/SD/ros_gz_ws/install/ros_gz_image:/home/gianni/SD/ros_gz_ws/install/ros_gz_bridge:/home/gianni/SD/ros_gz_ws/install/ros_gz_interfaces:/opt/ros/jazzy/opt/gz_math_vendor:/opt/ros/jazzy/opt/gz_utils_vendor:/opt/ros/jazzy/opt/gz_cmake_vendor:/opt/ros/jazzy DEBUGINFOD_URLS=https://debuginfod.ubuntu.com LD_LIBRARY_PATH=/home/gianni/SD/px4_ros2_ws/install/px4_msgs/lib:/opt/ros/jazzy/opt/gz_sim_vendor/lib:/opt/ros/jazzy/opt/gz_sensors_vendor/lib:/opt/ros/jazzy/opt/gz_physics_vendor/lib:/opt/ros/jazzy/opt/sdformat_vendor/lib:/opt/ros/jazzy/opt/gz_gui_vendor/lib:/opt/ros/jazzy/opt/gz_transport_vendor/lib:/opt/ros/jazzy/opt/gz_rendering_vendor/lib:/opt/ros/jazzy/opt/gz_plugin_vendor/lib:/opt/ros/jazzy/opt/gz_fuel_tools_vendor/lib:/opt/ros/jazzy/opt/gz_msgs_vendor/lib:/opt/ros/jazzy/opt/gz_common_vendor/lib:/opt/ros/jazzy/opt/gz_tools_vendor/lib:/opt/ros/jazzy/opt/gz_ogre_next_vendor/lib:/opt/ros/jazzy/opt/gz_dartsim_vendor/lib:/home/gianni/SD/px4_ros2_ws/install/px4_ros_com/lib:/home/gianni/SD/px4_ros2_ws/install/px4_ros2_cpp/lib:/home/gianni/SD/px4_ros2_ws/install/apriltag_ros/lib:/home/gianni/SD/px4_ros2_ws/install/apriltag_msgs/lib:/home/gianni/SD/px4_ros2_ws/install/apriltag/lib:/home/gianni/SD/ros_gz_ws/install/ros_gz_sim/lib:/home/gianni/SD/ros_gz_ws/install/ros_gz_bridge/lib:/home/gianni/SD/ros_gz_ws/install/ros_gz_interfaces/lib:/usr/local/lib:/opt/ros/jazzy/opt/rviz_ogre_vendor/lib:/opt/ros/jazzy/lib/x86_64-linux-gnu:/opt/ros/jazzy/opt/gz_math_vendor/lib:/opt/ros/jazzy/opt/gz_utils_vendor/lib:/opt/ros/jazzy/opt/gz_cmake_vendor/lib:/opt/ros/jazzy/lib PYTHONPATH=/home/gianni/SD/px4_ros2_ws/install/px4_msgs/lib/python3.12/site-packages:/home/gianni/SD/px4_ros2_ws/install/px4_ros_com/lib/python3.12/site-packages:/home/gianni/SD/px4_ros2_ws/install/apriltag_msgs/lib/python3.12/site-packages:/home/gianni/SD/px4_ros2_ws/install/apriltag/lib/python3.12/site-packages:/home/gianni/SD/ros_gz_ws/install/ros_gz_sim/lib/python3.12/site-packages:/home/gianni/SD/ros_gz_ws/install/ros_gz_bridge/lib/python3.12/site-packages:/home/gianni/SD/ros_gz_ws/install/ros_gz_interfaces/lib/python3.12/site-packages:/opt/ros/jazzy/lib/python3.12/site-packages /usr/bin/cmake --build /home/gianni/SD/px4_ros2_ws/build/px4_ros2_cpp -- -j20 -l20
[0.248s] Invoking command in '/home/gianni/SD/px4_ros2_ws/build/px4_ros2_cpp': CMAKE_PREFIX_PATH=/home/gianni/SD/px4_ros2_ws/install/px4_msgs:/opt/ros/jazzy/opt/gz_sim_vendor:/opt/ros/jazzy/opt/gz_sensors_vendor:/opt/ros/jazzy/opt/gz_physics_vendor:/opt/ros/jazzy/opt/sdformat_vendor:/opt/ros/jazzy/opt/gz_gui_vendor:/opt/ros/jazzy/opt/gz_transport_vendor:/opt/ros/jazzy/opt/gz_rendering_vendor:/opt/ros/jazzy/opt/gz_plugin_vendor:/opt/ros/jazzy/opt/gz_fuel_tools_vendor:/opt/ros/jazzy/opt/gz_msgs_vendor:/opt/ros/jazzy/opt/gz_common_vendor:/opt/ros/jazzy/opt/gz_tools_vendor:/opt/ros/jazzy/opt/gz_ogre_next_vendor:/opt/ros/jazzy/opt/gz_dartsim_vendor:/home/gianni/SD/px4_ros2_ws/install/px4_ros_com:/home/gianni/SD/px4_ros2_ws/install/example_rover_velocity_mode_cpp:/home/gianni/SD/px4_ros2_ws/install/example_mode_with_executor_cpp:/home/gianni/SD/px4_ros2_ws/install/example_mode_vtol_cpp:/home/gianni/SD/px4_ros2_ws/install/example_mode_rtl_replacement_cpp:/home/gianni/SD/px4_ros2_ws/install/example_mode_mission_cpp:/home/gianni/SD/px4_ros2_ws/install/example_mode_manual_cpp:/home/gianni/SD/px4_ros2_ws/install/example_mode_goto_global_cpp:/home/gianni/SD/px4_ros2_ws/install/example_mode_goto_cpp:/home/gianni/SD/px4_ros2_ws/install/example_mode_fw_attitude_cpp:/home/gianni/SD/px4_ros2_ws/install/example_local_navigation_cpp:/home/gianni/SD/px4_ros2_ws/install/example_global_navigation_cpp:/home/gianni/SD/px4_ros2_ws/install/example_executor_with_multiple_modes_cpp:/home/gianni/SD/px4_ros2_ws/install/autonocat_mission_cpp:/home/gianni/SD/px4_ros2_ws/install/px4_ros2_cpp:/home/gianni/SD/px4_ros2_ws/install/apriltag_ros:/home/gianni/SD/px4_ros2_ws/install/apriltag_msgs:/home/gianni/SD/px4_ros2_ws/install/apriltag:/home/gianni/SD/ros_gz_ws/install/test_ros_gz_bridge:/home/gianni/SD/ros_gz_ws/install/ros_gz:/home/gianni/SD/ros_gz_ws/install/ros_gz_sim_demos:/home/gianni/SD/ros_gz_ws/install/ros_gz_sim:/home/gianni/SD/ros_gz_ws/install/ros_gz_image:/home/gianni/SD/ros_gz_ws/install/ros_gz_bridge:/home/gianni/SD/ros_gz_ws/install/ros_gz_interfaces:/opt/ros/jazzy/opt/gz_math_vendor:/opt/ros/jazzy/opt/gz_utils_vendor:/opt/ros/jazzy/opt/gz_cmake_vendor:/opt/ros/jazzy DEBUGINFOD_URLS=https://debuginfod.ubuntu.com LD_LIBRARY_PATH=/home/gianni/SD/px4_ros2_ws/install/px4_msgs/lib:/opt/ros/jazzy/opt/gz_sim_vendor/lib:/opt/ros/jazzy/opt/gz_sensors_vendor/lib:/opt/ros/jazzy/opt/gz_physics_vendor/lib:/opt/ros/jazzy/opt/sdformat_vendor/lib:/opt/ros/jazzy/opt/gz_gui_vendor/lib:/opt/ros/jazzy/opt/gz_transport_vendor/lib:/opt/ros/jazzy/opt/gz_rendering_vendor/lib:/opt/ros/jazzy/opt/gz_plugin_vendor/lib:/opt/ros/jazzy/opt/gz_fuel_tools_vendor/lib:/opt/ros/jazzy/opt/gz_msgs_vendor/lib:/opt/ros/jazzy/opt/gz_common_vendor/lib:/opt/ros/jazzy/opt/gz_tools_vendor/lib:/opt/ros/jazzy/opt/gz_ogre_next_vendor/lib:/opt/ros/jazzy/opt/gz_dartsim_vendor/lib:/home/gianni/SD/px4_ros2_ws/install/px4_ros_com/lib:/home/gianni/SD/px4_ros2_ws/install/px4_ros2_cpp/lib:/home/gianni/SD/px4_ros2_ws/install/apriltag_ros/lib:/home/gianni/SD/px4_ros2_ws/install/apriltag_msgs/lib:/home/gianni/SD/px4_ros2_ws/install/apriltag/lib:/home/gianni/SD/ros_gz_ws/install/ros_gz_sim/lib:/home/gianni/SD/ros_gz_ws/install/ros_gz_bridge/lib:/home/gianni/SD/ros_gz_ws/install/ros_gz_interfaces/lib:/usr/local/lib:/opt/ros/jazzy/opt/rviz_ogre_vendor/lib:/opt/ros/jazzy/lib/x86_64-linux-gnu:/opt/ros/jazzy/opt/gz_math_vendor/lib:/opt/ros/jazzy/opt/gz_utils_vendor/lib:/opt/ros/jazzy/opt/gz_cmake_vendor/lib:/opt/ros/jazzy/lib PYTHONPATH=/home/gianni/SD/px4_ros2_ws/install/px4_msgs/lib/python3.12/site-packages:/home/gianni/SD/px4_ros2_ws/install/px4_ros_com/lib/python3.12/site-packages:/home/gianni/SD/px4_ros2_ws/install/apriltag_msgs/lib/python3.12/site-packages:/home/gianni/SD/px4_ros2_ws/install/apriltag/lib/python3.12/site-packages:/home/gianni/SD/ros_gz_ws/install/ros_gz_sim/lib/python3.12/site-packages:/home/gianni/SD/ros_gz_ws/install/ros_gz_bridge/lib/python3.12/site-packages:/home/gianni/SD/ros_gz_ws/install/ros_gz_interfaces/lib/python3.12/site-packages:/opt/ros/jazzy/lib/python3.12/site-packages /usr/bin/cmake --install /home/gianni/SD/px4_ros2_ws/build/px4_ros2_cpp
[0.254s] -- Install configuration: ""
[0.254s] -- Up-to-date: /home/gianni/SD/px4_ros2_ws/install/px4_ros2_cpp/share/px4_ros2_cpp/environment/library_path.sh
[0.254s] -- Up-to-date: /home/gianni/SD/px4_ros2_ws/install/px4_ros2_cpp/share/px4_ros2_cpp/environment/library_path.dsv
[0.254s] -- Up-to-date: /home/gianni/SD/px4_ros2_ws/install/px4_ros2_cpp/include/px4_ros2
[0.254s] -- Up-to-date: /home/gianni/SD/px4_ros2_ws/install/px4_ros2_cpp/include/px4_ros2/components
[0.255s] -- Up-to-date: /home/gianni/SD/px4_ros2_ws/install/px4_ros2_cpp/include/px4_ros2/components/mode_executor.hpp
[0.255s] -- Up-to-date: /home/gianni/SD/px4_ros2_ws/install/px4_ros2_cpp/include/px4_ros2/components/message_compatibility_check.hpp
[0.255s] -- Up-to-date: /home/gianni/SD/px4_ros2_ws/install/px4_ros2_cpp/include/px4_ros2/components/health_and_arming_checks.hpp
[0.255s] -- Up-to-date: /home/gianni/SD/px4_ros2_ws/install/px4_ros2_cpp/include/px4_ros2/components/groups.dox
[0.255s] -- Up-to-date: /home/gianni/SD/px4_ros2_ws/install/px4_ros2_cpp/include/px4_ros2/components/events.hpp
[0.255s] -- Up-to-date: /home/gianni/SD/px4_ros2_ws/install/px4_ros2_cpp/include/px4_ros2/components/wait_for_fmu.hpp
[0.256s] -- Up-to-date: /home/gianni/SD/px4_ros2_ws/install/px4_ros2_cpp/include/px4_ros2/components/mode.hpp
[0.256s] -- Up-to-date: /home/gianni/SD/px4_ros2_ws/install/px4_ros2_cpp/include/px4_ros2/components/node_with_mode.hpp
[0.256s] -- Up-to-date: /home/gianni/SD/px4_ros2_ws/install/px4_ros2_cpp/include/px4_ros2/components/manual_control_input.hpp
[0.256s] -- Up-to-date: /home/gianni/SD/px4_ros2_ws/install/px4_ros2_cpp/include/px4_ros2/components/overrides.hpp
[0.256s] -- Up-to-date: /home/gianni/SD/px4_ros2_ws/install/px4_ros2_cpp/include/px4_ros2/vehicle_state
[0.256s] -- Up-to-date: /home/gianni/SD/px4_ros2_ws/install/px4_ros2_cpp/include/px4_ros2/vehicle_state/battery.hpp
[0.256s] -- Up-to-date: /home/gianni/SD/px4_ros2_ws/install/px4_ros2_cpp/include/px4_ros2/vehicle_state/land_detected.hpp
[0.256s] -- Up-to-date: /home/gianni/SD/px4_ros2_ws/install/px4_ros2_cpp/include/px4_ros2/vehicle_state/groups.dox
[0.256s] -- Up-to-date: /home/gianni/SD/px4_ros2_ws/install/px4_ros2_cpp/include/px4_ros2/vehicle_state/home_position.hpp
[0.256s] -- Up-to-date: /home/gianni/SD/px4_ros2_ws/install/px4_ros2_cpp/include/px4_ros2/vehicle_state/vtol_status.hpp
[0.256s] -- Up-to-date: /home/gianni/SD/px4_ros2_ws/install/px4_ros2_cpp/include/px4_ros2/vehicle_state/vehicle_status.hpp
[0.256s] -- Up-to-date: /home/gianni/SD/px4_ros2_ws/install/px4_ros2_cpp/include/px4_ros2/utils
[0.256s] -- Up-to-date: /home/gianni/SD/px4_ros2_ws/install/px4_ros2_cpp/include/px4_ros2/utils/subscription.hpp
[0.256s] -- Up-to-date: /home/gianni/SD/px4_ros2_ws/install/px4_ros2_cpp/include/px4_ros2/utils/groups.dox
[0.256s] -- Up-to-date: /home/gianni/SD/px4_ros2_ws/install/px4_ros2_cpp/include/px4_ros2/utils/geometry.hpp
[0.256s] -- Up-to-date: /home/gianni/SD/px4_ros2_ws/install/px4_ros2_cpp/include/px4_ros2/utils/message_version.hpp
[0.256s] -- Up-to-date: /home/gianni/SD/px4_ros2_ws/install/px4_ros2_cpp/include/px4_ros2/utils/visit.hpp
[0.256s] -- Up-to-date: /home/gianni/SD/px4_ros2_ws/install/px4_ros2_cpp/include/px4_ros2/utils/frame_conversion.hpp
[0.256s] -- Up-to-date: /home/gianni/SD/px4_ros2_ws/install/px4_ros2_cpp/include/px4_ros2/utils/geodesic.hpp
[0.257s] -- Up-to-date: /home/gianni/SD/px4_ros2_ws/install/px4_ros2_cpp/include/px4_ros2/third_party
[0.257s] -- Up-to-date: /home/gianni/SD/px4_ros2_ws/install/px4_ros2_cpp/include/px4_ros2/third_party/nlohmann
[0.257s] -- Up-to-date: /home/gianni/SD/px4_ros2_ws/install/px4_ros2_cpp/include/px4_ros2/third_party/nlohmann/json_fwd.hpp
[0.257s] -- Up-to-date: /home/gianni/SD/px4_ros2_ws/install/px4_ros2_cpp/include/px4_ros2/third_party/nlohmann/json.hpp
[0.257s] -- Up-to-date: /home/gianni/SD/px4_ros2_ws/install/px4_ros2_cpp/include/px4_ros2/odometry
[0.257s] -- Up-to-date: /home/gianni/SD/px4_ros2_ws/install/px4_ros2_cpp/include/px4_ros2/odometry/attitude.hpp
[0.257s] -- Up-to-date: /home/gianni/SD/px4_ros2_ws/install/px4_ros2_cpp/include/px4_ros2/odometry/global_position.hpp
[0.257s] -- Up-to-date: /home/gianni/SD/px4_ros2_ws/install/px4_ros2_cpp/include/px4_ros2/odometry/angular_velocity.hpp
[0.257s] -- Up-to-date: /home/gianni/SD/px4_ros2_ws/install/px4_ros2_cpp/include/px4_ros2/odometry/groups.dox
[0.257s] -- Up-to-date: /home/gianni/SD/px4_ros2_ws/install/px4_ros2_cpp/include/px4_ros2/odometry/local_position.hpp
[0.257s] -- Up-to-date: /home/gianni/SD/px4_ros2_ws/install/px4_ros2_cpp/include/px4_ros2/odometry/airspeed.hpp
[0.257s] -- Up-to-date: /home/gianni/SD/px4_ros2_ws/install/px4_ros2_cpp/include/px4_ros2/control
[0.257s] -- Up-to-date: /home/gianni/SD/px4_ros2_ws/install/px4_ros2_cpp/include/px4_ros2/control/groups.dox
[0.257s] -- Up-to-date: /home/gianni/SD/px4_ros2_ws/install/px4_ros2_cpp/include/px4_ros2/control/vtol.hpp
[0.257s] -- Up-to-date: /home/gianni/SD/px4_ros2_ws/install/px4_ros2_cpp/include/px4_ros2/control/setpoint_types
[0.257s] -- Up-to-date: /home/gianni/SD/px4_ros2_ws/install/px4_ros2_cpp/include/px4_ros2/control/setpoint_types/multicopter
[0.257s] -- Up-to-date: /home/gianni/SD/px4_ros2_ws/install/px4_ros2_cpp/include/px4_ros2/control/setpoint_types/multicopter/goto.hpp
[0.257s] -- Up-to-date: /home/gianni/SD/px4_ros2_ws/install/px4_ros2_cpp/include/px4_ros2/control/setpoint_types/direct_actuators.hpp
[0.257s] -- Up-to-date: /home/gianni/SD/px4_ros2_ws/install/px4_ros2_cpp/include/px4_ros2/control/setpoint_types/experimental
[0.257s] -- Up-to-date: /home/gianni/SD/px4_ros2_ws/install/px4_ros2_cpp/include/px4_ros2/control/setpoint_types/experimental/attitude.hpp
[0.257s] -- Up-to-date: /home/gianni/SD/px4_ros2_ws/install/px4_ros2_cpp/include/px4_ros2/control/setpoint_types/experimental/rover
[0.257s] -- Up-to-date: /home/gianni/SD/px4_ros2_ws/install/px4_ros2_cpp/include/px4_ros2/control/setpoint_types/experimental/rover/throttle_steering.hpp
[0.258s] -- Up-to-date: /home/gianni/SD/px4_ros2_ws/install/px4_ros2_cpp/include/px4_ros2/control/setpoint_types/experimental/rover/throttle_rate.hpp
[0.258s] -- Up-to-date: /home/gianni/SD/px4_ros2_ws/install/px4_ros2_cpp/include/px4_ros2/control/setpoint_types/experimental/rover/position.hpp
[0.258s] -- Up-to-date: /home/gianni/SD/px4_ros2_ws/install/px4_ros2_cpp/include/px4_ros2/control/setpoint_types/experimental/rover/speed_rate.hpp
[0.258s] -- Up-to-date: /home/gianni/SD/px4_ros2_ws/install/px4_ros2_cpp/include/px4_ros2/control/setpoint_types/experimental/rover/speed_attitude.hpp
[0.258s] -- Up-to-date: /home/gianni/SD/px4_ros2_ws/install/px4_ros2_cpp/include/px4_ros2/control/setpoint_types/experimental/rover/speed_steering.hpp
[0.258s] -- Up-to-date: /home/gianni/SD/px4_ros2_ws/install/px4_ros2_cpp/include/px4_ros2/control/setpoint_types/experimental/rover/throttle_attitude.hpp
[0.258s] -- Up-to-date: /home/gianni/SD/px4_ros2_ws/install/px4_ros2_cpp/include/px4_ros2/control/setpoint_types/experimental/trajectory.hpp
[0.258s] -- Up-to-date: /home/gianni/SD/px4_ros2_ws/install/px4_ros2_cpp/include/px4_ros2/control/setpoint_types/experimental/rates.hpp
[0.258s] -- Up-to-date: /home/gianni/SD/px4_ros2_ws/install/px4_ros2_cpp/include/px4_ros2/control/setpoint_types/groups.dox
[0.258s] -- Up-to-date: /home/gianni/SD/px4_ros2_ws/install/px4_ros2_cpp/include/px4_ros2/control/setpoint_types/fixedwing
[0.258s] -- Up-to-date: /home/gianni/SD/px4_ros2_ws/install/px4_ros2_cpp/include/px4_ros2/control/setpoint_types/fixedwing/lateral_longitudinal.hpp
[0.258s] -- Up-to-date: /home/gianni/SD/px4_ros2_ws/install/px4_ros2_cpp/include/px4_ros2/control/peripheral_actuators.hpp
[0.258s] -- Up-to-date: /home/gianni/SD/px4_ros2_ws/install/px4_ros2_cpp/include/px4_ros2/common
[0.259s] -- Up-to-date: /home/gianni/SD/px4_ros2_ws/install/px4_ros2_cpp/include/px4_ros2/common/setpoint_base.hpp
[0.259s] -- Up-to-date: /home/gianni/SD/px4_ros2_ws/install/px4_ros2_cpp/include/px4_ros2/common/exception.hpp
[0.259s] -- Up-to-date: /home/gianni/SD/px4_ros2_ws/install/px4_ros2_cpp/include/px4_ros2/common/requirement_flags.hpp
[0.259s] -- Up-to-date: /home/gianni/SD/px4_ros2_ws/install/px4_ros2_cpp/include/px4_ros2/common/frame.hpp
[0.259s] -- Up-to-date: /home/gianni/SD/px4_ros2_ws/install/px4_ros2_cpp/include/px4_ros2/common/context.hpp
[0.259s] -- Up-to-date: /home/gianni/SD/px4_ros2_ws/install/px4_ros2_cpp/include/px4_ros2/mission
[0.259s] -- Up-to-date: /home/gianni/SD/px4_ros2_ws/install/px4_ros2_cpp/include/px4_ros2/mission/mission.hpp
[0.259s] -- Up-to-date: /home/gianni/SD/px4_ros2_ws/install/px4_ros2_cpp/include/px4_ros2/mission/trajectory
[0.259s] -- Up-to-date: /home/gianni/SD/px4_ros2_ws/install/px4_ros2_cpp/include/px4_ros2/mission/trajectory/multicopter
[0.259s] -- Up-to-date: /home/gianni/SD/px4_ros2_ws/install/px4_ros2_cpp/include/px4_ros2/mission/trajectory/multicopter/waypoint_trajectory_executor.hpp
[0.259s] -- Up-to-date: /home/gianni/SD/px4_ros2_ws/install/px4_ros2_cpp/include/px4_ros2/mission/trajectory/multicopter/groups.dox
[0.259s] -- Up-to-date: /home/gianni/SD/px4_ros2_ws/install/px4_ros2_cpp/include/px4_ros2/mission/trajectory/trajectory_executor.hpp
[0.259s] -- Up-to-date: /home/gianni/SD/px4_ros2_ws/install/px4_ros2_cpp/include/px4_ros2/mission/groups.dox
[0.259s] -- Up-to-date: /home/gianni/SD/px4_ros2_ws/install/px4_ros2_cpp/include/px4_ros2/mission/actions
[0.259s] -- Up-to-date: /home/gianni/SD/px4_ros2_ws/install/px4_ros2_cpp/include/px4_ros2/mission/actions/default_actions.hpp
[0.259s] -- Up-to-date: /home/gianni/SD/px4_ros2_ws/install/px4_ros2_cpp/include/px4_ros2/mission/actions/groups.dox
[0.259s] -- Up-to-date: /home/gianni/SD/px4_ros2_ws/install/px4_ros2_cpp/include/px4_ros2/mission/actions/action.hpp
[0.259s] -- Up-to-date: /home/gianni/SD/px4_ros2_ws/install/px4_ros2_cpp/include/px4_ros2/mission/mission_executor.hpp
[0.259s] -- Up-to-date: /home/gianni/SD/px4_ros2_ws/install/px4_ros2_cpp/include/px4_ros2/navigation
[0.259s] -- Up-to-date: /home/gianni/SD/px4_ros2_ws/install/px4_ros2_cpp/include/px4_ros2/navigation/experimental
[0.260s] -- Up-to-date: /home/gianni/SD/px4_ros2_ws/install/px4_ros2_cpp/include/px4_ros2/navigation/experimental/navigation_interface_base.hpp
[0.260s] -- Up-to-date: /home/gianni/SD/px4_ros2_ws/install/px4_ros2_cpp/include/px4_ros2/navigation/experimental/local_position_measurement_interface.hpp
[0.260s] -- Up-to-date: /home/gianni/SD/px4_ros2_ws/install/px4_ros2_cpp/include/px4_ros2/navigation/experimental/global_position_measurement_interface.hpp
[0.260s] -- Up-to-date: /home/gianni/SD/px4_ros2_ws/install/px4_ros2_cpp/include/px4_ros2/navigation/groups.dox
[0.260s] -- Up-to-date: /home/gianni/SD/px4_ros2_ws/install/px4_ros2_cpp/lib/libpx4_ros2_cpp.so
[0.260s] -- Up-to-date: /home/gianni/SD/px4_ros2_ws/install/px4_ros2_cpp/share/ament_index/resource_index/package_run_dependencies/px4_ros2_cpp
[0.260s] -- Up-to-date: /home/gianni/SD/px4_ros2_ws/install/px4_ros2_cpp/share/ament_index/resource_index/parent_prefix_path/px4_ros2_cpp
[0.260s] -- Up-to-date: /home/gianni/SD/px4_ros2_ws/install/px4_ros2_cpp/share/px4_ros2_cpp/environment/ament_prefix_path.sh
[0.260s] -- Up-to-date: /home/gianni/SD/px4_ros2_ws/install/px4_ros2_cpp/share/px4_ros2_cpp/environment/ament_prefix_path.dsv
[0.260s] -- Up-to-date: /home/gianni/SD/px4_ros2_ws/install/px4_ros2_cpp/share/px4_ros2_cpp/environment/path.sh
[0.260s] -- Up-to-date: /home/gianni/SD/px4_ros2_ws/install/px4_ros2_cpp/share/px4_ros2_cpp/environment/path.dsv
[0.260s] -- Up-to-date: /home/gianni/SD/px4_ros2_ws/install/px4_ros2_cpp/share/px4_ros2_cpp/local_setup.bash
[0.260s] -- Up-to-date: /home/gianni/SD/px4_ros2_ws/install/px4_ros2_cpp/share/px4_ros2_cpp/local_setup.sh
[0.260s] -- Up-to-date: /home/gianni/SD/px4_ros2_ws/install/px4_ros2_cpp/share/px4_ros2_cpp/local_setup.zsh
[0.260s] -- Up-to-date: /home/gianni/SD/px4_ros2_ws/install/px4_ros2_cpp/share/px4_ros2_cpp/local_setup.dsv
[0.260s] -- Installing: /home/gianni/SD/px4_ros2_ws/install/px4_ros2_cpp/share/px4_ros2_cpp/package.dsv
[0.260s] -- Up-to-date: /home/gianni/SD/px4_ros2_ws/install/px4_ros2_cpp/share/ament_index/resource_index/packages/px4_ros2_cpp
[0.260s] -- Up-to-date: /home/gianni/SD/px4_ros2_ws/install/px4_ros2_cpp/share/px4_ros2_cpp/cmake/px4_ros2_cppExport.cmake
[0.260s] -- Up-to-date: /home/gianni/SD/px4_ros2_ws/install/px4_ros2_cpp/share/px4_ros2_cpp/cmake/px4_ros2_cppExport-noconfig.cmake
[0.260s] -- Up-to-date: /home/gianni/SD/px4_ros2_ws/install/px4_ros2_cpp/share/px4_ros2_cpp/cmake/ament_cmake_export_targets-extras.cmake
[0.261s] -- Up-to-date: /home/gianni/SD/px4_ros2_ws/install/px4_ros2_cpp/share/px4_ros2_cpp/cmake/ament_cmake_export_dependencies-extras.cmake
[0.261s] -- Up-to-date: /home/gianni/SD/px4_ros2_ws/install/px4_ros2_cpp/share/px4_ros2_cpp/cmake/px4_ros2_cppConfig.cmake
[0.261s] -- Up-to-date: /home/gianni/SD/px4_ros2_ws/install/px4_ros2_cpp/share/px4_ros2_cpp/cmake/px4_ros2_cppConfig-version.cmake
[0.261s] -- Up-to-date: /home/gianni/SD/px4_ros2_ws/install/px4_ros2_cpp/share/px4_ros2_cpp/package.xml
[0.261s] Invoked command in '/home/gianni/SD/px4_ros2_ws/build/px4_ros2_cpp' returned '0': CMAKE_PREFIX_PATH=/home/gianni/SD/px4_ros2_ws/install/px4_msgs:/opt/ros/jazzy/opt/gz_sim_vendor:/opt/ros/jazzy/opt/gz_sensors_vendor:/opt/ros/jazzy/opt/gz_physics_vendor:/opt/ros/jazzy/opt/sdformat_vendor:/opt/ros/jazzy/opt/gz_gui_vendor:/opt/ros/jazzy/opt/gz_transport_vendor:/opt/ros/jazzy/opt/gz_rendering_vendor:/opt/ros/jazzy/opt/gz_plugin_vendor:/opt/ros/jazzy/opt/gz_fuel_tools_vendor:/opt/ros/jazzy/opt/gz_msgs_vendor:/opt/ros/jazzy/opt/gz_common_vendor:/opt/ros/jazzy/opt/gz_tools_vendor:/opt/ros/jazzy/opt/gz_ogre_next_vendor:/opt/ros/jazzy/opt/gz_dartsim_vendor:/home/gianni/SD/px4_ros2_ws/install/px4_ros_com:/home/gianni/SD/px4_ros2_ws/install/example_rover_velocity_mode_cpp:/home/gianni/SD/px4_ros2_ws/install/example_mode_with_executor_cpp:/home/gianni/SD/px4_ros2_ws/install/example_mode_vtol_cpp:/home/gianni/SD/px4_ros2_ws/install/example_mode_rtl_replacement_cpp:/home/gianni/SD/px4_ros2_ws/install/example_mode_mission_cpp:/home/gianni/SD/px4_ros2_ws/install/example_mode_manual_cpp:/home/gianni/SD/px4_ros2_ws/install/example_mode_goto_global_cpp:/home/gianni/SD/px4_ros2_ws/install/example_mode_goto_cpp:/home/gianni/SD/px4_ros2_ws/install/example_mode_fw_attitude_cpp:/home/gianni/SD/px4_ros2_ws/install/example_local_navigation_cpp:/home/gianni/SD/px4_ros2_ws/install/example_global_navigation_cpp:/home/gianni/SD/px4_ros2_ws/install/example_executor_with_multiple_modes_cpp:/home/gianni/SD/px4_ros2_ws/install/autonocat_mission_cpp:/home/gianni/SD/px4_ros2_ws/install/px4_ros2_cpp:/home/gianni/SD/px4_ros2_ws/install/apriltag_ros:/home/gianni/SD/px4_ros2_ws/install/apriltag_msgs:/home/gianni/SD/px4_ros2_ws/install/apriltag:/home/gianni/SD/ros_gz_ws/install/test_ros_gz_bridge:/home/gianni/SD/ros_gz_ws/install/ros_gz:/home/gianni/SD/ros_gz_ws/install/ros_gz_sim_demos:/home/gianni/SD/ros_gz_ws/install/ros_gz_sim:/home/gianni/SD/ros_gz_ws/install/ros_gz_image:/home/gianni/SD/ros_gz_ws/install/ros_gz_bridge:/home/gianni/SD/ros_gz_ws/install/ros_gz_interfaces:/opt/ros/jazzy/opt/gz_math_vendor:/opt/ros/jazzy/opt/gz_utils_vendor:/opt/ros/jazzy/opt/gz_cmake_vendor:/opt/ros/jazzy DEBUGINFOD_URLS=https://debuginfod.ubuntu.com LD_LIBRARY_PATH=/home/gianni/SD/px4_ros2_ws/install/px4_msgs/lib:/opt/ros/jazzy/opt/gz_sim_vendor/lib:/opt/ros/jazzy/opt/gz_sensors_vendor/lib:/opt/ros/jazzy/opt/gz_physics_vendor/lib:/opt/ros/jazzy/opt/sdformat_vendor/lib:/opt/ros/jazzy/opt/gz_gui_vendor/lib:/opt/ros/jazzy/opt/gz_transport_vendor/lib:/opt/ros/jazzy/opt/gz_rendering_vendor/lib:/opt/ros/jazzy/opt/gz_plugin_vendor/lib:/opt/ros/jazzy/opt/gz_fuel_tools_vendor/lib:/opt/ros/jazzy/opt/gz_msgs_vendor/lib:/opt/ros/jazzy/opt/gz_common_vendor/lib:/opt/ros/jazzy/opt/gz_tools_vendor/lib:/opt/ros/jazzy/opt/gz_ogre_next_vendor/lib:/opt/ros/jazzy/opt/gz_dartsim_vendor/lib:/home/gianni/SD/px4_ros2_ws/install/px4_ros_com/lib:/home/gianni/SD/px4_ros2_ws/install/px4_ros2_cpp/lib:/home/gianni/SD/px4_ros2_ws/install/apriltag_ros/lib:/home/gianni/SD/px4_ros2_ws/install/apriltag_msgs/lib:/home/gianni/SD/px4_ros2_ws/install/apriltag/lib:/home/gianni/SD/ros_gz_ws/install/ros_gz_sim/lib:/home/gianni/SD/ros_gz_ws/install/ros_gz_bridge/lib:/home/gianni/SD/ros_gz_ws/install/ros_gz_interfaces/lib:/usr/local/lib:/opt/ros/jazzy/opt/rviz_ogre_vendor/lib:/opt/ros/jazzy/lib/x86_64-linux-gnu:/opt/ros/jazzy/opt/gz_math_vendor/lib:/opt/ros/jazzy/opt/gz_utils_vendor/lib:/opt/ros/jazzy/opt/gz_cmake_vendor/lib:/opt/ros/jazzy/lib PYTHONPATH=/home/gianni/SD/px4_ros2_ws/install/px4_msgs/lib/python3.12/site-packages:/home/gianni/SD/px4_ros2_ws/install/px4_ros_com/lib/python3.12/site-packages:/home/gianni/SD/px4_ros2_ws/install/apriltag_msgs/lib/python3.12/site-packages:/home/gianni/SD/px4_ros2_ws/install/apriltag/lib/python3.12/site-packages:/home/gianni/SD/ros_gz_ws/install/ros_gz_sim/lib/python3.12/site-packages:/home/gianni/SD/ros_gz_ws/install/ros_gz_bridge/lib/python3.12/site-packages:/home/gianni/SD/ros_gz_ws/install/ros_gz_interfaces/lib/python3.12/site-packages:/opt/ros/jazzy/lib/python3.12/site-packages /usr/bin/cmake --install /home/gianni/SD/px4_ros2_ws/build/px4_ros2_cpp
