[0.008s] Invoking command in '/home/gianni/SD/px4_ros2_ws/build/px4_ros2_cpp': AMENT_PREFIX_PATH=/home/gianni/SD/px4_ros2_ws/install/px4_msgs:${AMENT_PREFIX_PATH} CMAKE_PREFIX_PATH=/home/gianni/SD/px4_ros2_ws/install/px4_msgs:/home/gianni/SD/ros_gz_ws/install/test_ros_gz_bridge:/home/gianni/SD/ros_gz_ws/install/ros_gz:/home/gianni/SD/ros_gz_ws/install/ros_gz_sim_demos:/home/gianni/SD/ros_gz_ws/install/ros_gz_sim:/home/gianni/SD/ros_gz_ws/install/ros_gz_image:/home/gianni/SD/ros_gz_ws/install/ros_gz_bridge:/home/gianni/SD/ros_gz_ws/install/ros_gz_interfaces:/opt/ros/jazzy/opt/gz_sim_vendor:/opt/ros/jazzy/opt/gz_sensors_vendor:/opt/ros/jazzy/opt/gz_physics_vendor:/opt/ros/jazzy/opt/sdformat_vendor:/opt/ros/jazzy/opt/gz_gui_vendor:/opt/ros/jazzy/opt/gz_transport_vendor:/opt/ros/jazzy/opt/gz_rendering_vendor:/opt/ros/jazzy/opt/gz_plugin_vendor:/opt/ros/jazzy/opt/gz_fuel_tools_vendor:/opt/ros/jazzy/opt/gz_msgs_vendor:/opt/ros/jazzy/opt/gz_common_vendor:/opt/ros/jazzy/opt/gz_math_vendor:/opt/ros/jazzy/opt/gz_utils_vendor:/opt/ros/jazzy/opt/gz_tools_vendor:/opt/ros/jazzy/opt/gz_ogre_next_vendor:/opt/ros/jazzy/opt/gz_dartsim_vendor:/opt/ros/jazzy/opt/gz_cmake_vendor:/opt/ros/jazzy DEBUGINFOD_URLS=https://debuginfod.ubuntu.com LD_LIBRARY_PATH=/home/gianni/SD/px4_ros2_ws/install/px4_msgs/lib:${LD_LIBRARY_PATH} PYTHONPATH=/home/gianni/SD/px4_ros2_ws/install/px4_msgs/lib/python3.12/site-packages:${PYTHONPATH} /usr/bin/cmake /home/gianni/SD/px4_ros2_ws/src/px4-ros2-interface-lib/px4_ros2_cpp -DCMAKE_INSTALL_PREFIX=/home/gianni/SD/px4_ros2_ws/install/px4_ros2_cpp
[0.079s] -- The C compiler identification is GNU 13.3.0
[0.133s] -- The CXX compiler identification is GNU 13.3.0
[0.153s] -- Detecting C compiler ABI info
[0.274s] -- Detecting C compiler ABI info - done
[0.288s] -- Check for working C compiler: /usr/bin/cc - skipped
[0.288s] -- Detecting C compile features
[0.289s] -- Detecting C compile features - done
[0.302s] -- Detecting CXX compiler ABI info
[0.407s] -- Detecting CXX compiler ABI info - done
[0.414s] -- Check for working CXX compiler: /usr/bin/c++ - skipped
[0.414s] -- Detecting CXX compile features
[0.414s] -- Detecting CXX compile features - done
[0.417s] -- Found ament_cmake: 2.5.4 (/opt/ros/jazzy/share/ament_cmake/cmake)
[0.539s] -- Found Python3: /usr/bin/python3 (found version "3.12.3") found components: Interpreter 
[0.628s] -- Found ament_index_cpp: 1.8.1 (/opt/ros/jazzy/share/ament_index_cpp/cmake)
[0.629s] -- Found rclcpp: 28.1.11 (/opt/ros/jazzy/share/rclcpp/cmake)
[0.667s] -- Found rosidl_generator_c: 4.6.6 (/opt/ros/jazzy/share/rosidl_generator_c/cmake)
[0.678s] -- Found rosidl_generator_cpp: 4.6.6 (/opt/ros/jazzy/share/rosidl_generator_cpp/cmake)
[0.692s] -- Using all available rosidl_typesupport_c: rosidl_typesupport_fastrtps_c;rosidl_typesupport_introspection_c
[0.707s] -- Using all available rosidl_typesupport_cpp: rosidl_typesupport_fastrtps_cpp;rosidl_typesupport_introspection_cpp
[0.769s] -- Found rmw_implementation_cmake: 7.3.2 (/opt/ros/jazzy/share/rmw_implementation_cmake/cmake)
[0.772s] -- Found rmw_fastrtps_cpp: 8.4.3 (/opt/ros/jazzy/share/rmw_fastrtps_cpp/cmake)
[0.856s] -- Found OpenSSL: /usr/lib/x86_64-linux-gnu/libcrypto.so (found version "3.0.13")  
[0.878s] -- Found FastRTPS: /opt/ros/jazzy/include (Required is at least version "2.13") 
[0.901s] -- Using RMW implementation 'rmw_fastrtps_cpp' as default
[0.958s] -- Found px4_msgs: 2.0.1 (/home/gianni/SD/px4_ros2_ws/install/px4_msgs/share/px4_msgs/cmake)
[0.972s] -- Found eigen3_cmake_module: 0.3.0 (/opt/ros/jazzy/share/eigen3_cmake_module/cmake)
[0.978s] -- Found Eigen3: TRUE (found version "3.4.0") 
[1.102s] -- Found ament_lint_auto: 0.17.3 (/opt/ros/jazzy/share/ament_lint_auto/cmake)
[1.105s] -- Found ament_cmake_gtest: 2.5.4 (/opt/ros/jazzy/share/ament_cmake_gtest/cmake)
[1.202s] -- Found gtest sources under '/opt/ros/jazzy/src/gtest_vendor': C++ tests using 'Google Test' will be built
[1.204s] -- Performing Test CMAKE_HAVE_LIBC_PTHREAD
[1.277s] -- Performing Test CMAKE_HAVE_LIBC_PTHREAD - Success
[1.279s] -- Found Threads: TRUE  
[1.283s] -- Added test 'copyright' to check source files copyright and LICENSE
[1.287s] -- Added test 'cppcheck' to perform static code analysis on C / C++ code
[1.287s] -- Configured cppcheck include dirs: /home/gianni/SD/px4_ros2_ws/src/px4-ros2-interface-lib/px4_ros2_cpp/include
[1.288s] -- Configured cppcheck exclude dirs and/or files: 
[1.292s] -- Added test 'cpplint' to check C / C++ code against the Google style
[1.292s] -- Configured cpplint exclude dirs and/or files: 
[1.293s] -- Added test 'lint_cmake' to check CMake code style
[1.298s] -- Added test 'uncrustify' to check C / C++ code style
[1.298s] -- Configured uncrustify additional arguments: 
[1.299s] -- Added test 'xmllint' to check XML markup files
[1.300s] -- Configuring done (1.3s)
[1.323s] -- Generating done (0.0s)
[1.329s] -- Build files have been written to: /home/gianni/SD/px4_ros2_ws/build/px4_ros2_cpp
[1.339s] Invoked command in '/home/gianni/SD/px4_ros2_ws/build/px4_ros2_cpp' returned '0': AMENT_PREFIX_PATH=/home/gianni/SD/px4_ros2_ws/install/px4_msgs:${AMENT_PREFIX_PATH} CMAKE_PREFIX_PATH=/home/gianni/SD/px4_ros2_ws/install/px4_msgs:/home/gianni/SD/ros_gz_ws/install/test_ros_gz_bridge:/home/gianni/SD/ros_gz_ws/install/ros_gz:/home/gianni/SD/ros_gz_ws/install/ros_gz_sim_demos:/home/gianni/SD/ros_gz_ws/install/ros_gz_sim:/home/gianni/SD/ros_gz_ws/install/ros_gz_image:/home/gianni/SD/ros_gz_ws/install/ros_gz_bridge:/home/gianni/SD/ros_gz_ws/install/ros_gz_interfaces:/opt/ros/jazzy/opt/gz_sim_vendor:/opt/ros/jazzy/opt/gz_sensors_vendor:/opt/ros/jazzy/opt/gz_physics_vendor:/opt/ros/jazzy/opt/sdformat_vendor:/opt/ros/jazzy/opt/gz_gui_vendor:/opt/ros/jazzy/opt/gz_transport_vendor:/opt/ros/jazzy/opt/gz_rendering_vendor:/opt/ros/jazzy/opt/gz_plugin_vendor:/opt/ros/jazzy/opt/gz_fuel_tools_vendor:/opt/ros/jazzy/opt/gz_msgs_vendor:/opt/ros/jazzy/opt/gz_common_vendor:/opt/ros/jazzy/opt/gz_math_vendor:/opt/ros/jazzy/opt/gz_utils_vendor:/opt/ros/jazzy/opt/gz_tools_vendor:/opt/ros/jazzy/opt/gz_ogre_next_vendor:/opt/ros/jazzy/opt/gz_dartsim_vendor:/opt/ros/jazzy/opt/gz_cmake_vendor:/opt/ros/jazzy DEBUGINFOD_URLS=https://debuginfod.ubuntu.com LD_LIBRARY_PATH=/home/gianni/SD/px4_ros2_ws/install/px4_msgs/lib:${LD_LIBRARY_PATH} PYTHONPATH=/home/gianni/SD/px4_ros2_ws/install/px4_msgs/lib/python3.12/site-packages:${PYTHONPATH} /usr/bin/cmake /home/gianni/SD/px4_ros2_ws/src/px4-ros2-interface-lib/px4_ros2_cpp -DCMAKE_INSTALL_PREFIX=/home/gianni/SD/px4_ros2_ws/install/px4_ros2_cpp
[1.340s] Invoking command in '/home/gianni/SD/px4_ros2_ws/build/px4_ros2_cpp': AMENT_PREFIX_PATH=/home/gianni/SD/px4_ros2_ws/install/px4_msgs:${AMENT_PREFIX_PATH} CMAKE_PREFIX_PATH=/home/gianni/SD/px4_ros2_ws/install/px4_msgs:/home/gianni/SD/ros_gz_ws/install/test_ros_gz_bridge:/home/gianni/SD/ros_gz_ws/install/ros_gz:/home/gianni/SD/ros_gz_ws/install/ros_gz_sim_demos:/home/gianni/SD/ros_gz_ws/install/ros_gz_sim:/home/gianni/SD/ros_gz_ws/install/ros_gz_image:/home/gianni/SD/ros_gz_ws/install/ros_gz_bridge:/home/gianni/SD/ros_gz_ws/install/ros_gz_interfaces:/opt/ros/jazzy/opt/gz_sim_vendor:/opt/ros/jazzy/opt/gz_sensors_vendor:/opt/ros/jazzy/opt/gz_physics_vendor:/opt/ros/jazzy/opt/sdformat_vendor:/opt/ros/jazzy/opt/gz_gui_vendor:/opt/ros/jazzy/opt/gz_transport_vendor:/opt/ros/jazzy/opt/gz_rendering_vendor:/opt/ros/jazzy/opt/gz_plugin_vendor:/opt/ros/jazzy/opt/gz_fuel_tools_vendor:/opt/ros/jazzy/opt/gz_msgs_vendor:/opt/ros/jazzy/opt/gz_common_vendor:/opt/ros/jazzy/opt/gz_math_vendor:/opt/ros/jazzy/opt/gz_utils_vendor:/opt/ros/jazzy/opt/gz_tools_vendor:/opt/ros/jazzy/opt/gz_ogre_next_vendor:/opt/ros/jazzy/opt/gz_dartsim_vendor:/opt/ros/jazzy/opt/gz_cmake_vendor:/opt/ros/jazzy DEBUGINFOD_URLS=https://debuginfod.ubuntu.com LD_LIBRARY_PATH=/home/gianni/SD/px4_ros2_ws/install/px4_msgs/lib:${LD_LIBRARY_PATH} PYTHONPATH=/home/gianni/SD/px4_ros2_ws/install/px4_msgs/lib/python3.12/site-packages:${PYTHONPATH} /usr/bin/cmake --build /home/gianni/SD/px4_ros2_ws/build/px4_ros2_cpp -- -j20 -l20
[1.391s] [  3%] [32mBuilding CXX object gtest/CMakeFiles/gtest.dir/src/gtest-all.cc.o[0m
[1.391s] [  3%] [32mBuilding CXX object CMakeFiles/integration_utils.dir/test/integration/util.cpp.o[0m
[1.395s] [  4%] [34m[1mGenerating px4_all_messages.hpp using empy[0m
[1.397s] [  6%] [32mBuilding CXX object CMakeFiles/unit_utils.dir/test/unit/utils/util.cpp.o[0m
[1.397s] [  7%] [32mBuilding CXX object gtest/CMakeFiles/gtest_main.dir/src/gtest_main.cc.o[0m
[1.434s] [  7%] Built target generate_px4_header
[1.455s] [  9%] [32mBuilding CXX object CMakeFiles/px4_ros2_cpp.dir/src/components/mode_executor.cpp.o[0m
[1.456s] [ 10%] [32mBuilding CXX object CMakeFiles/px4_ros2_cpp.dir/src/components/manual_control_input.cpp.o[0m
[1.456s] [ 12%] [32mBuilding CXX object CMakeFiles/px4_ros2_cpp.dir/src/components/shared_vehicle_status.cpp.o[0m
[1.456s] [ 13%] [32mBuilding CXX object CMakeFiles/px4_ros2_cpp.dir/src/components/message_compatibility_check.cpp.o[0m
[1.456s] [ 15%] [32mBuilding CXX object CMakeFiles/px4_ros2_cpp.dir/src/components/registration.cpp.o[0m
[1.457s] [ 16%] [32mBuilding CXX object CMakeFiles/px4_ros2_cpp.dir/src/components/wait_for_fmu.cpp.o[0m
[1.457s] [ 18%] [32mBuilding CXX object CMakeFiles/px4_ros2_cpp.dir/src/components/mode.cpp.o[0m
[1.458s] [ 19%] [32mBuilding CXX object CMakeFiles/px4_ros2_cpp.dir/src/control/setpoint_types/experimental/rates.cpp.o[0m
[1.458s] [ 21%] [32mBuilding CXX object CMakeFiles/px4_ros2_cpp.dir/src/components/overrides.cpp.o[0m
[1.458s] [ 22%] [32mBuilding CXX object CMakeFiles/px4_ros2_cpp.dir/src/components/health_and_arming_checks.cpp.o[0m
[1.463s] [ 25%] [32mBuilding CXX object CMakeFiles/px4_ros2_cpp.dir/src/control/setpoint_types/direct_actuators.cpp.o[0m
[1.463s] [ 25%] [32mBuilding CXX object CMakeFiles/px4_ros2_cpp.dir/src/control/setpoint_types/experimental/rover/position.cpp.o[0m
[1.463s] [ 28%] [32mBuilding CXX object CMakeFiles/px4_ros2_cpp.dir/src/control/peripheral_actuators.cpp.o[0m
[1.463s] [ 28%] [32mBuilding CXX object CMakeFiles/px4_ros2_cpp.dir/src/control/setpoint_types/experimental/rover/speed_attitude.cpp.o[0m
[1.464s] [ 30%] [32mBuilding CXX object CMakeFiles/px4_ros2_cpp.dir/src/control/setpoint_types/experimental/attitude.cpp.o[0m
[1.465s] [ 31%] [32mBuilding CXX object CMakeFiles/px4_ros2_cpp.dir/src/control/setpoint_types/experimental/rover/speed_rate.cpp.o[0m
[2.745s] [ 33%] [32m[1mLinking CXX static library libgtest_main.a[0m
[3.003s] [ 33%] Built target gtest_main
[3.033s] [ 34%] [32mBuilding CXX object CMakeFiles/px4_ros2_cpp.dir/src/control/setpoint_types/experimental/rover/speed_steering.cpp.o[0m
[6.138s] [ 36%] [32m[1mLinking CXX shared library libunit_utils.so[0m
[6.467s] [ 36%] Built target unit_utils
[6.489s] [ 37%] [32mBuilding CXX object CMakeFiles/px4_ros2_cpp.dir/src/control/setpoint_types/experimental/rover/throttle_attitude.cpp.o[0m
[9.780s] [ 39%] [32mBuilding CXX object CMakeFiles/px4_ros2_cpp.dir/src/control/setpoint_types/experimental/rover/throttle_rate.cpp.o[0m
[10.109s] [ 40%] [32m[1mLinking CXX static library libgtest.a[0m
[10.173s] [ 42%] [32mBuilding CXX object CMakeFiles/px4_ros2_cpp.dir/src/control/setpoint_types/experimental/rover/throttle_steering.cpp.o[0m
[10.292s] [ 43%] [32mBuilding CXX object CMakeFiles/px4_ros2_cpp.dir/src/control/setpoint_types/experimental/trajectory.cpp.o[0m
[10.442s] [ 43%] Built target gtest
[10.466s] [ 45%] [32mBuilding CXX object CMakeFiles/px4_ros2_cpp.dir/src/control/setpoint_types/fixedwing/lateral_longitudinal.cpp.o[0m
[11.374s] [ 46%] [32mBuilding CXX object CMakeFiles/px4_ros2_cpp.dir/src/control/setpoint_types/multicopter/goto.cpp.o[0m
[11.678s] [ 48%] [32mBuilding CXX object CMakeFiles/px4_ros2_cpp.dir/src/control/vtol.cpp.o[0m
[11.889s] [ 50%] [32mBuilding CXX object CMakeFiles/px4_ros2_cpp.dir/src/mission/actions/default_actions.cpp.o[0m
[13.217s] [ 51%] [32mBuilding CXX object CMakeFiles/px4_ros2_cpp.dir/src/mission/mission.cpp.o[0m
[13.303s] [ 53%] [32mBuilding CXX object CMakeFiles/px4_ros2_cpp.dir/src/mission/mission_executor.cpp.o[0m
[13.877s] [ 54%] [32mBuilding CXX object CMakeFiles/px4_ros2_cpp.dir/src/mission/trajectory/multicopter/waypoint_trajectory_executor.cpp.o[0m
[14.213s] [ 56%] [32mBuilding CXX object CMakeFiles/px4_ros2_cpp.dir/src/navigation/experimental/global_position_measurement_interface.cpp.o[0m
[15.300s] [ 57%] [32mBuilding CXX object CMakeFiles/px4_ros2_cpp.dir/src/navigation/experimental/local_position_measurement_interface.cpp.o[0m
[15.431s] [ 59%] [32mBuilding CXX object CMakeFiles/px4_ros2_cpp.dir/src/odometry/airspeed.cpp.o[0m
[16.903s] [ 60%] [32mBuilding CXX object CMakeFiles/px4_ros2_cpp.dir/src/odometry/angular_velocity.cpp.o[0m
[16.961s] [ 62%] [32m[1mLinking CXX shared library libintegration_utils.so[0m
[17.011s] [ 63%] [32mBuilding CXX object CMakeFiles/px4_ros2_cpp.dir/src/odometry/attitude.cpp.o[0m
[17.641s] [ 63%] Built target integration_utils
[17.661s] [ 65%] [32mBuilding CXX object CMakeFiles/px4_ros2_cpp.dir/src/odometry/global_position.cpp.o[0m
[18.089s] [ 66%] [32mBuilding CXX object CMakeFiles/px4_ros2_cpp.dir/src/odometry/local_position.cpp.o[0m
[18.117s] [ 68%] [32mBuilding CXX object CMakeFiles/px4_ros2_cpp.dir/src/utils/geodesic.cpp.o[0m
[19.509s] [ 69%] [32mBuilding CXX object CMakeFiles/px4_ros2_cpp.dir/src/utils/map_projection_impl.cpp.o[0m
[28.404s] [ 71%] [32m[1mLinking CXX shared library libpx4_ros2_cpp.so[0m
[30.187s] [ 71%] Built target px4_ros2_cpp
[30.216s] [ 72%] [32mBuilding CXX object CMakeFiles/integration_tests.dir/test/integration/mission.cpp.o[0m
[30.217s] [ 74%] [32mBuilding CXX object CMakeFiles/px4_ros2_cpp_unit_tests.dir/test/unit/main.cpp.o[0m
[30.217s] [ 75%] [32mBuilding CXX object CMakeFiles/integration_tests.dir/test/integration/global_navigation.cpp.o[0m
[30.217s] [ 78%] [32mBuilding CXX object CMakeFiles/px4_ros2_cpp_unit_tests.dir/test/unit/shared_vehicle_status.cpp.o[0m
[30.217s] [ 78%] [32mBuilding CXX object CMakeFiles/px4_ros2_cpp_unit_tests.dir/test/unit/modes.cpp.o[0m
[30.217s] [ 80%] [32mBuilding CXX object CMakeFiles/integration_tests.dir/test/integration/mode.cpp.o[0m
[30.217s] [ 83%] [32mBuilding CXX object CMakeFiles/integration_tests.dir/test/integration/mode_executor.cpp.o[0m
[30.217s] [ 83%] [32mBuilding CXX object CMakeFiles/px4_ros2_cpp_unit_tests.dir/test/unit/utils/frame_conversion.cpp.o[0m
[30.219s] [ 84%] [32mBuilding CXX object CMakeFiles/px4_ros2_cpp_unit_tests.dir/test/unit/global_navigation.cpp.o[0m
[30.219s] [ 86%] [32mBuilding CXX object CMakeFiles/px4_ros2_cpp_unit_tests.dir/test/unit/utils/geometry.cpp.o[0m
[30.219s] [ 89%] [32mBuilding CXX object CMakeFiles/px4_ros2_cpp_unit_tests.dir/test/unit/local_navigation.cpp.o[0m
[30.219s] [ 89%] [32mBuilding CXX object CMakeFiles/integration_tests.dir/test/integration/arming_check.cpp.o[0m
[30.219s] [ 90%] [32mBuilding CXX object CMakeFiles/px4_ros2_cpp_unit_tests.dir/test/unit/mission_execution.cpp.o[0m
[30.219s] [ 92%] [32mBuilding CXX object CMakeFiles/integration_tests.dir/test/integration/local_navigation.cpp.o[0m
[30.220s] [ 95%] [32mBuilding CXX object CMakeFiles/px4_ros2_cpp_unit_tests.dir/test/unit/utils/map_projection_impl.cpp.o[0m
[30.220s] [ 95%] [32mBuilding CXX object CMakeFiles/integration_tests.dir/test/integration/overrides.cpp.o[0m
[30.220s] [ 96%] [32mBuilding CXX object CMakeFiles/px4_ros2_cpp_unit_tests.dir/test/unit/utils/geodesic.cpp.o[0m
[38.184s] [ 98%] [32m[1mLinking CXX executable integration_tests[0m
[39.378s] [ 98%] Built target integration_tests
[45.050s] [100%] [32m[1mLinking CXX executable px4_ros2_cpp_unit_tests[0m
[46.252s] [100%] Built target px4_ros2_cpp_unit_tests
[46.293s] Invoked command in '/home/gianni/SD/px4_ros2_ws/build/px4_ros2_cpp' returned '0': AMENT_PREFIX_PATH=/home/gianni/SD/px4_ros2_ws/install/px4_msgs:${AMENT_PREFIX_PATH} CMAKE_PREFIX_PATH=/home/gianni/SD/px4_ros2_ws/install/px4_msgs:/home/gianni/SD/ros_gz_ws/install/test_ros_gz_bridge:/home/gianni/SD/ros_gz_ws/install/ros_gz:/home/gianni/SD/ros_gz_ws/install/ros_gz_sim_demos:/home/gianni/SD/ros_gz_ws/install/ros_gz_sim:/home/gianni/SD/ros_gz_ws/install/ros_gz_image:/home/gianni/SD/ros_gz_ws/install/ros_gz_bridge:/home/gianni/SD/ros_gz_ws/install/ros_gz_interfaces:/opt/ros/jazzy/opt/gz_sim_vendor:/opt/ros/jazzy/opt/gz_sensors_vendor:/opt/ros/jazzy/opt/gz_physics_vendor:/opt/ros/jazzy/opt/sdformat_vendor:/opt/ros/jazzy/opt/gz_gui_vendor:/opt/ros/jazzy/opt/gz_transport_vendor:/opt/ros/jazzy/opt/gz_rendering_vendor:/opt/ros/jazzy/opt/gz_plugin_vendor:/opt/ros/jazzy/opt/gz_fuel_tools_vendor:/opt/ros/jazzy/opt/gz_msgs_vendor:/opt/ros/jazzy/opt/gz_common_vendor:/opt/ros/jazzy/opt/gz_math_vendor:/opt/ros/jazzy/opt/gz_utils_vendor:/opt/ros/jazzy/opt/gz_tools_vendor:/opt/ros/jazzy/opt/gz_ogre_next_vendor:/opt/ros/jazzy/opt/gz_dartsim_vendor:/opt/ros/jazzy/opt/gz_cmake_vendor:/opt/ros/jazzy DEBUGINFOD_URLS=https://debuginfod.ubuntu.com LD_LIBRARY_PATH=/home/gianni/SD/px4_ros2_ws/install/px4_msgs/lib:${LD_LIBRARY_PATH} PYTHONPATH=/home/gianni/SD/px4_ros2_ws/install/px4_msgs/lib/python3.12/site-packages:${PYTHONPATH} /usr/bin/cmake --build /home/gianni/SD/px4_ros2_ws/build/px4_ros2_cpp -- -j20 -l20
[46.295s] Invoking command in '/home/gianni/SD/px4_ros2_ws/build/px4_ros2_cpp': AMENT_PREFIX_PATH=/home/gianni/SD/px4_ros2_ws/install/px4_msgs:${AMENT_PREFIX_PATH} CMAKE_PREFIX_PATH=/home/gianni/SD/px4_ros2_ws/install/px4_msgs:/home/gianni/SD/ros_gz_ws/install/test_ros_gz_bridge:/home/gianni/SD/ros_gz_ws/install/ros_gz:/home/gianni/SD/ros_gz_ws/install/ros_gz_sim_demos:/home/gianni/SD/ros_gz_ws/install/ros_gz_sim:/home/gianni/SD/ros_gz_ws/install/ros_gz_image:/home/gianni/SD/ros_gz_ws/install/ros_gz_bridge:/home/gianni/SD/ros_gz_ws/install/ros_gz_interfaces:/opt/ros/jazzy/opt/gz_sim_vendor:/opt/ros/jazzy/opt/gz_sensors_vendor:/opt/ros/jazzy/opt/gz_physics_vendor:/opt/ros/jazzy/opt/sdformat_vendor:/opt/ros/jazzy/opt/gz_gui_vendor:/opt/ros/jazzy/opt/gz_transport_vendor:/opt/ros/jazzy/opt/gz_rendering_vendor:/opt/ros/jazzy/opt/gz_plugin_vendor:/opt/ros/jazzy/opt/gz_fuel_tools_vendor:/opt/ros/jazzy/opt/gz_msgs_vendor:/opt/ros/jazzy/opt/gz_common_vendor:/opt/ros/jazzy/opt/gz_math_vendor:/opt/ros/jazzy/opt/gz_utils_vendor:/opt/ros/jazzy/opt/gz_tools_vendor:/opt/ros/jazzy/opt/gz_ogre_next_vendor:/opt/ros/jazzy/opt/gz_dartsim_vendor:/opt/ros/jazzy/opt/gz_cmake_vendor:/opt/ros/jazzy DEBUGINFOD_URLS=https://debuginfod.ubuntu.com LD_LIBRARY_PATH=/home/gianni/SD/px4_ros2_ws/install/px4_msgs/lib:${LD_LIBRARY_PATH} PYTHONPATH=/home/gianni/SD/px4_ros2_ws/install/px4_msgs/lib/python3.12/site-packages:${PYTHONPATH} /usr/bin/cmake --install /home/gianni/SD/px4_ros2_ws/build/px4_ros2_cpp
[46.310s] -- Install configuration: ""
[46.310s] -- Installing: /home/gianni/SD/px4_ros2_ws/install/px4_ros2_cpp/share/px4_ros2_cpp/environment/library_path.sh
[46.310s] -- Installing: /home/gianni/SD/px4_ros2_ws/install/px4_ros2_cpp/share/px4_ros2_cpp/environment/library_path.dsv
[46.310s] -- Installing: /home/gianni/SD/px4_ros2_ws/install/px4_ros2_cpp/include/px4_ros2
[46.311s] -- Installing: /home/gianni/SD/px4_ros2_ws/install/px4_ros2_cpp/include/px4_ros2/components
[46.311s] -- Installing: /home/gianni/SD/px4_ros2_ws/install/px4_ros2_cpp/include/px4_ros2/components/mode_executor.hpp
[46.311s] -- Installing: /home/gianni/SD/px4_ros2_ws/install/px4_ros2_cpp/include/px4_ros2/components/message_compatibility_check.hpp
[46.311s] -- Installing: /home/gianni/SD/px4_ros2_ws/install/px4_ros2_cpp/include/px4_ros2/components/health_and_arming_checks.hpp
[46.311s] -- Installing: /home/gianni/SD/px4_ros2_ws/install/px4_ros2_cpp/include/px4_ros2/components/groups.dox
[46.312s] -- Installing: /home/gianni/SD/px4_ros2_ws/install/px4_ros2_cpp/include/px4_ros2/components/events.hpp
[46.312s] -- Installing: /home/gianni/SD/px4_ros2_ws/install/px4_ros2_cpp/include/px4_ros2/components/wait_for_fmu.hpp
[46.312s] -- Installing: /home/gianni/SD/px4_ros2_ws/install/px4_ros2_cpp/include/px4_ros2/components/mode.hpp
[46.312s] -- Installing: /home/gianni/SD/px4_ros2_ws/install/px4_ros2_cpp/include/px4_ros2/components/node_with_mode.hpp
[46.312s] -- Installing: /home/gianni/SD/px4_ros2_ws/install/px4_ros2_cpp/include/px4_ros2/components/manual_control_input.hpp
[46.312s] -- Installing: /home/gianni/SD/px4_ros2_ws/install/px4_ros2_cpp/include/px4_ros2/components/overrides.hpp
[46.312s] -- Installing: /home/gianni/SD/px4_ros2_ws/install/px4_ros2_cpp/include/px4_ros2/vehicle_state
[46.312s] -- Installing: /home/gianni/SD/px4_ros2_ws/install/px4_ros2_cpp/include/px4_ros2/vehicle_state/battery.hpp
[46.312s] -- Installing: /home/gianni/SD/px4_ros2_ws/install/px4_ros2_cpp/include/px4_ros2/vehicle_state/land_detected.hpp
[46.312s] -- Installing: /home/gianni/SD/px4_ros2_ws/install/px4_ros2_cpp/include/px4_ros2/vehicle_state/groups.dox
[46.312s] -- Installing: /home/gianni/SD/px4_ros2_ws/install/px4_ros2_cpp/include/px4_ros2/vehicle_state/home_position.hpp
[46.313s] -- Installing: /home/gianni/SD/px4_ros2_ws/install/px4_ros2_cpp/include/px4_ros2/vehicle_state/vtol_status.hpp
[46.313s] -- Installing: /home/gianni/SD/px4_ros2_ws/install/px4_ros2_cpp/include/px4_ros2/vehicle_state/vehicle_status.hpp
[46.313s] -- Installing: /home/gianni/SD/px4_ros2_ws/install/px4_ros2_cpp/include/px4_ros2/utils
[46.313s] -- Installing: /home/gianni/SD/px4_ros2_ws/install/px4_ros2_cpp/include/px4_ros2/utils/subscription.hpp
[46.313s] -- Installing: /home/gianni/SD/px4_ros2_ws/install/px4_ros2_cpp/include/px4_ros2/utils/groups.dox
[46.313s] -- Installing: /home/gianni/SD/px4_ros2_ws/install/px4_ros2_cpp/include/px4_ros2/utils/geometry.hpp
[46.313s] -- Installing: /home/gianni/SD/px4_ros2_ws/install/px4_ros2_cpp/include/px4_ros2/utils/message_version.hpp
[46.313s] -- Installing: /home/gianni/SD/px4_ros2_ws/install/px4_ros2_cpp/include/px4_ros2/utils/visit.hpp
[46.313s] -- Installing: /home/gianni/SD/px4_ros2_ws/install/px4_ros2_cpp/include/px4_ros2/utils/frame_conversion.hpp
[46.314s] -- Installing: /home/gianni/SD/px4_ros2_ws/install/px4_ros2_cpp/include/px4_ros2/utils/geodesic.hpp
[46.314s] -- Installing: /home/gianni/SD/px4_ros2_ws/install/px4_ros2_cpp/include/px4_ros2/third_party
[46.314s] -- Installing: /home/gianni/SD/px4_ros2_ws/install/px4_ros2_cpp/include/px4_ros2/third_party/nlohmann
[46.314s] -- Installing: /home/gianni/SD/px4_ros2_ws/install/px4_ros2_cpp/include/px4_ros2/third_party/nlohmann/json_fwd.hpp
[46.314s] -- Installing: /home/gianni/SD/px4_ros2_ws/install/px4_ros2_cpp/include/px4_ros2/third_party/nlohmann/json.hpp
[46.314s] -- Installing: /home/gianni/SD/px4_ros2_ws/install/px4_ros2_cpp/include/px4_ros2/odometry
[46.314s] -- Installing: /home/gianni/SD/px4_ros2_ws/install/px4_ros2_cpp/include/px4_ros2/odometry/attitude.hpp
[46.314s] -- Installing: /home/gianni/SD/px4_ros2_ws/install/px4_ros2_cpp/include/px4_ros2/odometry/global_position.hpp
[46.315s] -- Installing: /home/gianni/SD/px4_ros2_ws/install/px4_ros2_cpp/include/px4_ros2/odometry/angular_velocity.hpp
[46.315s] -- Installing: /home/gianni/SD/px4_ros2_ws/install/px4_ros2_cpp/include/px4_ros2/odometry/groups.dox
[46.315s] -- Installing: /home/gianni/SD/px4_ros2_ws/install/px4_ros2_cpp/include/px4_ros2/odometry/local_position.hpp
[46.315s] -- Installing: /home/gianni/SD/px4_ros2_ws/install/px4_ros2_cpp/include/px4_ros2/odometry/airspeed.hpp
[46.315s] -- Installing: /home/gianni/SD/px4_ros2_ws/install/px4_ros2_cpp/include/px4_ros2/control
[46.315s] -- Installing: /home/gianni/SD/px4_ros2_ws/install/px4_ros2_cpp/include/px4_ros2/control/groups.dox
[46.315s] -- Installing: /home/gianni/SD/px4_ros2_ws/install/px4_ros2_cpp/include/px4_ros2/control/vtol.hpp
[46.315s] -- Installing: /home/gianni/SD/px4_ros2_ws/install/px4_ros2_cpp/include/px4_ros2/control/setpoint_types
[46.315s] -- Installing: /home/gianni/SD/px4_ros2_ws/install/px4_ros2_cpp/include/px4_ros2/control/setpoint_types/multicopter
[46.315s] -- Installing: /home/gianni/SD/px4_ros2_ws/install/px4_ros2_cpp/include/px4_ros2/control/setpoint_types/multicopter/goto.hpp
[46.315s] -- Installing: /home/gianni/SD/px4_ros2_ws/install/px4_ros2_cpp/include/px4_ros2/control/setpoint_types/direct_actuators.hpp
[46.315s] -- Installing: /home/gianni/SD/px4_ros2_ws/install/px4_ros2_cpp/include/px4_ros2/control/setpoint_types/experimental
[46.316s] -- Installing: /home/gianni/SD/px4_ros2_ws/install/px4_ros2_cpp/include/px4_ros2/control/setpoint_types/experimental/attitude.hpp
[46.316s] -- Installing: /home/gianni/SD/px4_ros2_ws/install/px4_ros2_cpp/include/px4_ros2/control/setpoint_types/experimental/rover
[46.316s] -- Installing: /home/gianni/SD/px4_ros2_ws/install/px4_ros2_cpp/include/px4_ros2/control/setpoint_types/experimental/rover/throttle_steering.hpp
[46.316s] -- Installing: /home/gianni/SD/px4_ros2_ws/install/px4_ros2_cpp/include/px4_ros2/control/setpoint_types/experimental/rover/throttle_rate.hpp
[46.316s] -- Installing: /home/gianni/SD/px4_ros2_ws/install/px4_ros2_cpp/include/px4_ros2/control/setpoint_types/experimental/rover/position.hpp
[46.316s] -- Installing: /home/gianni/SD/px4_ros2_ws/install/px4_ros2_cpp/include/px4_ros2/control/setpoint_types/experimental/rover/speed_rate.hpp
[46.316s] -- Installing: /home/gianni/SD/px4_ros2_ws/install/px4_ros2_cpp/include/px4_ros2/control/setpoint_types/experimental/rover/speed_attitude.hpp
[46.316s] -- Installing: /home/gianni/SD/px4_ros2_ws/install/px4_ros2_cpp/include/px4_ros2/control/setpoint_types/experimental/rover/speed_steering.hpp
[46.316s] -- Installing: /home/gianni/SD/px4_ros2_ws/install/px4_ros2_cpp/include/px4_ros2/control/setpoint_types/experimental/rover/throttle_attitude.hpp
[46.316s] -- Installing: /home/gianni/SD/px4_ros2_ws/install/px4_ros2_cpp/include/px4_ros2/control/setpoint_types/experimental/trajectory.hpp
[46.316s] -- Installing: /home/gianni/SD/px4_ros2_ws/install/px4_ros2_cpp/include/px4_ros2/control/setpoint_types/experimental/rates.hpp
[46.317s] -- Installing: /home/gianni/SD/px4_ros2_ws/install/px4_ros2_cpp/include/px4_ros2/control/setpoint_types/groups.dox
[46.317s] -- Installing: /home/gianni/SD/px4_ros2_ws/install/px4_ros2_cpp/include/px4_ros2/control/setpoint_types/fixedwing
[46.317s] -- Installing: /home/gianni/SD/px4_ros2_ws/install/px4_ros2_cpp/include/px4_ros2/control/setpoint_types/fixedwing/lateral_longitudinal.hpp
[46.317s] -- Installing: /home/gianni/SD/px4_ros2_ws/install/px4_ros2_cpp/include/px4_ros2/control/peripheral_actuators.hpp
[46.317s] -- Installing: /home/gianni/SD/px4_ros2_ws/install/px4_ros2_cpp/include/px4_ros2/common
[46.317s] -- Installing: /home/gianni/SD/px4_ros2_ws/install/px4_ros2_cpp/include/px4_ros2/common/setpoint_base.hpp
[46.317s] -- Installing: /home/gianni/SD/px4_ros2_ws/install/px4_ros2_cpp/include/px4_ros2/common/exception.hpp
[46.317s] -- Installing: /home/gianni/SD/px4_ros2_ws/install/px4_ros2_cpp/include/px4_ros2/common/requirement_flags.hpp
[46.317s] -- Installing: /home/gianni/SD/px4_ros2_ws/install/px4_ros2_cpp/include/px4_ros2/common/frame.hpp
[46.317s] -- Installing: /home/gianni/SD/px4_ros2_ws/install/px4_ros2_cpp/include/px4_ros2/common/context.hpp
[46.317s] -- Installing: /home/gianni/SD/px4_ros2_ws/install/px4_ros2_cpp/include/px4_ros2/mission
[46.317s] -- Installing: /home/gianni/SD/px4_ros2_ws/install/px4_ros2_cpp/include/px4_ros2/mission/mission.hpp
[46.317s] -- Installing: /home/gianni/SD/px4_ros2_ws/install/px4_ros2_cpp/include/px4_ros2/mission/trajectory
[46.317s] -- Installing: /home/gianni/SD/px4_ros2_ws/install/px4_ros2_cpp/include/px4_ros2/mission/trajectory/multicopter
[46.318s] -- Installing: /home/gianni/SD/px4_ros2_ws/install/px4_ros2_cpp/include/px4_ros2/mission/trajectory/multicopter/waypoint_trajectory_executor.hpp
[46.318s] -- Installing: /home/gianni/SD/px4_ros2_ws/install/px4_ros2_cpp/include/px4_ros2/mission/trajectory/multicopter/groups.dox
[46.318s] -- Installing: /home/gianni/SD/px4_ros2_ws/install/px4_ros2_cpp/include/px4_ros2/mission/trajectory/trajectory_executor.hpp
[46.318s] -- Installing: /home/gianni/SD/px4_ros2_ws/install/px4_ros2_cpp/include/px4_ros2/mission/groups.dox
[46.318s] -- Installing: /home/gianni/SD/px4_ros2_ws/install/px4_ros2_cpp/include/px4_ros2/mission/actions
[46.318s] -- Installing: /home/gianni/SD/px4_ros2_ws/install/px4_ros2_cpp/include/px4_ros2/mission/actions/default_actions.hpp
[46.318s] -- Installing: /home/gianni/SD/px4_ros2_ws/install/px4_ros2_cpp/include/px4_ros2/mission/actions/groups.dox
[46.318s] -- Installing: /home/gianni/SD/px4_ros2_ws/install/px4_ros2_cpp/include/px4_ros2/mission/actions/action.hpp
[46.318s] -- Installing: /home/gianni/SD/px4_ros2_ws/install/px4_ros2_cpp/include/px4_ros2/mission/mission_executor.hpp
[46.318s] -- Installing: /home/gianni/SD/px4_ros2_ws/install/px4_ros2_cpp/include/px4_ros2/navigation
[46.318s] -- Installing: /home/gianni/SD/px4_ros2_ws/install/px4_ros2_cpp/include/px4_ros2/navigation/experimental
[46.318s] -- Installing: /home/gianni/SD/px4_ros2_ws/install/px4_ros2_cpp/include/px4_ros2/navigation/experimental/navigation_interface_base.hpp
[46.318s] -- Installing: /home/gianni/SD/px4_ros2_ws/install/px4_ros2_cpp/include/px4_ros2/navigation/experimental/local_position_measurement_interface.hpp
[46.318s] -- Installing: /home/gianni/SD/px4_ros2_ws/install/px4_ros2_cpp/include/px4_ros2/navigation/experimental/global_position_measurement_interface.hpp
[46.319s] -- Installing: /home/gianni/SD/px4_ros2_ws/install/px4_ros2_cpp/include/px4_ros2/navigation/groups.dox
[46.319s] -- Installing: /home/gianni/SD/px4_ros2_ws/install/px4_ros2_cpp/lib/libpx4_ros2_cpp.so
[46.348s] -- Set non-toolchain portion of runtime path of "/home/gianni/SD/px4_ros2_ws/install/px4_ros2_cpp/lib/libpx4_ros2_cpp.so" to ""
[46.348s] -- Installing: /home/gianni/SD/px4_ros2_ws/install/px4_ros2_cpp/share/ament_index/resource_index/package_run_dependencies/px4_ros2_cpp
[46.349s] -- Installing: /home/gianni/SD/px4_ros2_ws/install/px4_ros2_cpp/share/ament_index/resource_index/parent_prefix_path/px4_ros2_cpp
[46.349s] -- Installing: /home/gianni/SD/px4_ros2_ws/install/px4_ros2_cpp/share/px4_ros2_cpp/environment/ament_prefix_path.sh
[46.349s] -- Installing: /home/gianni/SD/px4_ros2_ws/install/px4_ros2_cpp/share/px4_ros2_cpp/environment/ament_prefix_path.dsv
[46.349s] -- Installing: /home/gianni/SD/px4_ros2_ws/install/px4_ros2_cpp/share/px4_ros2_cpp/environment/path.sh
[46.349s] -- Installing: /home/gianni/SD/px4_ros2_ws/install/px4_ros2_cpp/share/px4_ros2_cpp/environment/path.dsv
[46.349s] -- Installing: /home/gianni/SD/px4_ros2_ws/install/px4_ros2_cpp/share/px4_ros2_cpp/local_setup.bash
[46.349s] -- Installing: /home/gianni/SD/px4_ros2_ws/install/px4_ros2_cpp/share/px4_ros2_cpp/local_setup.sh
[46.349s] -- Installing: /home/gianni/SD/px4_ros2_ws/install/px4_ros2_cpp/share/px4_ros2_cpp/local_setup.zsh
[46.349s] -- Installing: /home/gianni/SD/px4_ros2_ws/install/px4_ros2_cpp/share/px4_ros2_cpp/local_setup.dsv
[46.349s] -- Installing: /home/gianni/SD/px4_ros2_ws/install/px4_ros2_cpp/share/px4_ros2_cpp/package.dsv
[46.349s] -- Installing: /home/gianni/SD/px4_ros2_ws/install/px4_ros2_cpp/share/ament_index/resource_index/packages/px4_ros2_cpp
[46.349s] -- Installing: /home/gianni/SD/px4_ros2_ws/install/px4_ros2_cpp/share/px4_ros2_cpp/cmake/px4_ros2_cppExport.cmake
[46.349s] -- Installing: /home/gianni/SD/px4_ros2_ws/install/px4_ros2_cpp/share/px4_ros2_cpp/cmake/px4_ros2_cppExport-noconfig.cmake
[46.350s] -- Installing: /home/gianni/SD/px4_ros2_ws/install/px4_ros2_cpp/share/px4_ros2_cpp/cmake/ament_cmake_export_targets-extras.cmake
[46.350s] -- Installing: /home/gianni/SD/px4_ros2_ws/install/px4_ros2_cpp/share/px4_ros2_cpp/cmake/ament_cmake_export_dependencies-extras.cmake
[46.350s] -- Installing: /home/gianni/SD/px4_ros2_ws/install/px4_ros2_cpp/share/px4_ros2_cpp/cmake/px4_ros2_cppConfig.cmake
[46.350s] -- Installing: /home/gianni/SD/px4_ros2_ws/install/px4_ros2_cpp/share/px4_ros2_cpp/cmake/px4_ros2_cppConfig-version.cmake
[46.350s] -- Installing: /home/gianni/SD/px4_ros2_ws/install/px4_ros2_cpp/share/px4_ros2_cpp/package.xml
[46.351s] Invoked command in '/home/gianni/SD/px4_ros2_ws/build/px4_ros2_cpp' returned '0': AMENT_PREFIX_PATH=/home/gianni/SD/px4_ros2_ws/install/px4_msgs:${AMENT_PREFIX_PATH} CMAKE_PREFIX_PATH=/home/gianni/SD/px4_ros2_ws/install/px4_msgs:/home/gianni/SD/ros_gz_ws/install/test_ros_gz_bridge:/home/gianni/SD/ros_gz_ws/install/ros_gz:/home/gianni/SD/ros_gz_ws/install/ros_gz_sim_demos:/home/gianni/SD/ros_gz_ws/install/ros_gz_sim:/home/gianni/SD/ros_gz_ws/install/ros_gz_image:/home/gianni/SD/ros_gz_ws/install/ros_gz_bridge:/home/gianni/SD/ros_gz_ws/install/ros_gz_interfaces:/opt/ros/jazzy/opt/gz_sim_vendor:/opt/ros/jazzy/opt/gz_sensors_vendor:/opt/ros/jazzy/opt/gz_physics_vendor:/opt/ros/jazzy/opt/sdformat_vendor:/opt/ros/jazzy/opt/gz_gui_vendor:/opt/ros/jazzy/opt/gz_transport_vendor:/opt/ros/jazzy/opt/gz_rendering_vendor:/opt/ros/jazzy/opt/gz_plugin_vendor:/opt/ros/jazzy/opt/gz_fuel_tools_vendor:/opt/ros/jazzy/opt/gz_msgs_vendor:/opt/ros/jazzy/opt/gz_common_vendor:/opt/ros/jazzy/opt/gz_math_vendor:/opt/ros/jazzy/opt/gz_utils_vendor:/opt/ros/jazzy/opt/gz_tools_vendor:/opt/ros/jazzy/opt/gz_ogre_next_vendor:/opt/ros/jazzy/opt/gz_dartsim_vendor:/opt/ros/jazzy/opt/gz_cmake_vendor:/opt/ros/jazzy DEBUGINFOD_URLS=https://debuginfod.ubuntu.com LD_LIBRARY_PATH=/home/gianni/SD/px4_ros2_ws/install/px4_msgs/lib:${LD_LIBRARY_PATH} PYTHONPATH=/home/gianni/SD/px4_ros2_ws/install/px4_msgs/lib/python3.12/site-packages:${PYTHONPATH} /usr/bin/cmake --install /home/gianni/SD/px4_ros2_ws/build/px4_ros2_cpp
