[0.009s] Invoking command in '/home/gianni/SD/px4_ros2_ws/build/apriltag': CMAKE_PREFIX_PATH=${CMAKE_PREFIX_PATH}:/opt/ros/jazzy DEBUGINFOD_URLS=https://debuginfod.ubuntu.com /usr/bin/cmake --build /home/gianni/SD/px4_ros2_ws/build/apriltag -- -j20 -l20
[0.058s] [  2%] [34m[1mGenerating apriltag_detect_docstring.h, apriltag_detect_docstring.cxx[0m
[0.061s] [  4%] [34m[1mGenerating apriltag_py_type_docstring.h, apriltag_py_type_docstring.cxx[0m
[0.071s] [ 85%] Built target apriltag
[0.087s] [ 90%] Built target opencv_demo
[0.091s] [ 95%] Built target apriltag_demo
[0.091s] [ 95%] Built target apriltag_py_docstrings
[0.110s] [ 97%] [32mBuilding C object CMakeFiles/apriltag.cpython-312-x86_64-linux-gnu.dir/apriltag_pywrap.c.o[0m
[0.238s] [100%] [32m[1mLinking C shared module apriltag.cpython-312-x86_64-linux-gnu.so[0m
[0.279s] [100%] Built target apriltag.cpython-312-x86_64-linux-gnu
[0.290s] Invoked command in '/home/gianni/SD/px4_ros2_ws/build/apriltag' returned '0': CMAKE_PREFIX_PATH=${CMAKE_PREFIX_PATH}:/opt/ros/jazzy DEBUGINFOD_URLS=https://debuginfod.ubuntu.com /usr/bin/cmake --build /home/gianni/SD/px4_ros2_ws/build/apriltag -- -j20 -l20
[0.299s] Invoking command in '/home/gianni/SD/px4_ros2_ws/build/apriltag': CMAKE_PREFIX_PATH=${CMAKE_PREFIX_PATH}:/opt/ros/jazzy DEBUGINFOD_URLS=https://debuginfod.ubuntu.com /usr/bin/cmake --install /home/gianni/SD/px4_ros2_ws/build/apriltag
[0.307s] -- Install configuration: "Release"
[0.307s] -- Up-to-date: /home/gianni/SD/px4_ros2_ws/install/apriltag/include/apriltag/apriltag.h
[0.307s] -- Up-to-date: /home/gianni/SD/px4_ros2_ws/install/apriltag/include/apriltag/apriltag_math.h
[0.307s] -- Up-to-date: /home/gianni/SD/px4_ros2_ws/install/apriltag/include/apriltag/apriltag_pose.h
[0.307s] -- Up-to-date: /home/gianni/SD/px4_ros2_ws/install/apriltag/include/apriltag/common/debug_print.h
[0.307s] -- Up-to-date: /home/gianni/SD/px4_ros2_ws/install/apriltag/include/apriltag/common/doubles.h
[0.307s] -- Up-to-date: /home/gianni/SD/px4_ros2_ws/install/apriltag/include/apriltag/common/doubles_floats_impl.h
[0.307s] -- Up-to-date: /home/gianni/SD/px4_ros2_ws/install/apriltag/include/apriltag/common/floats.h
[0.307s] -- Up-to-date: /home/gianni/SD/px4_ros2_ws/install/apriltag/include/apriltag/common/g2d.h
[0.307s] -- Up-to-date: /home/gianni/SD/px4_ros2_ws/install/apriltag/include/apriltag/common/getopt.h
[0.307s] -- Up-to-date: /home/gianni/SD/px4_ros2_ws/install/apriltag/include/apriltag/common/homography.h
[0.307s] -- Up-to-date: /home/gianni/SD/px4_ros2_ws/install/apriltag/include/apriltag/common/image_types.h
[0.307s] -- Up-to-date: /home/gianni/SD/px4_ros2_ws/install/apriltag/include/apriltag/common/image_u8.h
[0.308s] -- Up-to-date: /home/gianni/SD/px4_ros2_ws/install/apriltag/include/apriltag/common/image_u8_parallel.h
[0.308s] -- Up-to-date: /home/gianni/SD/px4_ros2_ws/install/apriltag/include/apriltag/common/image_u8x3.h
[0.308s] -- Up-to-date: /home/gianni/SD/px4_ros2_ws/install/apriltag/include/apriltag/common/image_u8x4.h
[0.308s] -- Up-to-date: /home/gianni/SD/px4_ros2_ws/install/apriltag/include/apriltag/common/matd.h
[0.308s] -- Up-to-date: /home/gianni/SD/px4_ros2_ws/install/apriltag/include/apriltag/common/math_util.h
[0.308s] -- Up-to-date: /home/gianni/SD/px4_ros2_ws/install/apriltag/include/apriltag/common/pam.h
[0.308s] -- Up-to-date: /home/gianni/SD/px4_ros2_ws/install/apriltag/include/apriltag/common/pjpeg.h
[0.308s] -- Up-to-date: /home/gianni/SD/px4_ros2_ws/install/apriltag/include/apriltag/common/pnm.h
[0.308s] -- Up-to-date: /home/gianni/SD/px4_ros2_ws/install/apriltag/include/apriltag/common/postscript_utils.h
[0.308s] -- Up-to-date: /home/gianni/SD/px4_ros2_ws/install/apriltag/include/apriltag/common/pthreads_cross.h
[0.308s] -- Up-to-date: /home/gianni/SD/px4_ros2_ws/install/apriltag/include/apriltag/common/string_util.h
[0.308s] -- Up-to-date: /home/gianni/SD/px4_ros2_ws/install/apriltag/include/apriltag/common/svd22.h
[0.308s] -- Up-to-date: /home/gianni/SD/px4_ros2_ws/install/apriltag/include/apriltag/common/time_util.h
[0.308s] -- Up-to-date: /home/gianni/SD/px4_ros2_ws/install/apriltag/include/apriltag/common/timeprofile.h
[0.308s] -- Up-to-date: /home/gianni/SD/px4_ros2_ws/install/apriltag/include/apriltag/common/unionfind.h
[0.308s] -- Up-to-date: /home/gianni/SD/px4_ros2_ws/install/apriltag/include/apriltag/common/workerpool.h
[0.308s] -- Up-to-date: /home/gianni/SD/px4_ros2_ws/install/apriltag/include/apriltag/common/zarray.h
[0.308s] -- Up-to-date: /home/gianni/SD/px4_ros2_ws/install/apriltag/include/apriltag/common/zhash.h
[0.308s] -- Up-to-date: /home/gianni/SD/px4_ros2_ws/install/apriltag/include/apriltag/common/zmaxheap.h
[0.308s] -- Up-to-date: /home/gianni/SD/px4_ros2_ws/install/apriltag/include/apriltag/tag16h5.h
[0.308s] -- Up-to-date: /home/gianni/SD/px4_ros2_ws/install/apriltag/include/apriltag/tag25h9.h
[0.308s] -- Up-to-date: /home/gianni/SD/px4_ros2_ws/install/apriltag/include/apriltag/tag36h10.h
[0.308s] -- Up-to-date: /home/gianni/SD/px4_ros2_ws/install/apriltag/include/apriltag/tag36h11.h
[0.308s] -- Up-to-date: /home/gianni/SD/px4_ros2_ws/install/apriltag/include/apriltag/tagCircle21h7.h
[0.309s] -- Up-to-date: /home/gianni/SD/px4_ros2_ws/install/apriltag/include/apriltag/tagCircle49h12.h
[0.309s] -- Up-to-date: /home/gianni/SD/px4_ros2_ws/install/apriltag/include/apriltag/tagCustom48h12.h
[0.309s] -- Up-to-date: /home/gianni/SD/px4_ros2_ws/install/apriltag/include/apriltag/tagStandard41h12.h
[0.309s] -- Up-to-date: /home/gianni/SD/px4_ros2_ws/install/apriltag/include/apriltag/tagStandard52h13.h
[0.309s] -- Up-to-date: /home/gianni/SD/px4_ros2_ws/install/apriltag/lib/libapriltag.so.3.4.5
[0.309s] -- Up-to-date: /home/gianni/SD/px4_ros2_ws/install/apriltag/lib/libapriltag.so.3
[0.309s] -- Up-to-date: /home/gianni/SD/px4_ros2_ws/install/apriltag/lib/libapriltag.so
[0.309s] -- Up-to-date: /home/gianni/SD/px4_ros2_ws/install/apriltag/lib/apriltag/cmake/apriltagTargets.cmake
[0.309s] -- Up-to-date: /home/gianni/SD/px4_ros2_ws/install/apriltag/lib/apriltag/cmake/apriltagTargets-release.cmake
[0.309s] -- Up-to-date: /home/gianni/SD/px4_ros2_ws/install/apriltag/lib/apriltag/cmake/apriltagConfig.cmake
[0.309s] -- Up-to-date: /home/gianni/SD/px4_ros2_ws/install/apriltag/lib/apriltag/cmake/apriltagConfigVersion.cmake
[0.309s] -- Up-to-date: /home/gianni/SD/px4_ros2_ws/install/apriltag/lib/pkgconfig/apriltag.pc
[0.309s] -- Installing: /home/gianni/SD/px4_ros2_ws/install/apriltag/lib/python3.12/site-packages/apriltag.cpython-312-x86_64-linux-gnu.so
[0.309s] -- Set non-toolchain portion of runtime path of "/home/gianni/SD/px4_ros2_ws/install/apriltag/lib/python3.12/site-packages/apriltag.cpython-312-x86_64-linux-gnu.so" to ""
[0.309s] -- Up-to-date: /home/gianni/SD/px4_ros2_ws/install/apriltag/bin/opencv_demo
[0.309s] -- Up-to-date: /home/gianni/SD/px4_ros2_ws/install/apriltag/bin/apriltag_demo
[0.322s] Invoked command in '/home/gianni/SD/px4_ros2_ws/build/apriltag' returned '0': CMAKE_PREFIX_PATH=${CMAKE_PREFIX_PATH}:/opt/ros/jazzy DEBUGINFOD_URLS=https://debuginfod.ubuntu.com /usr/bin/cmake --install /home/gianni/SD/px4_ros2_ws/build/apriltag
