[0.008s] Invoking command in '/home/gianni/SD/px4_ros2_ws/build/apriltag_msgs': CMAKE_PREFIX_PATH=${CMAKE_PREFIX_PATH}:/opt/ros/jazzy DEBUGINFOD_URLS=https://debuginfod.ubuntu.com /usr/bin/cmake --build /home/gianni/SD/px4_ros2_ws/build/apriltag_msgs -- -j20 -l20
[0.056s] [  1%] Built target apriltag_msgs__rosidl_generator_type_description
[0.062s] [  1%] Built target ament_cmake_python_copy_apriltag_msgs
[0.073s] [  3%] Built target apriltag_msgs__cpp
[0.074s] [ 24%] Built target apriltag_msgs__rosidl_generator_c
[0.089s] [ 33%] Built target apriltag_msgs__rosidl_typesupport_c
[0.090s] [ 42%] Built target apriltag_msgs__rosidl_typesupport_introspection_c
[0.092s] [ 51%] Built target apriltag_msgs__rosidl_typesupport_fastrtps_c
[0.097s] [ 61%] Built target apriltag_msgs__rosidl_typesupport_cpp
[0.098s] [ 70%] Built target apriltag_msgs__rosidl_typesupport_introspection_cpp
[0.099s] [ 79%] Built target apriltag_msgs__rosidl_typesupport_fastrtps_cpp
[0.119s] [ 79%] Built target apriltag_msgs
[0.143s] [ 81%] Built target apriltag_msgs__py
[0.174s] [ 88%] Built target apriltag_msgs__rosidl_generator_py
[0.196s] [ 92%] Built target apriltag_msgs_s__rosidl_typesupport_fastrtps_c
[0.198s] [ 96%] Built target apriltag_msgs_s__rosidl_typesupport_introspection_c
[0.199s] [100%] Built target apriltag_msgs_s__rosidl_typesupport_c
[0.214s] running egg_info
[0.226s] writing apriltag_msgs.egg-info/PKG-INFO
[0.226s] writing dependency_links to apriltag_msgs.egg-info/dependency_links.txt
[0.227s] writing top-level names to apriltag_msgs.egg-info/top_level.txt
[0.263s] reading manifest file 'apriltag_msgs.egg-info/SOURCES.txt'
[0.263s] writing manifest file 'apriltag_msgs.egg-info/SOURCES.txt'
[0.283s] [100%] Built target ament_cmake_python_build_apriltag_msgs_egg
[0.297s] Invoked command in '/home/gianni/SD/px4_ros2_ws/build/apriltag_msgs' returned '0': CMAKE_PREFIX_PATH=${CMAKE_PREFIX_PATH}:/opt/ros/jazzy DEBUGINFOD_URLS=https://debuginfod.ubuntu.com /usr/bin/cmake --build /home/gianni/SD/px4_ros2_ws/build/apriltag_msgs -- -j20 -l20
[0.298s] Invoking command in '/home/gianni/SD/px4_ros2_ws/build/apriltag_msgs': CMAKE_PREFIX_PATH=${CMAKE_PREFIX_PATH}:/opt/ros/jazzy DEBUGINFOD_URLS=https://debuginfod.ubuntu.com /usr/bin/cmake --install /home/gianni/SD/px4_ros2_ws/build/apriltag_msgs
[0.304s] -- Install configuration: ""
[0.304s] -- Up-to-date: /home/gianni/SD/px4_ros2_ws/install/apriltag_msgs/share/ament_index/resource_index/rosidl_interfaces/apriltag_msgs
[0.304s] -- Up-to-date: /home/gianni/SD/px4_ros2_ws/install/apriltag_msgs/share/apriltag_msgs/msg/Point.json
[0.306s] -- Up-to-date: /home/gianni/SD/px4_ros2_ws/install/apriltag_msgs/share/apriltag_msgs/msg/AprilTagDetection.json
[0.306s] -- Up-to-date: /home/gianni/SD/px4_ros2_ws/install/apriltag_msgs/share/apriltag_msgs/msg/AprilTagDetectionArray.json
[0.306s] -- Up-to-date: /home/gianni/SD/px4_ros2_ws/install/apriltag_msgs/include/apriltag_msgs/apriltag_msgs
[0.306s] -- Up-to-date: /home/gianni/SD/px4_ros2_ws/install/apriltag_msgs/include/apriltag_msgs/apriltag_msgs/msg
[0.306s] -- Up-to-date: /home/gianni/SD/px4_ros2_ws/install/apriltag_msgs/include/apriltag_msgs/apriltag_msgs/msg/april_tag_detection_array.h
[0.306s] -- Up-to-date: /home/gianni/SD/px4_ros2_ws/install/apriltag_msgs/include/apriltag_msgs/apriltag_msgs/msg/detail
[0.306s] -- Up-to-date: /home/gianni/SD/px4_ros2_ws/install/apriltag_msgs/include/apriltag_msgs/apriltag_msgs/msg/detail/point__type_support.h
[0.306s] -- Up-to-date: /home/gianni/SD/px4_ros2_ws/install/apriltag_msgs/include/apriltag_msgs/apriltag_msgs/msg/detail/april_tag_detection_array__functions.h
[0.306s] -- Up-to-date: /home/gianni/SD/px4_ros2_ws/install/apriltag_msgs/include/apriltag_msgs/apriltag_msgs/msg/detail/april_tag_detection__functions.h
[0.307s] -- Up-to-date: /home/gianni/SD/px4_ros2_ws/install/apriltag_msgs/include/apriltag_msgs/apriltag_msgs/msg/detail/point__functions.c
[0.307s] -- Up-to-date: /home/gianni/SD/px4_ros2_ws/install/apriltag_msgs/include/apriltag_msgs/apriltag_msgs/msg/detail/april_tag_detection_array__type_support.h
[0.307s] -- Up-to-date: /home/gianni/SD/px4_ros2_ws/install/apriltag_msgs/include/apriltag_msgs/apriltag_msgs/msg/detail/point__struct.h
[0.307s] -- Up-to-date: /home/gianni/SD/px4_ros2_ws/install/apriltag_msgs/include/apriltag_msgs/apriltag_msgs/msg/detail/point__functions.h
[0.307s] -- Up-to-date: /home/gianni/SD/px4_ros2_ws/install/apriltag_msgs/include/apriltag_msgs/apriltag_msgs/msg/detail/april_tag_detection__struct.h
[0.307s] -- Up-to-date: /home/gianni/SD/px4_ros2_ws/install/apriltag_msgs/include/apriltag_msgs/apriltag_msgs/msg/detail/april_tag_detection__functions.c
[0.307s] -- Up-to-date: /home/gianni/SD/px4_ros2_ws/install/apriltag_msgs/include/apriltag_msgs/apriltag_msgs/msg/detail/april_tag_detection_array__type_support.c
[0.307s] -- Up-to-date: /home/gianni/SD/px4_ros2_ws/install/apriltag_msgs/include/apriltag_msgs/apriltag_msgs/msg/detail/april_tag_detection_array__functions.c
[0.307s] -- Up-to-date: /home/gianni/SD/px4_ros2_ws/install/apriltag_msgs/include/apriltag_msgs/apriltag_msgs/msg/detail/point__type_support.c
[0.307s] -- Up-to-date: /home/gianni/SD/px4_ros2_ws/install/apriltag_msgs/include/apriltag_msgs/apriltag_msgs/msg/detail/april_tag_detection_array__description.c
[0.307s] -- Up-to-date: /home/gianni/SD/px4_ros2_ws/install/apriltag_msgs/include/apriltag_msgs/apriltag_msgs/msg/detail/april_tag_detection__description.c
[0.307s] -- Up-to-date: /home/gianni/SD/px4_ros2_ws/install/apriltag_msgs/include/apriltag_msgs/apriltag_msgs/msg/detail/point__description.c
[0.307s] -- Up-to-date: /home/gianni/SD/px4_ros2_ws/install/apriltag_msgs/include/apriltag_msgs/apriltag_msgs/msg/detail/april_tag_detection__type_support.c
[0.307s] -- Up-to-date: /home/gianni/SD/px4_ros2_ws/install/apriltag_msgs/include/apriltag_msgs/apriltag_msgs/msg/detail/april_tag_detection__type_support.h
[0.307s] -- Up-to-date: /home/gianni/SD/px4_ros2_ws/install/apriltag_msgs/include/apriltag_msgs/apriltag_msgs/msg/detail/april_tag_detection_array__struct.h
[0.307s] -- Up-to-date: /home/gianni/SD/px4_ros2_ws/install/apriltag_msgs/include/apriltag_msgs/apriltag_msgs/msg/point.h
[0.307s] -- Up-to-date: /home/gianni/SD/px4_ros2_ws/install/apriltag_msgs/include/apriltag_msgs/apriltag_msgs/msg/rosidl_generator_c__visibility_control.h
[0.307s] -- Up-to-date: /home/gianni/SD/px4_ros2_ws/install/apriltag_msgs/include/apriltag_msgs/apriltag_msgs/msg/april_tag_detection.h
[0.307s] -- Up-to-date: /home/gianni/SD/px4_ros2_ws/install/apriltag_msgs/share/apriltag_msgs/environment/library_path.sh
[0.307s] -- Up-to-date: /home/gianni/SD/px4_ros2_ws/install/apriltag_msgs/share/apriltag_msgs/environment/library_path.dsv
[0.307s] -- Up-to-date: /home/gianni/SD/px4_ros2_ws/install/apriltag_msgs/lib/libapriltag_msgs__rosidl_generator_c.so
[0.307s] -- Up-to-date: /home/gianni/SD/px4_ros2_ws/install/apriltag_msgs/include/apriltag_msgs/apriltag_msgs
[0.307s] -- Up-to-date: /home/gianni/SD/px4_ros2_ws/install/apriltag_msgs/include/apriltag_msgs/apriltag_msgs/msg
[0.308s] -- Up-to-date: /home/gianni/SD/px4_ros2_ws/install/apriltag_msgs/include/apriltag_msgs/apriltag_msgs/msg/detail
[0.308s] -- Up-to-date: /home/gianni/SD/px4_ros2_ws/install/apriltag_msgs/include/apriltag_msgs/apriltag_msgs/msg/detail/april_tag_detection__rosidl_typesupport_fastrtps_c.h
[0.308s] -- Up-to-date: /home/gianni/SD/px4_ros2_ws/install/apriltag_msgs/include/apriltag_msgs/apriltag_msgs/msg/detail/point__rosidl_typesupport_fastrtps_c.h
[0.308s] -- Up-to-date: /home/gianni/SD/px4_ros2_ws/install/apriltag_msgs/include/apriltag_msgs/apriltag_msgs/msg/detail/april_tag_detection_array__rosidl_typesupport_fastrtps_c.h
[0.309s] -- Up-to-date: /home/gianni/SD/px4_ros2_ws/install/apriltag_msgs/include/apriltag_msgs/apriltag_msgs/msg/rosidl_typesupport_fastrtps_c__visibility_control.h
[0.309s] -- Up-to-date: /home/gianni/SD/px4_ros2_ws/install/apriltag_msgs/lib/libapriltag_msgs__rosidl_typesupport_fastrtps_c.so
[0.309s] -- Up-to-date: /home/gianni/SD/px4_ros2_ws/install/apriltag_msgs/include/apriltag_msgs/apriltag_msgs
[0.309s] -- Up-to-date: /home/gianni/SD/px4_ros2_ws/install/apriltag_msgs/include/apriltag_msgs/apriltag_msgs/msg
[0.309s] -- Up-to-date: /home/gianni/SD/px4_ros2_ws/install/apriltag_msgs/include/apriltag_msgs/apriltag_msgs/msg/detail
[0.309s] -- Up-to-date: /home/gianni/SD/px4_ros2_ws/install/apriltag_msgs/include/apriltag_msgs/apriltag_msgs/msg/detail/april_tag_detection_array__rosidl_typesupport_introspection_c.h
[0.309s] -- Up-to-date: /home/gianni/SD/px4_ros2_ws/install/apriltag_msgs/include/apriltag_msgs/apriltag_msgs/msg/detail/april_tag_detection_array__type_support.c
[0.310s] -- Up-to-date: /home/gianni/SD/px4_ros2_ws/install/apriltag_msgs/include/apriltag_msgs/apriltag_msgs/msg/detail/point__type_support.c
[0.310s] -- Up-to-date: /home/gianni/SD/px4_ros2_ws/install/apriltag_msgs/include/apriltag_msgs/apriltag_msgs/msg/detail/april_tag_detection__rosidl_typesupport_introspection_c.h
[0.310s] -- Up-to-date: /home/gianni/SD/px4_ros2_ws/install/apriltag_msgs/include/apriltag_msgs/apriltag_msgs/msg/detail/point__rosidl_typesupport_introspection_c.h
[0.310s] -- Up-to-date: /home/gianni/SD/px4_ros2_ws/install/apriltag_msgs/include/apriltag_msgs/apriltag_msgs/msg/detail/april_tag_detection__type_support.c
[0.310s] -- Up-to-date: /home/gianni/SD/px4_ros2_ws/install/apriltag_msgs/include/apriltag_msgs/apriltag_msgs/msg/rosidl_typesupport_introspection_c__visibility_control.h
[0.310s] -- Up-to-date: /home/gianni/SD/px4_ros2_ws/install/apriltag_msgs/lib/libapriltag_msgs__rosidl_typesupport_introspection_c.so
[0.311s] -- Up-to-date: /home/gianni/SD/px4_ros2_ws/install/apriltag_msgs/lib/libapriltag_msgs__rosidl_typesupport_c.so
[0.311s] -- Up-to-date: /home/gianni/SD/px4_ros2_ws/install/apriltag_msgs/include/apriltag_msgs/apriltag_msgs
[0.311s] -- Up-to-date: /home/gianni/SD/px4_ros2_ws/install/apriltag_msgs/include/apriltag_msgs/apriltag_msgs/msg
[0.312s] -- Up-to-date: /home/gianni/SD/px4_ros2_ws/install/apriltag_msgs/include/apriltag_msgs/apriltag_msgs/msg/point.hpp
[0.312s] -- Up-to-date: /home/gianni/SD/px4_ros2_ws/install/apriltag_msgs/include/apriltag_msgs/apriltag_msgs/msg/detail
[0.312s] -- Up-to-date: /home/gianni/SD/px4_ros2_ws/install/apriltag_msgs/include/apriltag_msgs/apriltag_msgs/msg/detail/point__type_support.hpp
[0.312s] -- Up-to-date: /home/gianni/SD/px4_ros2_ws/install/apriltag_msgs/include/apriltag_msgs/apriltag_msgs/msg/detail/april_tag_detection_array__traits.hpp
[0.312s] -- Up-to-date: /home/gianni/SD/px4_ros2_ws/install/apriltag_msgs/include/apriltag_msgs/apriltag_msgs/msg/detail/april_tag_detection__builder.hpp
[0.313s] -- Up-to-date: /home/gianni/SD/px4_ros2_ws/install/apriltag_msgs/include/apriltag_msgs/apriltag_msgs/msg/detail/april_tag_detection_array__struct.hpp
[0.313s] -- Up-to-date: /home/gianni/SD/px4_ros2_ws/install/apriltag_msgs/include/apriltag_msgs/apriltag_msgs/msg/detail/april_tag_detection__struct.hpp
[0.313s] -- Up-to-date: /home/gianni/SD/px4_ros2_ws/install/apriltag_msgs/include/apriltag_msgs/apriltag_msgs/msg/detail/point__traits.hpp
[0.313s] -- Up-to-date: /home/gianni/SD/px4_ros2_ws/install/apriltag_msgs/include/apriltag_msgs/apriltag_msgs/msg/detail/april_tag_detection_array__type_support.hpp
[0.313s] -- Up-to-date: /home/gianni/SD/px4_ros2_ws/install/apriltag_msgs/include/apriltag_msgs/apriltag_msgs/msg/detail/april_tag_detection_array__builder.hpp
[0.313s] -- Up-to-date: /home/gianni/SD/px4_ros2_ws/install/apriltag_msgs/include/apriltag_msgs/apriltag_msgs/msg/detail/point__builder.hpp
[0.313s] -- Up-to-date: /home/gianni/SD/px4_ros2_ws/install/apriltag_msgs/include/apriltag_msgs/apriltag_msgs/msg/detail/point__struct.hpp
[0.313s] -- Up-to-date: /home/gianni/SD/px4_ros2_ws/install/apriltag_msgs/include/apriltag_msgs/apriltag_msgs/msg/detail/april_tag_detection__type_support.hpp
[0.313s] -- Up-to-date: /home/gianni/SD/px4_ros2_ws/install/apriltag_msgs/include/apriltag_msgs/apriltag_msgs/msg/detail/april_tag_detection__traits.hpp
[0.313s] -- Up-to-date: /home/gianni/SD/px4_ros2_ws/install/apriltag_msgs/include/apriltag_msgs/apriltag_msgs/msg/rosidl_generator_cpp__visibility_control.hpp
[0.314s] -- Up-to-date: /home/gianni/SD/px4_ros2_ws/install/apriltag_msgs/include/apriltag_msgs/apriltag_msgs/msg/april_tag_detection.hpp
[0.314s] -- Up-to-date: /home/gianni/SD/px4_ros2_ws/install/apriltag_msgs/include/apriltag_msgs/apriltag_msgs/msg/april_tag_detection_array.hpp
[0.314s] -- Up-to-date: /home/gianni/SD/px4_ros2_ws/install/apriltag_msgs/include/apriltag_msgs/apriltag_msgs
[0.314s] -- Up-to-date: /home/gianni/SD/px4_ros2_ws/install/apriltag_msgs/include/apriltag_msgs/apriltag_msgs/msg
[0.314s] -- Up-to-date: /home/gianni/SD/px4_ros2_ws/install/apriltag_msgs/include/apriltag_msgs/apriltag_msgs/msg/rosidl_typesupport_fastrtps_cpp__visibility_control.h
[0.314s] -- Up-to-date: /home/gianni/SD/px4_ros2_ws/install/apriltag_msgs/include/apriltag_msgs/apriltag_msgs/msg/detail
[0.314s] -- Up-to-date: /home/gianni/SD/px4_ros2_ws/install/apriltag_msgs/include/apriltag_msgs/apriltag_msgs/msg/detail/april_tag_detection_array__rosidl_typesupport_fastrtps_cpp.hpp
[0.314s] -- Up-to-date: /home/gianni/SD/px4_ros2_ws/install/apriltag_msgs/include/apriltag_msgs/apriltag_msgs/msg/detail/dds_fastrtps
[0.314s] -- Up-to-date: /home/gianni/SD/px4_ros2_ws/install/apriltag_msgs/include/apriltag_msgs/apriltag_msgs/msg/detail/april_tag_detection__rosidl_typesupport_fastrtps_cpp.hpp
[0.314s] -- Up-to-date: /home/gianni/SD/px4_ros2_ws/install/apriltag_msgs/include/apriltag_msgs/apriltag_msgs/msg/detail/point__rosidl_typesupport_fastrtps_cpp.hpp
[0.315s] -- Up-to-date: /home/gianni/SD/px4_ros2_ws/install/apriltag_msgs/lib/libapriltag_msgs__rosidl_typesupport_fastrtps_cpp.so
[0.315s] -- Up-to-date: /home/gianni/SD/px4_ros2_ws/install/apriltag_msgs/include/apriltag_msgs/apriltag_msgs
[0.315s] -- Up-to-date: /home/gianni/SD/px4_ros2_ws/install/apriltag_msgs/include/apriltag_msgs/apriltag_msgs/msg
[0.315s] -- Up-to-date: /home/gianni/SD/px4_ros2_ws/install/apriltag_msgs/include/apriltag_msgs/apriltag_msgs/msg/detail
[0.315s] -- Up-to-date: /home/gianni/SD/px4_ros2_ws/install/apriltag_msgs/include/apriltag_msgs/apriltag_msgs/msg/detail/april_tag_detection_array__type_support.cpp
[0.315s] -- Up-to-date: /home/gianni/SD/px4_ros2_ws/install/apriltag_msgs/include/apriltag_msgs/apriltag_msgs/msg/detail/april_tag_detection__type_support.cpp
[0.315s] -- Up-to-date: /home/gianni/SD/px4_ros2_ws/install/apriltag_msgs/include/apriltag_msgs/apriltag_msgs/msg/detail/point__rosidl_typesupport_introspection_cpp.hpp
[0.315s] -- Up-to-date: /home/gianni/SD/px4_ros2_ws/install/apriltag_msgs/include/apriltag_msgs/apriltag_msgs/msg/detail/april_tag_detection_array__rosidl_typesupport_introspection_cpp.hpp
[0.315s] -- Up-to-date: /home/gianni/SD/px4_ros2_ws/install/apriltag_msgs/include/apriltag_msgs/apriltag_msgs/msg/detail/april_tag_detection__rosidl_typesupport_introspection_cpp.hpp
[0.316s] -- Up-to-date: /home/gianni/SD/px4_ros2_ws/install/apriltag_msgs/include/apriltag_msgs/apriltag_msgs/msg/detail/point__type_support.cpp
[0.316s] -- Up-to-date: /home/gianni/SD/px4_ros2_ws/install/apriltag_msgs/lib/libapriltag_msgs__rosidl_typesupport_introspection_cpp.so
[0.316s] -- Up-to-date: /home/gianni/SD/px4_ros2_ws/install/apriltag_msgs/lib/libapriltag_msgs__rosidl_typesupport_cpp.so
[0.316s] -- Up-to-date: /home/gianni/SD/px4_ros2_ws/install/apriltag_msgs/share/apriltag_msgs/environment/pythonpath.sh
[0.316s] -- Up-to-date: /home/gianni/SD/px4_ros2_ws/install/apriltag_msgs/share/apriltag_msgs/environment/pythonpath.dsv
[0.316s] -- Up-to-date: /home/gianni/SD/px4_ros2_ws/install/apriltag_msgs/lib/python3.12/site-packages/apriltag_msgs-2.0.1-py3.12.egg-info
[0.316s] -- Installing: /home/gianni/SD/px4_ros2_ws/install/apriltag_msgs/lib/python3.12/site-packages/apriltag_msgs-2.0.1-py3.12.egg-info/dependency_links.txt
[0.316s] -- Installing: /home/gianni/SD/px4_ros2_ws/install/apriltag_msgs/lib/python3.12/site-packages/apriltag_msgs-2.0.1-py3.12.egg-info/SOURCES.txt
[0.316s] -- Installing: /home/gianni/SD/px4_ros2_ws/install/apriltag_msgs/lib/python3.12/site-packages/apriltag_msgs-2.0.1-py3.12.egg-info/top_level.txt
[0.316s] -- Installing: /home/gianni/SD/px4_ros2_ws/install/apriltag_msgs/lib/python3.12/site-packages/apriltag_msgs-2.0.1-py3.12.egg-info/PKG-INFO
[0.317s] -- Up-to-date: /home/gianni/SD/px4_ros2_ws/install/apriltag_msgs/lib/python3.12/site-packages/apriltag_msgs
[0.317s] -- Up-to-date: /home/gianni/SD/px4_ros2_ws/install/apriltag_msgs/lib/python3.12/site-packages/apriltag_msgs/_apriltag_msgs_s.ep.rosidl_typesupport_introspection_c.c
[0.317s] -- Up-to-date: /home/gianni/SD/px4_ros2_ws/install/apriltag_msgs/lib/python3.12/site-packages/apriltag_msgs/apriltag_msgs_s__rosidl_typesupport_introspection_c.so
[0.317s] -- Up-to-date: /home/gianni/SD/px4_ros2_ws/install/apriltag_msgs/lib/python3.12/site-packages/apriltag_msgs/apriltag_msgs_s__rosidl_typesupport_fastrtps_c.so
[0.317s] -- Up-to-date: /home/gianni/SD/px4_ros2_ws/install/apriltag_msgs/lib/python3.12/site-packages/apriltag_msgs/msg
[0.317s] -- Up-to-date: /home/gianni/SD/px4_ros2_ws/install/apriltag_msgs/lib/python3.12/site-packages/apriltag_msgs/msg/_april_tag_detection_s.c
[0.317s] -- Up-to-date: /home/gianni/SD/px4_ros2_ws/install/apriltag_msgs/lib/python3.12/site-packages/apriltag_msgs/msg/_april_tag_detection_array_s.c
[0.318s] -- Up-to-date: /home/gianni/SD/px4_ros2_ws/install/apriltag_msgs/lib/python3.12/site-packages/apriltag_msgs/msg/_point_s.c
[0.318s] -- Up-to-date: /home/gianni/SD/px4_ros2_ws/install/apriltag_msgs/lib/python3.12/site-packages/apriltag_msgs/msg/_april_tag_detection.py
[0.318s] -- Up-to-date: /home/gianni/SD/px4_ros2_ws/install/apriltag_msgs/lib/python3.12/site-packages/apriltag_msgs/msg/_april_tag_detection_array.py
[0.318s] -- Up-to-date: /home/gianni/SD/px4_ros2_ws/install/apriltag_msgs/lib/python3.12/site-packages/apriltag_msgs/msg/__init__.py
[0.318s] -- Up-to-date: /home/gianni/SD/px4_ros2_ws/install/apriltag_msgs/lib/python3.12/site-packages/apriltag_msgs/msg/_point.py
[0.318s] -- Up-to-date: /home/gianni/SD/px4_ros2_ws/install/apriltag_msgs/lib/python3.12/site-packages/apriltag_msgs/_apriltag_msgs_s.ep.rosidl_typesupport_c.c
[0.318s] -- Up-to-date: /home/gianni/SD/px4_ros2_ws/install/apriltag_msgs/lib/python3.12/site-packages/apriltag_msgs/apriltag_msgs_s__rosidl_typesupport_c.so
[0.318s] -- Up-to-date: /home/gianni/SD/px4_ros2_ws/install/apriltag_msgs/lib/python3.12/site-packages/apriltag_msgs/_apriltag_msgs_s.ep.rosidl_typesupport_fastrtps_c.c
[0.318s] -- Up-to-date: /home/gianni/SD/px4_ros2_ws/install/apriltag_msgs/lib/python3.12/site-packages/apriltag_msgs/__init__.py
[0.337s] Listing '/home/gianni/SD/px4_ros2_ws/install/apriltag_msgs/lib/python3.12/site-packages/apriltag_msgs'...
[0.337s] Listing '/home/gianni/SD/px4_ros2_ws/install/apriltag_msgs/lib/python3.12/site-packages/apriltag_msgs/msg'...
[0.341s] -- Up-to-date: /home/gianni/SD/px4_ros2_ws/install/apriltag_msgs/lib/python3.12/site-packages/apriltag_msgs/apriltag_msgs_s__rosidl_typesupport_fastrtps_c.so
[0.341s] -- Up-to-date: /home/gianni/SD/px4_ros2_ws/install/apriltag_msgs/lib/python3.12/site-packages/apriltag_msgs/apriltag_msgs_s__rosidl_typesupport_introspection_c.so
[0.341s] -- Up-to-date: /home/gianni/SD/px4_ros2_ws/install/apriltag_msgs/lib/python3.12/site-packages/apriltag_msgs/apriltag_msgs_s__rosidl_typesupport_c.so
[0.341s] -- Up-to-date: /home/gianni/SD/px4_ros2_ws/install/apriltag_msgs/lib/libapriltag_msgs__rosidl_generator_py.so
[0.341s] -- Up-to-date: /home/gianni/SD/px4_ros2_ws/install/apriltag_msgs/share/apriltag_msgs/msg/Point.idl
[0.341s] -- Up-to-date: /home/gianni/SD/px4_ros2_ws/install/apriltag_msgs/share/apriltag_msgs/msg/AprilTagDetection.idl
[0.341s] -- Up-to-date: /home/gianni/SD/px4_ros2_ws/install/apriltag_msgs/share/apriltag_msgs/msg/AprilTagDetectionArray.idl
[0.341s] -- Up-to-date: /home/gianni/SD/px4_ros2_ws/install/apriltag_msgs/share/apriltag_msgs/msg/Point.msg
[0.341s] -- Up-to-date: /home/gianni/SD/px4_ros2_ws/install/apriltag_msgs/share/apriltag_msgs/msg/AprilTagDetection.msg
[0.341s] -- Up-to-date: /home/gianni/SD/px4_ros2_ws/install/apriltag_msgs/share/apriltag_msgs/msg/AprilTagDetectionArray.msg
[0.341s] -- Up-to-date: /home/gianni/SD/px4_ros2_ws/install/apriltag_msgs/share/ament_index/resource_index/package_run_dependencies/apriltag_msgs
[0.342s] -- Up-to-date: /home/gianni/SD/px4_ros2_ws/install/apriltag_msgs/share/ament_index/resource_index/parent_prefix_path/apriltag_msgs
[0.342s] -- Up-to-date: /home/gianni/SD/px4_ros2_ws/install/apriltag_msgs/share/apriltag_msgs/environment/ament_prefix_path.sh
[0.342s] -- Up-to-date: /home/gianni/SD/px4_ros2_ws/install/apriltag_msgs/share/apriltag_msgs/environment/ament_prefix_path.dsv
[0.342s] -- Up-to-date: /home/gianni/SD/px4_ros2_ws/install/apriltag_msgs/share/apriltag_msgs/environment/path.sh
[0.342s] -- Up-to-date: /home/gianni/SD/px4_ros2_ws/install/apriltag_msgs/share/apriltag_msgs/environment/path.dsv
[0.342s] -- Up-to-date: /home/gianni/SD/px4_ros2_ws/install/apriltag_msgs/share/apriltag_msgs/local_setup.bash
[0.342s] -- Up-to-date: /home/gianni/SD/px4_ros2_ws/install/apriltag_msgs/share/apriltag_msgs/local_setup.sh
[0.342s] -- Up-to-date: /home/gianni/SD/px4_ros2_ws/install/apriltag_msgs/share/apriltag_msgs/local_setup.zsh
[0.342s] -- Up-to-date: /home/gianni/SD/px4_ros2_ws/install/apriltag_msgs/share/apriltag_msgs/local_setup.dsv
[0.342s] -- Installing: /home/gianni/SD/px4_ros2_ws/install/apriltag_msgs/share/apriltag_msgs/package.dsv
[0.342s] -- Up-to-date: /home/gianni/SD/px4_ros2_ws/install/apriltag_msgs/share/ament_index/resource_index/packages/apriltag_msgs
[0.342s] -- Up-to-date: /home/gianni/SD/px4_ros2_ws/install/apriltag_msgs/share/apriltag_msgs/cmake/export_apriltag_msgs__rosidl_generator_cExport.cmake
[0.342s] -- Up-to-date: /home/gianni/SD/px4_ros2_ws/install/apriltag_msgs/share/apriltag_msgs/cmake/export_apriltag_msgs__rosidl_generator_cExport-noconfig.cmake
[0.342s] -- Up-to-date: /home/gianni/SD/px4_ros2_ws/install/apriltag_msgs/share/apriltag_msgs/cmake/export_apriltag_msgs__rosidl_typesupport_fastrtps_cExport.cmake
[0.342s] -- Up-to-date: /home/gianni/SD/px4_ros2_ws/install/apriltag_msgs/share/apriltag_msgs/cmake/export_apriltag_msgs__rosidl_typesupport_fastrtps_cExport-noconfig.cmake
[0.342s] -- Up-to-date: /home/gianni/SD/px4_ros2_ws/install/apriltag_msgs/share/apriltag_msgs/cmake/apriltag_msgs__rosidl_typesupport_introspection_cExport.cmake
[0.342s] -- Up-to-date: /home/gianni/SD/px4_ros2_ws/install/apriltag_msgs/share/apriltag_msgs/cmake/apriltag_msgs__rosidl_typesupport_introspection_cExport-noconfig.cmake
[0.342s] -- Up-to-date: /home/gianni/SD/px4_ros2_ws/install/apriltag_msgs/share/apriltag_msgs/cmake/apriltag_msgs__rosidl_typesupport_cExport.cmake
[0.342s] -- Up-to-date: /home/gianni/SD/px4_ros2_ws/install/apriltag_msgs/share/apriltag_msgs/cmake/apriltag_msgs__rosidl_typesupport_cExport-noconfig.cmake
[0.342s] -- Up-to-date: /home/gianni/SD/px4_ros2_ws/install/apriltag_msgs/share/apriltag_msgs/cmake/export_apriltag_msgs__rosidl_generator_cppExport.cmake
[0.342s] -- Up-to-date: /home/gianni/SD/px4_ros2_ws/install/apriltag_msgs/share/apriltag_msgs/cmake/export_apriltag_msgs__rosidl_typesupport_fastrtps_cppExport.cmake
[0.342s] -- Up-to-date: /home/gianni/SD/px4_ros2_ws/install/apriltag_msgs/share/apriltag_msgs/cmake/export_apriltag_msgs__rosidl_typesupport_fastrtps_cppExport-noconfig.cmake
[0.342s] -- Up-to-date: /home/gianni/SD/px4_ros2_ws/install/apriltag_msgs/share/apriltag_msgs/cmake/apriltag_msgs__rosidl_typesupport_introspection_cppExport.cmake
[0.342s] -- Up-to-date: /home/gianni/SD/px4_ros2_ws/install/apriltag_msgs/share/apriltag_msgs/cmake/apriltag_msgs__rosidl_typesupport_introspection_cppExport-noconfig.cmake
[0.342s] -- Up-to-date: /home/gianni/SD/px4_ros2_ws/install/apriltag_msgs/share/apriltag_msgs/cmake/apriltag_msgs__rosidl_typesupport_cppExport.cmake
[0.342s] -- Up-to-date: /home/gianni/SD/px4_ros2_ws/install/apriltag_msgs/share/apriltag_msgs/cmake/apriltag_msgs__rosidl_typesupport_cppExport-noconfig.cmake
[0.343s] -- Up-to-date: /home/gianni/SD/px4_ros2_ws/install/apriltag_msgs/share/apriltag_msgs/cmake/export_apriltag_msgs__rosidl_generator_pyExport.cmake
[0.343s] -- Up-to-date: /home/gianni/SD/px4_ros2_ws/install/apriltag_msgs/share/apriltag_msgs/cmake/export_apriltag_msgs__rosidl_generator_pyExport-noconfig.cmake
[0.343s] -- Up-to-date: /home/gianni/SD/px4_ros2_ws/install/apriltag_msgs/share/apriltag_msgs/cmake/rosidl_cmake-extras.cmake
[0.343s] -- Up-to-date: /home/gianni/SD/px4_ros2_ws/install/apriltag_msgs/share/apriltag_msgs/cmake/ament_cmake_export_dependencies-extras.cmake
[0.343s] -- Up-to-date: /home/gianni/SD/px4_ros2_ws/install/apriltag_msgs/share/apriltag_msgs/cmake/ament_cmake_export_include_directories-extras.cmake
[0.343s] -- Up-to-date: /home/gianni/SD/px4_ros2_ws/install/apriltag_msgs/share/apriltag_msgs/cmake/ament_cmake_export_libraries-extras.cmake
[0.343s] -- Up-to-date: /home/gianni/SD/px4_ros2_ws/install/apriltag_msgs/share/apriltag_msgs/cmake/ament_cmake_export_targets-extras.cmake
[0.343s] -- Up-to-date: /home/gianni/SD/px4_ros2_ws/install/apriltag_msgs/share/apriltag_msgs/cmake/rosidl_cmake_export_typesupport_targets-extras.cmake
[0.343s] -- Up-to-date: /home/gianni/SD/px4_ros2_ws/install/apriltag_msgs/share/apriltag_msgs/cmake/rosidl_cmake_export_typesupport_libraries-extras.cmake
[0.343s] -- Up-to-date: /home/gianni/SD/px4_ros2_ws/install/apriltag_msgs/share/apriltag_msgs/cmake/apriltag_msgsConfig.cmake
[0.343s] -- Up-to-date: /home/gianni/SD/px4_ros2_ws/install/apriltag_msgs/share/apriltag_msgs/cmake/apriltag_msgsConfig-version.cmake
[0.343s] -- Up-to-date: /home/gianni/SD/px4_ros2_ws/install/apriltag_msgs/share/apriltag_msgs/package.xml
[0.344s] Invoked command in '/home/gianni/SD/px4_ros2_ws/build/apriltag_msgs' returned '0': CMAKE_PREFIX_PATH=${CMAKE_PREFIX_PATH}:/opt/ros/jazzy DEBUGINFOD_URLS=https://debuginfod.ubuntu.com /usr/bin/cmake --install /home/gianni/SD/px4_ros2_ws/build/apriltag_msgs
