[0.009s] Invoking command in '/home/gianni/SD/px4_ros2_ws/build/px4_ros_com': AMENT_PREFIX_PATH=/home/gianni/SD/px4_ros2_ws/install/px4_msgs:${AMENT_PREFIX_PATH} CMAKE_PREFIX_PATH=/home/gianni/SD/px4_ros2_ws/install/px4_msgs:/home/gianni/SD/ros_gz_ws/install/test_ros_gz_bridge:/home/gianni/SD/ros_gz_ws/install/ros_gz:/home/gianni/SD/ros_gz_ws/install/ros_gz_sim_demos:/home/gianni/SD/ros_gz_ws/install/ros_gz_sim:/home/gianni/SD/ros_gz_ws/install/ros_gz_image:/home/gianni/SD/ros_gz_ws/install/ros_gz_bridge:/home/gianni/SD/ros_gz_ws/install/ros_gz_interfaces:/opt/ros/jazzy/opt/gz_sim_vendor:/opt/ros/jazzy/opt/gz_sensors_vendor:/opt/ros/jazzy/opt/gz_physics_vendor:/opt/ros/jazzy/opt/sdformat_vendor:/opt/ros/jazzy/opt/gz_gui_vendor:/opt/ros/jazzy/opt/gz_transport_vendor:/opt/ros/jazzy/opt/gz_rendering_vendor:/opt/ros/jazzy/opt/gz_plugin_vendor:/opt/ros/jazzy/opt/gz_fuel_tools_vendor:/opt/ros/jazzy/opt/gz_msgs_vendor:/opt/ros/jazzy/opt/gz_common_vendor:/opt/ros/jazzy/opt/gz_math_vendor:/opt/ros/jazzy/opt/gz_utils_vendor:/opt/ros/jazzy/opt/gz_tools_vendor:/opt/ros/jazzy/opt/gz_ogre_next_vendor:/opt/ros/jazzy/opt/gz_dartsim_vendor:/opt/ros/jazzy/opt/gz_cmake_vendor:/opt/ros/jazzy DEBUGINFOD_URLS=https://debuginfod.ubuntu.com LD_LIBRARY_PATH=/home/gianni/SD/px4_ros2_ws/install/px4_msgs/lib:${LD_LIBRARY_PATH} PYTHONPATH=/home/gianni/SD/px4_ros2_ws/install/px4_msgs/lib/python3.12/site-packages:${PYTHONPATH} /usr/bin/cmake --build /home/gianni/SD/px4_ros2_ws/build/px4_ros_com -- -j20 -l20
[0.076s] [ 16%] Built target frame_transforms
[0.076s] [ 50%] Built target vehicle_gps_position_listener
[0.076s] [ 50%] Built target debug_vect_advertiser
[0.077s] [ 66%] Built target offboard_control
[0.079s] [ 66%] Built target ament_cmake_python_copy_px4_ros_com
[0.083s] [ 83%] Built target sensor_combined_listener
[0.084s] [100%] Built target offboard_control_srv
[0.226s] running egg_info
[0.238s] writing px4_ros_com.egg-info/PKG-INFO
[0.238s] writing dependency_links to px4_ros_com.egg-info/dependency_links.txt
[0.238s] writing top-level names to px4_ros_com.egg-info/top_level.txt
[0.275s] reading manifest file 'px4_ros_com.egg-info/SOURCES.txt'
[0.276s] writing manifest file 'px4_ros_com.egg-info/SOURCES.txt'
[0.296s] [100%] Built target ament_cmake_python_build_px4_ros_com_egg
[0.310s] Invoked command in '/home/gianni/SD/px4_ros2_ws/build/px4_ros_com' returned '0': AMENT_PREFIX_PATH=/home/gianni/SD/px4_ros2_ws/install/px4_msgs:${AMENT_PREFIX_PATH} CMAKE_PREFIX_PATH=/home/gianni/SD/px4_ros2_ws/install/px4_msgs:/home/gianni/SD/ros_gz_ws/install/test_ros_gz_bridge:/home/gianni/SD/ros_gz_ws/install/ros_gz:/home/gianni/SD/ros_gz_ws/install/ros_gz_sim_demos:/home/gianni/SD/ros_gz_ws/install/ros_gz_sim:/home/gianni/SD/ros_gz_ws/install/ros_gz_image:/home/gianni/SD/ros_gz_ws/install/ros_gz_bridge:/home/gianni/SD/ros_gz_ws/install/ros_gz_interfaces:/opt/ros/jazzy/opt/gz_sim_vendor:/opt/ros/jazzy/opt/gz_sensors_vendor:/opt/ros/jazzy/opt/gz_physics_vendor:/opt/ros/jazzy/opt/sdformat_vendor:/opt/ros/jazzy/opt/gz_gui_vendor:/opt/ros/jazzy/opt/gz_transport_vendor:/opt/ros/jazzy/opt/gz_rendering_vendor:/opt/ros/jazzy/opt/gz_plugin_vendor:/opt/ros/jazzy/opt/gz_fuel_tools_vendor:/opt/ros/jazzy/opt/gz_msgs_vendor:/opt/ros/jazzy/opt/gz_common_vendor:/opt/ros/jazzy/opt/gz_math_vendor:/opt/ros/jazzy/opt/gz_utils_vendor:/opt/ros/jazzy/opt/gz_tools_vendor:/opt/ros/jazzy/opt/gz_ogre_next_vendor:/opt/ros/jazzy/opt/gz_dartsim_vendor:/opt/ros/jazzy/opt/gz_cmake_vendor:/opt/ros/jazzy DEBUGINFOD_URLS=https://debuginfod.ubuntu.com LD_LIBRARY_PATH=/home/gianni/SD/px4_ros2_ws/install/px4_msgs/lib:${LD_LIBRARY_PATH} PYTHONPATH=/home/gianni/SD/px4_ros2_ws/install/px4_msgs/lib/python3.12/site-packages:${PYTHONPATH} /usr/bin/cmake --build /home/gianni/SD/px4_ros2_ws/build/px4_ros_com -- -j20 -l20
[0.311s] Invoking command in '/home/gianni/SD/px4_ros2_ws/build/px4_ros_com': AMENT_PREFIX_PATH=/home/gianni/SD/px4_ros2_ws/install/px4_msgs:${AMENT_PREFIX_PATH} CMAKE_PREFIX_PATH=/home/gianni/SD/px4_ros2_ws/install/px4_msgs:/home/gianni/SD/ros_gz_ws/install/test_ros_gz_bridge:/home/gianni/SD/ros_gz_ws/install/ros_gz:/home/gianni/SD/ros_gz_ws/install/ros_gz_sim_demos:/home/gianni/SD/ros_gz_ws/install/ros_gz_sim:/home/gianni/SD/ros_gz_ws/install/ros_gz_image:/home/gianni/SD/ros_gz_ws/install/ros_gz_bridge:/home/gianni/SD/ros_gz_ws/install/ros_gz_interfaces:/opt/ros/jazzy/opt/gz_sim_vendor:/opt/ros/jazzy/opt/gz_sensors_vendor:/opt/ros/jazzy/opt/gz_physics_vendor:/opt/ros/jazzy/opt/sdformat_vendor:/opt/ros/jazzy/opt/gz_gui_vendor:/opt/ros/jazzy/opt/gz_transport_vendor:/opt/ros/jazzy/opt/gz_rendering_vendor:/opt/ros/jazzy/opt/gz_plugin_vendor:/opt/ros/jazzy/opt/gz_fuel_tools_vendor:/opt/ros/jazzy/opt/gz_msgs_vendor:/opt/ros/jazzy/opt/gz_common_vendor:/opt/ros/jazzy/opt/gz_math_vendor:/opt/ros/jazzy/opt/gz_utils_vendor:/opt/ros/jazzy/opt/gz_tools_vendor:/opt/ros/jazzy/opt/gz_ogre_next_vendor:/opt/ros/jazzy/opt/gz_dartsim_vendor:/opt/ros/jazzy/opt/gz_cmake_vendor:/opt/ros/jazzy DEBUGINFOD_URLS=https://debuginfod.ubuntu.com LD_LIBRARY_PATH=/home/gianni/SD/px4_ros2_ws/install/px4_msgs/lib:${LD_LIBRARY_PATH} PYTHONPATH=/home/gianni/SD/px4_ros2_ws/install/px4_msgs/lib/python3.12/site-packages:${PYTHONPATH} /usr/bin/cmake --install /home/gianni/SD/px4_ros2_ws/build/px4_ros_com
[0.334s] -- Install configuration: ""
[0.334s] -- Up-to-date: /home/gianni/SD/px4_ros2_ws/install/px4_ros_com/lib/px4_ros_com/sensor_combined_listener
[0.334s] -- Up-to-date: /home/gianni/SD/px4_ros2_ws/install/px4_ros_com/lib/px4_ros_com/vehicle_gps_position_listener
[0.334s] -- Up-to-date: /home/gianni/SD/px4_ros2_ws/install/px4_ros_com/lib/px4_ros_com/debug_vect_advertiser
[0.335s] -- Up-to-date: /home/gianni/SD/px4_ros2_ws/install/px4_ros_com/lib/px4_ros_com/offboard_control
[0.335s] -- Up-to-date: /home/gianni/SD/px4_ros2_ws/install/px4_ros_com/lib/px4_ros_com/offboard_control_srv
[0.335s] -- Up-to-date: /home/gianni/SD/px4_ros2_ws/install/px4_ros_com/share/px4_ros_com/environment/library_path.sh
[0.335s] -- Up-to-date: /home/gianni/SD/px4_ros2_ws/install/px4_ros_com/share/px4_ros_com/environment/library_path.dsv
[0.335s] -- Up-to-date: /home/gianni/SD/px4_ros2_ws/install/px4_ros_com/include/px4_ros_com
[0.335s] -- Up-to-date: /home/gianni/SD/px4_ros2_ws/install/px4_ros_com/include/px4_ros_com/frame_transforms.h
[0.335s] -- Up-to-date: /home/gianni/SD/px4_ros2_ws/install/px4_ros_com/lib/libframe_transforms.so
[0.336s] -- Up-to-date: /home/gianni/SD/px4_ros2_ws/install/px4_ros_com/share/px4_ros_com//launch
[0.336s] -- Up-to-date: /home/gianni/SD/px4_ros2_ws/install/px4_ros_com/share/px4_ros_com//launch/sensor_combined_listener.launch.py
[0.336s] -- Up-to-date: /home/gianni/SD/px4_ros2_ws/install/px4_ros_com/share/px4_ros_com//launch/offboard_control_launch.yaml
[0.336s] -- Up-to-date: /home/gianni/SD/px4_ros2_ws/install/px4_ros_com/share/px4_ros_com//test
[0.336s] -- Up-to-date: /home/gianni/SD/px4_ros2_ws/install/px4_ros_com/share/px4_ros_com//test/test_output.py
[0.336s] -- Up-to-date: /home/gianni/SD/px4_ros2_ws/install/px4_ros_com/share/px4_ros_com//test/pipeline_io_test.py
[0.336s] -- Up-to-date: /home/gianni/SD/px4_ros2_ws/install/px4_ros_com/share/px4_ros_com//test/__init__.py
[0.336s] -- Up-to-date: /home/gianni/SD/px4_ros2_ws/install/px4_ros_com/share/px4_ros_com//test/test_input.py
[0.336s] -- Up-to-date: /home/gianni/SD/px4_ros2_ws/install/px4_ros_com/share/px4_ros_com/environment/pythonpath.sh
[0.337s] -- Up-to-date: /home/gianni/SD/px4_ros2_ws/install/px4_ros_com/share/px4_ros_com/environment/pythonpath.dsv
[0.337s] -- Up-to-date: /home/gianni/SD/px4_ros2_ws/install/px4_ros_com/lib/python3.12/site-packages/px4_ros_com-0.1.0-py3.12.egg-info
[0.337s] -- Installing: /home/gianni/SD/px4_ros2_ws/install/px4_ros_com/lib/python3.12/site-packages/px4_ros_com-0.1.0-py3.12.egg-info/dependency_links.txt
[0.337s] -- Installing: /home/gianni/SD/px4_ros2_ws/install/px4_ros_com/lib/python3.12/site-packages/px4_ros_com-0.1.0-py3.12.egg-info/SOURCES.txt
[0.338s] -- Installing: /home/gianni/SD/px4_ros2_ws/install/px4_ros_com/lib/python3.12/site-packages/px4_ros_com-0.1.0-py3.12.egg-info/top_level.txt
[0.338s] -- Installing: /home/gianni/SD/px4_ros2_ws/install/px4_ros_com/lib/python3.12/site-packages/px4_ros_com-0.1.0-py3.12.egg-info/PKG-INFO
[0.338s] -- Up-to-date: /home/gianni/SD/px4_ros2_ws/install/px4_ros_com/lib/python3.12/site-packages/px4_ros_com
[0.338s] -- Up-to-date: /home/gianni/SD/px4_ros2_ws/install/px4_ros_com/lib/python3.12/site-packages/px4_ros_com/module_to_import.py
[0.338s] -- Up-to-date: /home/gianni/SD/px4_ros2_ws/install/px4_ros_com/lib/python3.12/site-packages/px4_ros_com/__init__.py
[0.346s] Listing '/home/gianni/SD/px4_ros2_ws/install/px4_ros_com/lib/python3.12/site-packages/px4_ros_com'...
[0.353s] -- Up-to-date: /home/gianni/SD/px4_ros2_ws/install/px4_ros_com/lib/px4_ros_com/offboard_control.py
[0.353s] -- Up-to-date: /home/gianni/SD/px4_ros2_ws/install/px4_ros_com/share/ament_index/resource_index/package_run_dependencies/px4_ros_com
[0.353s] -- Up-to-date: /home/gianni/SD/px4_ros2_ws/install/px4_ros_com/share/ament_index/resource_index/parent_prefix_path/px4_ros_com
[0.353s] -- Up-to-date: /home/gianni/SD/px4_ros2_ws/install/px4_ros_com/share/px4_ros_com/environment/ament_prefix_path.sh
[0.353s] -- Up-to-date: /home/gianni/SD/px4_ros2_ws/install/px4_ros_com/share/px4_ros_com/environment/ament_prefix_path.dsv
[0.354s] -- Up-to-date: /home/gianni/SD/px4_ros2_ws/install/px4_ros_com/share/px4_ros_com/environment/path.sh
[0.354s] -- Up-to-date: /home/gianni/SD/px4_ros2_ws/install/px4_ros_com/share/px4_ros_com/environment/path.dsv
[0.354s] -- Up-to-date: /home/gianni/SD/px4_ros2_ws/install/px4_ros_com/share/px4_ros_com/local_setup.bash
[0.354s] -- Up-to-date: /home/gianni/SD/px4_ros2_ws/install/px4_ros_com/share/px4_ros_com/local_setup.sh
[0.354s] -- Up-to-date: /home/gianni/SD/px4_ros2_ws/install/px4_ros_com/share/px4_ros_com/local_setup.zsh
[0.354s] -- Up-to-date: /home/gianni/SD/px4_ros2_ws/install/px4_ros_com/share/px4_ros_com/local_setup.dsv
[0.354s] -- Installing: /home/gianni/SD/px4_ros2_ws/install/px4_ros_com/share/px4_ros_com/package.dsv
[0.355s] -- Up-to-date: /home/gianni/SD/px4_ros2_ws/install/px4_ros_com/share/ament_index/resource_index/packages/px4_ros_com
[0.355s] -- Up-to-date: /home/gianni/SD/px4_ros2_ws/install/px4_ros_com/share/px4_ros_com/cmake/export_frame_transformsExport.cmake
[0.355s] -- Up-to-date: /home/gianni/SD/px4_ros2_ws/install/px4_ros_com/share/px4_ros_com/cmake/export_frame_transformsExport-noconfig.cmake
[0.355s] -- Up-to-date: /home/gianni/SD/px4_ros2_ws/install/px4_ros_com/share/px4_ros_com/cmake/ament_cmake_export_dependencies-extras.cmake
[0.355s] -- Up-to-date: /home/gianni/SD/px4_ros2_ws/install/px4_ros_com/share/px4_ros_com/cmake/ament_cmake_export_targets-extras.cmake
[0.355s] -- Up-to-date: /home/gianni/SD/px4_ros2_ws/install/px4_ros_com/share/px4_ros_com/cmake/ament_cmake_export_include_directories-extras.cmake
[0.355s] -- Up-to-date: /home/gianni/SD/px4_ros2_ws/install/px4_ros_com/share/px4_ros_com/cmake/ament_cmake_export_libraries-extras.cmake
[0.355s] -- Up-to-date: /home/gianni/SD/px4_ros2_ws/install/px4_ros_com/share/px4_ros_com/cmake/px4_ros_comConfig.cmake
[0.355s] -- Up-to-date: /home/gianni/SD/px4_ros2_ws/install/px4_ros_com/share/px4_ros_com/cmake/px4_ros_comConfig-version.cmake
[0.356s] -- Up-to-date: /home/gianni/SD/px4_ros2_ws/install/px4_ros_com/share/px4_ros_com/package.xml
[0.383s] Invoked command in '/home/gianni/SD/px4_ros2_ws/build/px4_ros_com' returned '0': AMENT_PREFIX_PATH=/home/gianni/SD/px4_ros2_ws/install/px4_msgs:${AMENT_PREFIX_PATH} CMAKE_PREFIX_PATH=/home/gianni/SD/px4_ros2_ws/install/px4_msgs:/home/gianni/SD/ros_gz_ws/install/test_ros_gz_bridge:/home/gianni/SD/ros_gz_ws/install/ros_gz:/home/gianni/SD/ros_gz_ws/install/ros_gz_sim_demos:/home/gianni/SD/ros_gz_ws/install/ros_gz_sim:/home/gianni/SD/ros_gz_ws/install/ros_gz_image:/home/gianni/SD/ros_gz_ws/install/ros_gz_bridge:/home/gianni/SD/ros_gz_ws/install/ros_gz_interfaces:/opt/ros/jazzy/opt/gz_sim_vendor:/opt/ros/jazzy/opt/gz_sensors_vendor:/opt/ros/jazzy/opt/gz_physics_vendor:/opt/ros/jazzy/opt/sdformat_vendor:/opt/ros/jazzy/opt/gz_gui_vendor:/opt/ros/jazzy/opt/gz_transport_vendor:/opt/ros/jazzy/opt/gz_rendering_vendor:/opt/ros/jazzy/opt/gz_plugin_vendor:/opt/ros/jazzy/opt/gz_fuel_tools_vendor:/opt/ros/jazzy/opt/gz_msgs_vendor:/opt/ros/jazzy/opt/gz_common_vendor:/opt/ros/jazzy/opt/gz_math_vendor:/opt/ros/jazzy/opt/gz_utils_vendor:/opt/ros/jazzy/opt/gz_tools_vendor:/opt/ros/jazzy/opt/gz_ogre_next_vendor:/opt/ros/jazzy/opt/gz_dartsim_vendor:/opt/ros/jazzy/opt/gz_cmake_vendor:/opt/ros/jazzy DEBUGINFOD_URLS=https://debuginfod.ubuntu.com LD_LIBRARY_PATH=/home/gianni/SD/px4_ros2_ws/install/px4_msgs/lib:${LD_LIBRARY_PATH} PYTHONPATH=/home/gianni/SD/px4_ros2_ws/install/px4_msgs/lib/python3.12/site-packages:${PYTHONPATH} /usr/bin/cmake --install /home/gianni/SD/px4_ros2_ws/build/px4_ros_com
