[0.009s] Invoking command in '/home/gianni/SD/px4_ros2_ws/build/apriltag_msgs': CMAKE_PREFIX_PATH=${CMAKE_PREFIX_PATH}:/opt/ros/jazzy DEBUGINFOD_URLS=https://debuginfod.ubuntu.com /usr/bin/cmake /home/gianni/SD/px4_ros2_ws/src/apriltag_msgs -DCMAKE_INSTALL_PREFIX=/home/gianni/SD/px4_ros2_ws/install/apriltag_msgs
[0.111s] -- The C compiler identification is GNU 13.3.0
[0.183s] -- The CXX compiler identification is GNU 13.3.0
[0.200s] -- Detecting C compiler ABI info
[0.279s] -- Detecting C compiler ABI info - done
[0.291s] -- Check for working C compiler: /usr/bin/cc - skipped
[0.291s] -- Detecting C compile features
[0.291s] -- Detecting C compile features - done
[0.301s] -- Detecting CXX compiler ABI info
[0.392s] -- Detecting CXX compiler ABI info - done
[0.398s] -- Check for working CXX compiler: /usr/bin/c++ - skipped
[0.398s] -- Detecting CXX compile features
[0.398s] -- Detecting CXX compile features - done
[0.409s] -- Found ament_cmake: 2.5.4 (/opt/ros/jazzy/share/ament_cmake/cmake)
[0.538s] -- Found Python3: /usr/bin/python3 (found version "3.12.3") found components: Interpreter 
[0.642s] -- Found rosidl_default_generators: 1.6.0 (/opt/ros/jazzy/share/rosidl_default_generators/cmake)
[0.648s] -- Using all available rosidl_typesupport_c: rosidl_typesupport_fastrtps_c;rosidl_typesupport_introspection_c
[0.700s] -- Using all available rosidl_typesupport_cpp: rosidl_typesupport_fastrtps_cpp;rosidl_typesupport_introspection_cpp
[0.741s] -- Found rosidl_adapter: 4.6.6 (/opt/ros/jazzy/share/rosidl_adapter/cmake)
[0.744s] -- Found std_msgs: 5.3.6 (/opt/ros/jazzy/share/std_msgs/cmake)
[1.493s] -- Found ament_cmake_ros: 0.12.0 (/opt/ros/jazzy/share/ament_cmake_ros/cmake)
[1.901s] -- Using all available rosidl_typesupport_c: rosidl_typesupport_fastrtps_c;rosidl_typesupport_introspection_c
[2.452s] -- Using all available rosidl_typesupport_cpp: rosidl_typesupport_fastrtps_cpp;rosidl_typesupport_introspection_cpp
[2.456s] -- Found python_cmake_module: 0.11.1 (/opt/ros/jazzy/share/python_cmake_module/cmake)
[2.573s] -- Found PythonExtra: /usr/bin/python3  
[2.924s] -- Found Python3: /usr/bin/python3 (found version "3.12.3") found components: Interpreter Development NumPy Development.Module Development.Embed 
[2.962s] -- Found ament_lint_auto: 0.17.3 (/opt/ros/jazzy/share/ament_lint_auto/cmake)
[3.002s] -- Added test 'cppcheck' to perform static code analysis on C / C++ code
[3.002s] -- Configured cppcheck include dirs: 
[3.002s] -- Configured cppcheck exclude dirs and/or files: 
[3.005s] -- Added test 'flake8' to check Python code syntax and style conventions
[3.005s] -- Configured 'flake8' exclude dirs and/or files: 
[3.010s] -- Added test 'lint_cmake' to check CMake code style
[3.013s] -- Added test 'pep257' to check Python code against some of the docstring style conventions in PEP 257
[3.032s] -- Added test 'uncrustify' to check C / C++ code style
[3.032s] -- Configured uncrustify additional arguments: 
[3.035s] -- Added test 'xmllint' to check XML markup files
[3.038s] -- Configuring done (3.0s)
[3.063s] -- Generating done (0.0s)
[3.070s] -- Build files have been written to: /home/gianni/SD/px4_ros2_ws/build/apriltag_msgs
[3.079s] Invoked command in '/home/gianni/SD/px4_ros2_ws/build/apriltag_msgs' returned '0': CMAKE_PREFIX_PATH=${CMAKE_PREFIX_PATH}:/opt/ros/jazzy DEBUGINFOD_URLS=https://debuginfod.ubuntu.com /usr/bin/cmake /home/gianni/SD/px4_ros2_ws/src/apriltag_msgs -DCMAKE_INSTALL_PREFIX=/home/gianni/SD/px4_ros2_ws/install/apriltag_msgs
[3.079s] Invoking command in '/home/gianni/SD/px4_ros2_ws/build/apriltag_msgs': CMAKE_PREFIX_PATH=${CMAKE_PREFIX_PATH}:/opt/ros/jazzy DEBUGINFOD_URLS=https://debuginfod.ubuntu.com /usr/bin/cmake --build /home/gianni/SD/px4_ros2_ws/build/apriltag_msgs -- -j20 -l20
[3.135s] [  1%] [34m[1mGenerating type hashes for ROS interfaces[0m
[3.139s] [  1%] Built target ament_cmake_python_copy_apriltag_msgs
[3.290s] running egg_info
[3.290s] creating apriltag_msgs.egg-info
[3.302s] writing apriltag_msgs.egg-info/PKG-INFO
[3.303s] writing dependency_links to apriltag_msgs.egg-info/dependency_links.txt
[3.303s] writing top-level names to apriltag_msgs.egg-info/top_level.txt
[3.303s] writing manifest file 'apriltag_msgs.egg-info/SOURCES.txt'
[3.313s] [  1%] Built target apriltag_msgs__rosidl_generator_type_description
[3.321s] [  3%] [34m[1mGenerating C code for ROS interfaces[0m
[3.333s] [  5%] [34m[1mGenerating C++ code for ROS interfaces[0m
[3.339s] reading manifest file 'apriltag_msgs.egg-info/SOURCES.txt'
[3.339s] writing manifest file 'apriltag_msgs.egg-info/SOURCES.txt'
[3.362s] [  5%] Built target ament_cmake_python_build_apriltag_msgs_egg
[3.555s] [  5%] Built target apriltag_msgs__cpp
[3.594s] [  7%] [32mBuilding C object CMakeFiles/apriltag_msgs__rosidl_generator_c.dir/rosidl_generator_c/apriltag_msgs/msg/detail/point__functions.c.o[0m
[3.594s] [ 12%] [32mBuilding C object CMakeFiles/apriltag_msgs__rosidl_generator_c.dir/rosidl_generator_c/apriltag_msgs/msg/detail/april_tag_detection__description.c.o[0m
[3.594s] [ 12%] [32mBuilding C object CMakeFiles/apriltag_msgs__rosidl_generator_c.dir/rosidl_generator_c/apriltag_msgs/msg/detail/april_tag_detection__type_support.c.o[0m
[3.595s] [ 12%] [32mBuilding C object CMakeFiles/apriltag_msgs__rosidl_generator_c.dir/rosidl_generator_c/apriltag_msgs/msg/detail/april_tag_detection__functions.c.o[0m
[3.597s] [ 14%] [32mBuilding C object CMakeFiles/apriltag_msgs__rosidl_generator_c.dir/rosidl_generator_c/apriltag_msgs/msg/detail/point__description.c.o[0m
[3.598s] [ 16%] [32mBuilding C object CMakeFiles/apriltag_msgs__rosidl_generator_c.dir/rosidl_generator_c/apriltag_msgs/msg/detail/point__type_support.c.o[0m
[3.599s] [ 18%] [32mBuilding C object CMakeFiles/apriltag_msgs__rosidl_generator_c.dir/rosidl_generator_c/apriltag_msgs/msg/detail/april_tag_detection_array__description.c.o[0m
[3.599s] [ 20%] [32mBuilding C object CMakeFiles/apriltag_msgs__rosidl_generator_c.dir/rosidl_generator_c/apriltag_msgs/msg/detail/april_tag_detection_array__type_support.c.o[0m
[3.599s] [ 22%] [32mBuilding C object CMakeFiles/apriltag_msgs__rosidl_generator_c.dir/rosidl_generator_c/apriltag_msgs/msg/detail/april_tag_detection_array__functions.c.o[0m
[3.637s] [ 24%] [32m[1mLinking C shared library libapriltag_msgs__rosidl_generator_c.so[0m
[3.668s] [ 24%] Built target apriltag_msgs__rosidl_generator_c
[3.678s] [ 27%] [34m[1mGenerating C++ type support for eProsima Fast-RTPS[0m
[3.678s] [ 27%] [34m[1mGenerating C++ introspection for ROS interfaces[0m
[3.680s] [ 31%] [34m[1mGenerating C type support dispatch for ROS interfaces[0m
[3.681s] [ 31%] [34m[1mGenerating C++ type support dispatch for ROS interfaces[0m
[3.681s] [ 33%] [34m[1mGenerating C introspection for ROS interfaces[0m
[3.682s] [ 35%] [34m[1mGenerating C type support for eProsima Fast-RTPS[0m
[3.880s] [ 37%] [32mBuilding CXX object CMakeFiles/apriltag_msgs__rosidl_typesupport_c.dir/rosidl_typesupport_c/apriltag_msgs/msg/april_tag_detection_array__type_support.cpp.o[0m
[3.880s] [ 38%] [32mBuilding CXX object CMakeFiles/apriltag_msgs__rosidl_typesupport_c.dir/rosidl_typesupport_c/apriltag_msgs/msg/point__type_support.cpp.o[0m
[3.882s] [ 40%] [32mBuilding CXX object CMakeFiles/apriltag_msgs__rosidl_typesupport_c.dir/rosidl_typesupport_c/apriltag_msgs/msg/april_tag_detection__type_support.cpp.o[0m
[3.899s] [ 44%] [32mBuilding CXX object CMakeFiles/apriltag_msgs__rosidl_typesupport_introspection_cpp.dir/rosidl_typesupport_introspection_cpp/apriltag_msgs/msg/detail/april_tag_detection__type_support.cpp.o[0m
[3.899s] [ 44%] [32mBuilding CXX object CMakeFiles/apriltag_msgs__rosidl_typesupport_introspection_cpp.dir/rosidl_typesupport_introspection_cpp/apriltag_msgs/msg/detail/point__type_support.cpp.o[0m
[3.899s] [ 50%] [32mBuilding C object CMakeFiles/apriltag_msgs__rosidl_typesupport_introspection_c.dir/rosidl_typesupport_introspection_c/apriltag_msgs/msg/detail/april_tag_detection_array__type_support.c.o[0m
[3.899s] [ 50%] [32mBuilding CXX object CMakeFiles/apriltag_msgs__rosidl_typesupport_introspection_cpp.dir/rosidl_typesupport_introspection_cpp/apriltag_msgs/msg/detail/april_tag_detection_array__type_support.cpp.o[0m
[3.899s] [ 50%] [32mBuilding C object CMakeFiles/apriltag_msgs__rosidl_typesupport_introspection_c.dir/rosidl_typesupport_introspection_c/apriltag_msgs/msg/detail/point__type_support.c.o[0m
[3.902s] [ 51%] [32mBuilding C object CMakeFiles/apriltag_msgs__rosidl_typesupport_introspection_c.dir/rosidl_typesupport_introspection_c/apriltag_msgs/msg/detail/april_tag_detection__type_support.c.o[0m
[3.933s] [ 53%] [32m[1mLinking CXX shared library libapriltag_msgs__rosidl_typesupport_c.so[0m
[3.935s] [ 55%] [32m[1mLinking C shared library libapriltag_msgs__rosidl_typesupport_introspection_c.so[0m
[3.938s] [ 57%] [32mBuilding CXX object CMakeFiles/apriltag_msgs__rosidl_typesupport_fastrtps_c.dir/rosidl_typesupport_fastrtps_c/apriltag_msgs/msg/detail/point__type_support_c.cpp.o[0m
[3.939s] [ 59%] [32mBuilding CXX object CMakeFiles/apriltag_msgs__rosidl_typesupport_fastrtps_c.dir/rosidl_typesupport_fastrtps_c/apriltag_msgs/msg/detail/april_tag_detection_array__type_support_c.cpp.o[0m
[3.942s] [ 61%] [32mBuilding CXX object CMakeFiles/apriltag_msgs__rosidl_typesupport_fastrtps_c.dir/rosidl_typesupport_fastrtps_c/apriltag_msgs/msg/detail/april_tag_detection__type_support_c.cpp.o[0m
[3.945s] [ 62%] [32mBuilding CXX object CMakeFiles/apriltag_msgs__rosidl_typesupport_fastrtps_cpp.dir/rosidl_typesupport_fastrtps_cpp/apriltag_msgs/msg/detail/dds_fastrtps/april_tag_detection_array__type_support.cpp.o[0m
[3.946s] [ 64%] [32mBuilding CXX object CMakeFiles/apriltag_msgs__rosidl_typesupport_fastrtps_cpp.dir/rosidl_typesupport_fastrtps_cpp/apriltag_msgs/msg/detail/dds_fastrtps/point__type_support.cpp.o[0m
[3.947s] [ 66%] [32mBuilding CXX object CMakeFiles/apriltag_msgs__rosidl_typesupport_fastrtps_cpp.dir/rosidl_typesupport_fastrtps_cpp/apriltag_msgs/msg/detail/dds_fastrtps/april_tag_detection__type_support.cpp.o[0m
[3.964s] [ 66%] Built target apriltag_msgs__rosidl_typesupport_c
[3.973s] [ 66%] Built target apriltag_msgs__rosidl_typesupport_introspection_c
[4.026s] [ 68%] [32mBuilding CXX object CMakeFiles/apriltag_msgs__rosidl_typesupport_cpp.dir/rosidl_typesupport_cpp/apriltag_msgs/msg/april_tag_detection_array__type_support.cpp.o[0m
[4.029s] [ 70%] [32mBuilding CXX object CMakeFiles/apriltag_msgs__rosidl_typesupport_cpp.dir/rosidl_typesupport_cpp/apriltag_msgs/msg/point__type_support.cpp.o[0m
[4.030s] [ 72%] [32mBuilding CXX object CMakeFiles/apriltag_msgs__rosidl_typesupport_cpp.dir/rosidl_typesupport_cpp/apriltag_msgs/msg/april_tag_detection__type_support.cpp.o[0m
[4.269s] [ 74%] [32m[1mLinking CXX shared library libapriltag_msgs__rosidl_typesupport_introspection_cpp.so[0m
[4.335s] [ 74%] Built target apriltag_msgs__rosidl_typesupport_introspection_cpp
[4.364s] [ 75%] [32m[1mLinking CXX shared library libapriltag_msgs__rosidl_typesupport_cpp.so[0m
[4.406s] [ 75%] Built target apriltag_msgs__rosidl_typesupport_cpp
[4.422s] [ 77%] [32m[1mLinking CXX shared library libapriltag_msgs__rosidl_typesupport_fastrtps_c.so[0m
[4.432s] [ 79%] [32m[1mLinking CXX shared library libapriltag_msgs__rosidl_typesupport_fastrtps_cpp.so[0m
[4.482s] [ 79%] Built target apriltag_msgs__rosidl_typesupport_fastrtps_c
[4.492s] [ 79%] Built target apriltag_msgs__rosidl_typesupport_fastrtps_cpp
[4.514s] [ 79%] Built target apriltag_msgs
[4.534s] [ 81%] [34m[1mGenerating Python code for ROS interfaces[0m
[4.842s] [ 81%] Built target apriltag_msgs__py
[4.862s] [ 83%] [32mBuilding C object CMakeFiles/apriltag_msgs__rosidl_generator_py.dir/rosidl_generator_py/apriltag_msgs/msg/_april_tag_detection_s.c.o[0m
[4.864s] [ 85%] [32mBuilding C object CMakeFiles/apriltag_msgs__rosidl_generator_py.dir/rosidl_generator_py/apriltag_msgs/msg/_point_s.c.o[0m
[4.864s] [ 87%] [32mBuilding C object CMakeFiles/apriltag_msgs__rosidl_generator_py.dir/rosidl_generator_py/apriltag_msgs/msg/_april_tag_detection_array_s.c.o[0m
[4.952s] [ 88%] [32m[1mLinking C shared library libapriltag_msgs__rosidl_generator_py.so[0m
[5.000s] [ 88%] Built target apriltag_msgs__rosidl_generator_py
[5.021s] [ 90%] [32mBuilding C object CMakeFiles/apriltag_msgs_s__rosidl_typesupport_fastrtps_c.dir/rosidl_generator_py/apriltag_msgs/_apriltag_msgs_s.ep.rosidl_typesupport_fastrtps_c.c.o[0m
[5.021s] [ 92%] [32mBuilding C object CMakeFiles/apriltag_msgs_s__rosidl_typesupport_c.dir/rosidl_generator_py/apriltag_msgs/_apriltag_msgs_s.ep.rosidl_typesupport_c.c.o[0m
[5.023s] [ 94%] [32mBuilding C object CMakeFiles/apriltag_msgs_s__rosidl_typesupport_introspection_c.dir/rosidl_generator_py/apriltag_msgs/_apriltag_msgs_s.ep.rosidl_typesupport_introspection_c.c.o[0m
[5.090s] [ 96%] [32m[1mLinking C shared module rosidl_generator_py/apriltag_msgs/apriltag_msgs_s__rosidl_typesupport_fastrtps_c.so[0m
[5.094s] [ 98%] [32m[1mLinking C shared module rosidl_generator_py/apriltag_msgs/apriltag_msgs_s__rosidl_typesupport_c.so[0m
[5.098s] [100%] [32m[1mLinking C shared module rosidl_generator_py/apriltag_msgs/apriltag_msgs_s__rosidl_typesupport_introspection_c.so[0m
[5.120s] [100%] Built target apriltag_msgs_s__rosidl_typesupport_fastrtps_c
[5.121s] [100%] Built target apriltag_msgs_s__rosidl_typesupport_c
[5.130s] [100%] Built target apriltag_msgs_s__rosidl_typesupport_introspection_c
[5.141s] Invoked command in '/home/gianni/SD/px4_ros2_ws/build/apriltag_msgs' returned '0': CMAKE_PREFIX_PATH=${CMAKE_PREFIX_PATH}:/opt/ros/jazzy DEBUGINFOD_URLS=https://debuginfod.ubuntu.com /usr/bin/cmake --build /home/gianni/SD/px4_ros2_ws/build/apriltag_msgs -- -j20 -l20
[5.142s] Invoking command in '/home/gianni/SD/px4_ros2_ws/build/apriltag_msgs': CMAKE_PREFIX_PATH=${CMAKE_PREFIX_PATH}:/opt/ros/jazzy DEBUGINFOD_URLS=https://debuginfod.ubuntu.com /usr/bin/cmake --install /home/gianni/SD/px4_ros2_ws/build/apriltag_msgs
[5.150s] -- Install configuration: ""
[5.150s] -- Installing: /home/gianni/SD/px4_ros2_ws/install/apriltag_msgs/share/ament_index/resource_index/rosidl_interfaces/apriltag_msgs
[5.150s] -- Installing: /home/gianni/SD/px4_ros2_ws/install/apriltag_msgs/share/apriltag_msgs/msg/Point.json
[5.150s] -- Installing: /home/gianni/SD/px4_ros2_ws/install/apriltag_msgs/share/apriltag_msgs/msg/AprilTagDetection.json
[5.150s] -- Installing: /home/gianni/SD/px4_ros2_ws/install/apriltag_msgs/share/apriltag_msgs/msg/AprilTagDetectionArray.json
[5.151s] -- Installing: /home/gianni/SD/px4_ros2_ws/install/apriltag_msgs/include/apriltag_msgs/apriltag_msgs
[5.151s] -- Installing: /home/gianni/SD/px4_ros2_ws/install/apriltag_msgs/include/apriltag_msgs/apriltag_msgs/msg
[5.151s] -- Installing: /home/gianni/SD/px4_ros2_ws/install/apriltag_msgs/include/apriltag_msgs/apriltag_msgs/msg/april_tag_detection_array.h
[5.151s] -- Installing: /home/gianni/SD/px4_ros2_ws/install/apriltag_msgs/include/apriltag_msgs/apriltag_msgs/msg/detail
[5.151s] -- Installing: /home/gianni/SD/px4_ros2_ws/install/apriltag_msgs/include/apriltag_msgs/apriltag_msgs/msg/detail/point__type_support.h
[5.151s] -- Installing: /home/gianni/SD/px4_ros2_ws/install/apriltag_msgs/include/apriltag_msgs/apriltag_msgs/msg/detail/april_tag_detection_array__functions.h
[5.151s] -- Installing: /home/gianni/SD/px4_ros2_ws/install/apriltag_msgs/include/apriltag_msgs/apriltag_msgs/msg/detail/april_tag_detection__functions.h
[5.151s] -- Installing: /home/gianni/SD/px4_ros2_ws/install/apriltag_msgs/include/apriltag_msgs/apriltag_msgs/msg/detail/point__functions.c
[5.151s] -- Installing: /home/gianni/SD/px4_ros2_ws/install/apriltag_msgs/include/apriltag_msgs/apriltag_msgs/msg/detail/april_tag_detection_array__type_support.h
[5.151s] -- Installing: /home/gianni/SD/px4_ros2_ws/install/apriltag_msgs/include/apriltag_msgs/apriltag_msgs/msg/detail/point__struct.h
[5.152s] -- Installing: /home/gianni/SD/px4_ros2_ws/install/apriltag_msgs/include/apriltag_msgs/apriltag_msgs/msg/detail/point__functions.h
[5.152s] -- Installing: /home/gianni/SD/px4_ros2_ws/install/apriltag_msgs/include/apriltag_msgs/apriltag_msgs/msg/detail/april_tag_detection__struct.h
[5.152s] -- Installing: /home/gianni/SD/px4_ros2_ws/install/apriltag_msgs/include/apriltag_msgs/apriltag_msgs/msg/detail/april_tag_detection__functions.c
[5.152s] -- Installing: /home/gianni/SD/px4_ros2_ws/install/apriltag_msgs/include/apriltag_msgs/apriltag_msgs/msg/detail/april_tag_detection_array__type_support.c
[5.152s] -- Installing: /home/gianni/SD/px4_ros2_ws/install/apriltag_msgs/include/apriltag_msgs/apriltag_msgs/msg/detail/april_tag_detection_array__functions.c
[5.152s] -- Installing: /home/gianni/SD/px4_ros2_ws/install/apriltag_msgs/include/apriltag_msgs/apriltag_msgs/msg/detail/point__type_support.c
[5.152s] -- Installing: /home/gianni/SD/px4_ros2_ws/install/apriltag_msgs/include/apriltag_msgs/apriltag_msgs/msg/detail/april_tag_detection_array__description.c
[5.152s] -- Installing: /home/gianni/SD/px4_ros2_ws/install/apriltag_msgs/include/apriltag_msgs/apriltag_msgs/msg/detail/april_tag_detection__description.c
[5.152s] -- Installing: /home/gianni/SD/px4_ros2_ws/install/apriltag_msgs/include/apriltag_msgs/apriltag_msgs/msg/detail/point__description.c
[5.152s] -- Installing: /home/gianni/SD/px4_ros2_ws/install/apriltag_msgs/include/apriltag_msgs/apriltag_msgs/msg/detail/april_tag_detection__type_support.c
[5.152s] -- Installing: /home/gianni/SD/px4_ros2_ws/install/apriltag_msgs/include/apriltag_msgs/apriltag_msgs/msg/detail/april_tag_detection__type_support.h
[5.153s] -- Installing: /home/gianni/SD/px4_ros2_ws/install/apriltag_msgs/include/apriltag_msgs/apriltag_msgs/msg/detail/april_tag_detection_array__struct.h
[5.153s] -- Installing: /home/gianni/SD/px4_ros2_ws/install/apriltag_msgs/include/apriltag_msgs/apriltag_msgs/msg/point.h
[5.153s] -- Installing: /home/gianni/SD/px4_ros2_ws/install/apriltag_msgs/include/apriltag_msgs/apriltag_msgs/msg/rosidl_generator_c__visibility_control.h
[5.153s] -- Installing: /home/gianni/SD/px4_ros2_ws/install/apriltag_msgs/include/apriltag_msgs/apriltag_msgs/msg/april_tag_detection.h
[5.153s] -- Installing: /home/gianni/SD/px4_ros2_ws/install/apriltag_msgs/share/apriltag_msgs/environment/library_path.sh
[5.153s] -- Installing: /home/gianni/SD/px4_ros2_ws/install/apriltag_msgs/share/apriltag_msgs/environment/library_path.dsv
[5.153s] -- Installing: /home/gianni/SD/px4_ros2_ws/install/apriltag_msgs/lib/libapriltag_msgs__rosidl_generator_c.so
[5.153s] -- Set non-toolchain portion of runtime path of "/home/gianni/SD/px4_ros2_ws/install/apriltag_msgs/lib/libapriltag_msgs__rosidl_generator_c.so" to ""
[5.153s] -- Up-to-date: /home/gianni/SD/px4_ros2_ws/install/apriltag_msgs/include/apriltag_msgs/apriltag_msgs
[5.153s] -- Up-to-date: /home/gianni/SD/px4_ros2_ws/install/apriltag_msgs/include/apriltag_msgs/apriltag_msgs/msg
[5.154s] -- Up-to-date: /home/gianni/SD/px4_ros2_ws/install/apriltag_msgs/include/apriltag_msgs/apriltag_msgs/msg/detail
[5.154s] -- Installing: /home/gianni/SD/px4_ros2_ws/install/apriltag_msgs/include/apriltag_msgs/apriltag_msgs/msg/detail/april_tag_detection__rosidl_typesupport_fastrtps_c.h
[5.154s] -- Installing: /home/gianni/SD/px4_ros2_ws/install/apriltag_msgs/include/apriltag_msgs/apriltag_msgs/msg/detail/point__rosidl_typesupport_fastrtps_c.h
[5.154s] -- Installing: /home/gianni/SD/px4_ros2_ws/install/apriltag_msgs/include/apriltag_msgs/apriltag_msgs/msg/detail/april_tag_detection_array__rosidl_typesupport_fastrtps_c.h
[5.154s] -- Installing: /home/gianni/SD/px4_ros2_ws/install/apriltag_msgs/include/apriltag_msgs/apriltag_msgs/msg/rosidl_typesupport_fastrtps_c__visibility_control.h
[5.154s] -- Installing: /home/gianni/SD/px4_ros2_ws/install/apriltag_msgs/lib/libapriltag_msgs__rosidl_typesupport_fastrtps_c.so
[5.154s] -- Set non-toolchain portion of runtime path of "/home/gianni/SD/px4_ros2_ws/install/apriltag_msgs/lib/libapriltag_msgs__rosidl_typesupport_fastrtps_c.so" to ""
[5.154s] -- Up-to-date: /home/gianni/SD/px4_ros2_ws/install/apriltag_msgs/include/apriltag_msgs/apriltag_msgs
[5.154s] -- Up-to-date: /home/gianni/SD/px4_ros2_ws/install/apriltag_msgs/include/apriltag_msgs/apriltag_msgs/msg
[5.154s] -- Up-to-date: /home/gianni/SD/px4_ros2_ws/install/apriltag_msgs/include/apriltag_msgs/apriltag_msgs/msg/detail
[5.154s] -- Installing: /home/gianni/SD/px4_ros2_ws/install/apriltag_msgs/include/apriltag_msgs/apriltag_msgs/msg/detail/april_tag_detection_array__rosidl_typesupport_introspection_c.h
[5.154s] -- Up-to-date: /home/gianni/SD/px4_ros2_ws/install/apriltag_msgs/include/apriltag_msgs/apriltag_msgs/msg/detail/april_tag_detection_array__type_support.c
[5.155s] -- Up-to-date: /home/gianni/SD/px4_ros2_ws/install/apriltag_msgs/include/apriltag_msgs/apriltag_msgs/msg/detail/point__type_support.c
[5.155s] -- Installing: /home/gianni/SD/px4_ros2_ws/install/apriltag_msgs/include/apriltag_msgs/apriltag_msgs/msg/detail/april_tag_detection__rosidl_typesupport_introspection_c.h
[5.155s] -- Installing: /home/gianni/SD/px4_ros2_ws/install/apriltag_msgs/include/apriltag_msgs/apriltag_msgs/msg/detail/point__rosidl_typesupport_introspection_c.h
[5.155s] -- Up-to-date: /home/gianni/SD/px4_ros2_ws/install/apriltag_msgs/include/apriltag_msgs/apriltag_msgs/msg/detail/april_tag_detection__type_support.c
[5.155s] -- Installing: /home/gianni/SD/px4_ros2_ws/install/apriltag_msgs/include/apriltag_msgs/apriltag_msgs/msg/rosidl_typesupport_introspection_c__visibility_control.h
[5.155s] -- Installing: /home/gianni/SD/px4_ros2_ws/install/apriltag_msgs/lib/libapriltag_msgs__rosidl_typesupport_introspection_c.so
[5.155s] -- Set non-toolchain portion of runtime path of "/home/gianni/SD/px4_ros2_ws/install/apriltag_msgs/lib/libapriltag_msgs__rosidl_typesupport_introspection_c.so" to ""
[5.155s] -- Installing: /home/gianni/SD/px4_ros2_ws/install/apriltag_msgs/lib/libapriltag_msgs__rosidl_typesupport_c.so
[5.155s] -- Set non-toolchain portion of runtime path of "/home/gianni/SD/px4_ros2_ws/install/apriltag_msgs/lib/libapriltag_msgs__rosidl_typesupport_c.so" to ""
[5.155s] -- Up-to-date: /home/gianni/SD/px4_ros2_ws/install/apriltag_msgs/include/apriltag_msgs/apriltag_msgs
[5.155s] -- Up-to-date: /home/gianni/SD/px4_ros2_ws/install/apriltag_msgs/include/apriltag_msgs/apriltag_msgs/msg
[5.155s] -- Installing: /home/gianni/SD/px4_ros2_ws/install/apriltag_msgs/include/apriltag_msgs/apriltag_msgs/msg/point.hpp
[5.155s] -- Up-to-date: /home/gianni/SD/px4_ros2_ws/install/apriltag_msgs/include/apriltag_msgs/apriltag_msgs/msg/detail
[5.156s] -- Installing: /home/gianni/SD/px4_ros2_ws/install/apriltag_msgs/include/apriltag_msgs/apriltag_msgs/msg/detail/point__type_support.hpp
[5.156s] -- Installing: /home/gianni/SD/px4_ros2_ws/install/apriltag_msgs/include/apriltag_msgs/apriltag_msgs/msg/detail/april_tag_detection_array__traits.hpp
[5.156s] -- Installing: /home/gianni/SD/px4_ros2_ws/install/apriltag_msgs/include/apriltag_msgs/apriltag_msgs/msg/detail/april_tag_detection__builder.hpp
[5.156s] -- Installing: /home/gianni/SD/px4_ros2_ws/install/apriltag_msgs/include/apriltag_msgs/apriltag_msgs/msg/detail/april_tag_detection_array__struct.hpp
[5.156s] -- Installing: /home/gianni/SD/px4_ros2_ws/install/apriltag_msgs/include/apriltag_msgs/apriltag_msgs/msg/detail/april_tag_detection__struct.hpp
[5.156s] -- Installing: /home/gianni/SD/px4_ros2_ws/install/apriltag_msgs/include/apriltag_msgs/apriltag_msgs/msg/detail/point__traits.hpp
[5.156s] -- Installing: /home/gianni/SD/px4_ros2_ws/install/apriltag_msgs/include/apriltag_msgs/apriltag_msgs/msg/detail/april_tag_detection_array__type_support.hpp
[5.156s] -- Installing: /home/gianni/SD/px4_ros2_ws/install/apriltag_msgs/include/apriltag_msgs/apriltag_msgs/msg/detail/april_tag_detection_array__builder.hpp
[5.156s] -- Installing: /home/gianni/SD/px4_ros2_ws/install/apriltag_msgs/include/apriltag_msgs/apriltag_msgs/msg/detail/point__builder.hpp
[5.156s] -- Installing: /home/gianni/SD/px4_ros2_ws/install/apriltag_msgs/include/apriltag_msgs/apriltag_msgs/msg/detail/point__struct.hpp
[5.156s] -- Installing: /home/gianni/SD/px4_ros2_ws/install/apriltag_msgs/include/apriltag_msgs/apriltag_msgs/msg/detail/april_tag_detection__type_support.hpp
[5.156s] -- Installing: /home/gianni/SD/px4_ros2_ws/install/apriltag_msgs/include/apriltag_msgs/apriltag_msgs/msg/detail/april_tag_detection__traits.hpp
[5.157s] -- Installing: /home/gianni/SD/px4_ros2_ws/install/apriltag_msgs/include/apriltag_msgs/apriltag_msgs/msg/rosidl_generator_cpp__visibility_control.hpp
[5.157s] -- Installing: /home/gianni/SD/px4_ros2_ws/install/apriltag_msgs/include/apriltag_msgs/apriltag_msgs/msg/april_tag_detection.hpp
[5.157s] -- Installing: /home/gianni/SD/px4_ros2_ws/install/apriltag_msgs/include/apriltag_msgs/apriltag_msgs/msg/april_tag_detection_array.hpp
[5.157s] -- Up-to-date: /home/gianni/SD/px4_ros2_ws/install/apriltag_msgs/include/apriltag_msgs/apriltag_msgs
[5.157s] -- Up-to-date: /home/gianni/SD/px4_ros2_ws/install/apriltag_msgs/include/apriltag_msgs/apriltag_msgs/msg
[5.157s] -- Installing: /home/gianni/SD/px4_ros2_ws/install/apriltag_msgs/include/apriltag_msgs/apriltag_msgs/msg/rosidl_typesupport_fastrtps_cpp__visibility_control.h
[5.157s] -- Up-to-date: /home/gianni/SD/px4_ros2_ws/install/apriltag_msgs/include/apriltag_msgs/apriltag_msgs/msg/detail
[5.157s] -- Installing: /home/gianni/SD/px4_ros2_ws/install/apriltag_msgs/include/apriltag_msgs/apriltag_msgs/msg/detail/april_tag_detection_array__rosidl_typesupport_fastrtps_cpp.hpp
[5.157s] -- Installing: /home/gianni/SD/px4_ros2_ws/install/apriltag_msgs/include/apriltag_msgs/apriltag_msgs/msg/detail/dds_fastrtps
[5.157s] -- Installing: /home/gianni/SD/px4_ros2_ws/install/apriltag_msgs/include/apriltag_msgs/apriltag_msgs/msg/detail/april_tag_detection__rosidl_typesupport_fastrtps_cpp.hpp
[5.157s] -- Installing: /home/gianni/SD/px4_ros2_ws/install/apriltag_msgs/include/apriltag_msgs/apriltag_msgs/msg/detail/point__rosidl_typesupport_fastrtps_cpp.hpp
[5.157s] -- Installing: /home/gianni/SD/px4_ros2_ws/install/apriltag_msgs/lib/libapriltag_msgs__rosidl_typesupport_fastrtps_cpp.so
[5.158s] -- Set non-toolchain portion of runtime path of "/home/gianni/SD/px4_ros2_ws/install/apriltag_msgs/lib/libapriltag_msgs__rosidl_typesupport_fastrtps_cpp.so" to ""
[5.158s] -- Up-to-date: /home/gianni/SD/px4_ros2_ws/install/apriltag_msgs/include/apriltag_msgs/apriltag_msgs
[5.158s] -- Up-to-date: /home/gianni/SD/px4_ros2_ws/install/apriltag_msgs/include/apriltag_msgs/apriltag_msgs/msg
[5.158s] -- Up-to-date: /home/gianni/SD/px4_ros2_ws/install/apriltag_msgs/include/apriltag_msgs/apriltag_msgs/msg/detail
[5.158s] -- Installing: /home/gianni/SD/px4_ros2_ws/install/apriltag_msgs/include/apriltag_msgs/apriltag_msgs/msg/detail/april_tag_detection_array__type_support.cpp
[5.158s] -- Installing: /home/gianni/SD/px4_ros2_ws/install/apriltag_msgs/include/apriltag_msgs/apriltag_msgs/msg/detail/april_tag_detection__type_support.cpp
[5.158s] -- Installing: /home/gianni/SD/px4_ros2_ws/install/apriltag_msgs/include/apriltag_msgs/apriltag_msgs/msg/detail/point__rosidl_typesupport_introspection_cpp.hpp
[5.158s] -- Installing: /home/gianni/SD/px4_ros2_ws/install/apriltag_msgs/include/apriltag_msgs/apriltag_msgs/msg/detail/april_tag_detection_array__rosidl_typesupport_introspection_cpp.hpp
[5.158s] -- Installing: /home/gianni/SD/px4_ros2_ws/install/apriltag_msgs/include/apriltag_msgs/apriltag_msgs/msg/detail/april_tag_detection__rosidl_typesupport_introspection_cpp.hpp
[5.158s] -- Installing: /home/gianni/SD/px4_ros2_ws/install/apriltag_msgs/include/apriltag_msgs/apriltag_msgs/msg/detail/point__type_support.cpp
[5.158s] -- Installing: /home/gianni/SD/px4_ros2_ws/install/apriltag_msgs/lib/libapriltag_msgs__rosidl_typesupport_introspection_cpp.so
[5.158s] -- Set non-toolchain portion of runtime path of "/home/gianni/SD/px4_ros2_ws/install/apriltag_msgs/lib/libapriltag_msgs__rosidl_typesupport_introspection_cpp.so" to ""
[5.159s] -- Installing: /home/gianni/SD/px4_ros2_ws/install/apriltag_msgs/lib/libapriltag_msgs__rosidl_typesupport_cpp.so
[5.159s] -- Set non-toolchain portion of runtime path of "/home/gianni/SD/px4_ros2_ws/install/apriltag_msgs/lib/libapriltag_msgs__rosidl_typesupport_cpp.so" to ""
[5.159s] -- Installing: /home/gianni/SD/px4_ros2_ws/install/apriltag_msgs/share/apriltag_msgs/environment/pythonpath.sh
[5.159s] -- Installing: /home/gianni/SD/px4_ros2_ws/install/apriltag_msgs/share/apriltag_msgs/environment/pythonpath.dsv
[5.159s] -- Installing: /home/gianni/SD/px4_ros2_ws/install/apriltag_msgs/lib/python3.12/site-packages/apriltag_msgs-2.0.1-py3.12.egg-info
[5.159s] -- Installing: /home/gianni/SD/px4_ros2_ws/install/apriltag_msgs/lib/python3.12/site-packages/apriltag_msgs-2.0.1-py3.12.egg-info/dependency_links.txt
[5.159s] -- Installing: /home/gianni/SD/px4_ros2_ws/install/apriltag_msgs/lib/python3.12/site-packages/apriltag_msgs-2.0.1-py3.12.egg-info/SOURCES.txt
[5.159s] -- Installing: /home/gianni/SD/px4_ros2_ws/install/apriltag_msgs/lib/python3.12/site-packages/apriltag_msgs-2.0.1-py3.12.egg-info/top_level.txt
[5.159s] -- Installing: /home/gianni/SD/px4_ros2_ws/install/apriltag_msgs/lib/python3.12/site-packages/apriltag_msgs-2.0.1-py3.12.egg-info/PKG-INFO
[5.159s] -- Installing: /home/gianni/SD/px4_ros2_ws/install/apriltag_msgs/lib/python3.12/site-packages/apriltag_msgs
[5.159s] -- Installing: /home/gianni/SD/px4_ros2_ws/install/apriltag_msgs/lib/python3.12/site-packages/apriltag_msgs/_apriltag_msgs_s.ep.rosidl_typesupport_introspection_c.c
[5.160s] -- Installing: /home/gianni/SD/px4_ros2_ws/install/apriltag_msgs/lib/python3.12/site-packages/apriltag_msgs/apriltag_msgs_s__rosidl_typesupport_introspection_c.so
[5.160s] -- Installing: /home/gianni/SD/px4_ros2_ws/install/apriltag_msgs/lib/python3.12/site-packages/apriltag_msgs/apriltag_msgs_s__rosidl_typesupport_fastrtps_c.so
[5.160s] -- Installing: /home/gianni/SD/px4_ros2_ws/install/apriltag_msgs/lib/python3.12/site-packages/apriltag_msgs/msg
[5.160s] -- Installing: /home/gianni/SD/px4_ros2_ws/install/apriltag_msgs/lib/python3.12/site-packages/apriltag_msgs/msg/_april_tag_detection_s.c
[5.160s] -- Installing: /home/gianni/SD/px4_ros2_ws/install/apriltag_msgs/lib/python3.12/site-packages/apriltag_msgs/msg/_april_tag_detection_array_s.c
[5.160s] -- Installing: /home/gianni/SD/px4_ros2_ws/install/apriltag_msgs/lib/python3.12/site-packages/apriltag_msgs/msg/_point_s.c
[5.160s] -- Installing: /home/gianni/SD/px4_ros2_ws/install/apriltag_msgs/lib/python3.12/site-packages/apriltag_msgs/msg/_april_tag_detection.py
[5.160s] -- Installing: /home/gianni/SD/px4_ros2_ws/install/apriltag_msgs/lib/python3.12/site-packages/apriltag_msgs/msg/_april_tag_detection_array.py
[5.160s] -- Installing: /home/gianni/SD/px4_ros2_ws/install/apriltag_msgs/lib/python3.12/site-packages/apriltag_msgs/msg/__init__.py
[5.160s] -- Installing: /home/gianni/SD/px4_ros2_ws/install/apriltag_msgs/lib/python3.12/site-packages/apriltag_msgs/msg/_point.py
[5.160s] -- Installing: /home/gianni/SD/px4_ros2_ws/install/apriltag_msgs/lib/python3.12/site-packages/apriltag_msgs/_apriltag_msgs_s.ep.rosidl_typesupport_c.c
[5.160s] -- Installing: /home/gianni/SD/px4_ros2_ws/install/apriltag_msgs/lib/python3.12/site-packages/apriltag_msgs/apriltag_msgs_s__rosidl_typesupport_c.so
[5.160s] -- Installing: /home/gianni/SD/px4_ros2_ws/install/apriltag_msgs/lib/python3.12/site-packages/apriltag_msgs/_apriltag_msgs_s.ep.rosidl_typesupport_fastrtps_c.c
[5.160s] -- Installing: /home/gianni/SD/px4_ros2_ws/install/apriltag_msgs/lib/python3.12/site-packages/apriltag_msgs/__init__.py
[5.198s] Listing '/home/gianni/SD/px4_ros2_ws/install/apriltag_msgs/lib/python3.12/site-packages/apriltag_msgs'...
[5.198s] Compiling '/home/gianni/SD/px4_ros2_ws/install/apriltag_msgs/lib/python3.12/site-packages/apriltag_msgs/__init__.py'...
[5.198s] Listing '/home/gianni/SD/px4_ros2_ws/install/apriltag_msgs/lib/python3.12/site-packages/apriltag_msgs/msg'...
[5.198s] Compiling '/home/gianni/SD/px4_ros2_ws/install/apriltag_msgs/lib/python3.12/site-packages/apriltag_msgs/msg/__init__.py'...
[5.198s] Compiling '/home/gianni/SD/px4_ros2_ws/install/apriltag_msgs/lib/python3.12/site-packages/apriltag_msgs/msg/_april_tag_detection.py'...
[5.198s] Compiling '/home/gianni/SD/px4_ros2_ws/install/apriltag_msgs/lib/python3.12/site-packages/apriltag_msgs/msg/_april_tag_detection_array.py'...
[5.198s] Compiling '/home/gianni/SD/px4_ros2_ws/install/apriltag_msgs/lib/python3.12/site-packages/apriltag_msgs/msg/_point.py'...
[5.202s] -- Installing: /home/gianni/SD/px4_ros2_ws/install/apriltag_msgs/lib/python3.12/site-packages/apriltag_msgs/apriltag_msgs_s__rosidl_typesupport_fastrtps_c.so
[5.202s] -- Set non-toolchain portion of runtime path of "/home/gianni/SD/px4_ros2_ws/install/apriltag_msgs/lib/python3.12/site-packages/apriltag_msgs/apriltag_msgs_s__rosidl_typesupport_fastrtps_c.so" to ""
[5.202s] -- Installing: /home/gianni/SD/px4_ros2_ws/install/apriltag_msgs/lib/python3.12/site-packages/apriltag_msgs/apriltag_msgs_s__rosidl_typesupport_introspection_c.so
[5.202s] -- Set non-toolchain portion of runtime path of "/home/gianni/SD/px4_ros2_ws/install/apriltag_msgs/lib/python3.12/site-packages/apriltag_msgs/apriltag_msgs_s__rosidl_typesupport_introspection_c.so" to ""
[5.202s] -- Installing: /home/gianni/SD/px4_ros2_ws/install/apriltag_msgs/lib/python3.12/site-packages/apriltag_msgs/apriltag_msgs_s__rosidl_typesupport_c.so
[5.203s] -- Set non-toolchain portion of runtime path of "/home/gianni/SD/px4_ros2_ws/install/apriltag_msgs/lib/python3.12/site-packages/apriltag_msgs/apriltag_msgs_s__rosidl_typesupport_c.so" to ""
[5.203s] -- Installing: /home/gianni/SD/px4_ros2_ws/install/apriltag_msgs/lib/libapriltag_msgs__rosidl_generator_py.so
[5.203s] -- Set non-toolchain portion of runtime path of "/home/gianni/SD/px4_ros2_ws/install/apriltag_msgs/lib/libapriltag_msgs__rosidl_generator_py.so" to ""
[5.203s] -- Installing: /home/gianni/SD/px4_ros2_ws/install/apriltag_msgs/share/apriltag_msgs/msg/Point.idl
[5.203s] -- Installing: /home/gianni/SD/px4_ros2_ws/install/apriltag_msgs/share/apriltag_msgs/msg/AprilTagDetection.idl
[5.203s] -- Installing: /home/gianni/SD/px4_ros2_ws/install/apriltag_msgs/share/apriltag_msgs/msg/AprilTagDetectionArray.idl
[5.203s] -- Installing: /home/gianni/SD/px4_ros2_ws/install/apriltag_msgs/share/apriltag_msgs/msg/Point.msg
[5.203s] -- Installing: /home/gianni/SD/px4_ros2_ws/install/apriltag_msgs/share/apriltag_msgs/msg/AprilTagDetection.msg
[5.203s] -- Installing: /home/gianni/SD/px4_ros2_ws/install/apriltag_msgs/share/apriltag_msgs/msg/AprilTagDetectionArray.msg
[5.203s] -- Installing: /home/gianni/SD/px4_ros2_ws/install/apriltag_msgs/share/ament_index/resource_index/package_run_dependencies/apriltag_msgs
[5.203s] -- Installing: /home/gianni/SD/px4_ros2_ws/install/apriltag_msgs/share/ament_index/resource_index/parent_prefix_path/apriltag_msgs
[5.203s] -- Installing: /home/gianni/SD/px4_ros2_ws/install/apriltag_msgs/share/apriltag_msgs/environment/ament_prefix_path.sh
[5.203s] -- Installing: /home/gianni/SD/px4_ros2_ws/install/apriltag_msgs/share/apriltag_msgs/environment/ament_prefix_path.dsv
[5.203s] -- Installing: /home/gianni/SD/px4_ros2_ws/install/apriltag_msgs/share/apriltag_msgs/environment/path.sh
[5.203s] -- Installing: /home/gianni/SD/px4_ros2_ws/install/apriltag_msgs/share/apriltag_msgs/environment/path.dsv
[5.203s] -- Installing: /home/gianni/SD/px4_ros2_ws/install/apriltag_msgs/share/apriltag_msgs/local_setup.bash
[5.203s] -- Installing: /home/gianni/SD/px4_ros2_ws/install/apriltag_msgs/share/apriltag_msgs/local_setup.sh
[5.204s] -- Installing: /home/gianni/SD/px4_ros2_ws/install/apriltag_msgs/share/apriltag_msgs/local_setup.zsh
[5.204s] -- Installing: /home/gianni/SD/px4_ros2_ws/install/apriltag_msgs/share/apriltag_msgs/local_setup.dsv
[5.204s] -- Installing: /home/gianni/SD/px4_ros2_ws/install/apriltag_msgs/share/apriltag_msgs/package.dsv
[5.204s] -- Installing: /home/gianni/SD/px4_ros2_ws/install/apriltag_msgs/share/ament_index/resource_index/packages/apriltag_msgs
[5.204s] -- Installing: /home/gianni/SD/px4_ros2_ws/install/apriltag_msgs/share/apriltag_msgs/cmake/export_apriltag_msgs__rosidl_generator_cExport.cmake
[5.204s] -- Installing: /home/gianni/SD/px4_ros2_ws/install/apriltag_msgs/share/apriltag_msgs/cmake/export_apriltag_msgs__rosidl_generator_cExport-noconfig.cmake
[5.204s] -- Installing: /home/gianni/SD/px4_ros2_ws/install/apriltag_msgs/share/apriltag_msgs/cmake/export_apriltag_msgs__rosidl_typesupport_fastrtps_cExport.cmake
[5.204s] -- Installing: /home/gianni/SD/px4_ros2_ws/install/apriltag_msgs/share/apriltag_msgs/cmake/export_apriltag_msgs__rosidl_typesupport_fastrtps_cExport-noconfig.cmake
[5.204s] -- Installing: /home/gianni/SD/px4_ros2_ws/install/apriltag_msgs/share/apriltag_msgs/cmake/apriltag_msgs__rosidl_typesupport_introspection_cExport.cmake
[5.204s] -- Installing: /home/gianni/SD/px4_ros2_ws/install/apriltag_msgs/share/apriltag_msgs/cmake/apriltag_msgs__rosidl_typesupport_introspection_cExport-noconfig.cmake
[5.204s] -- Installing: /home/gianni/SD/px4_ros2_ws/install/apriltag_msgs/share/apriltag_msgs/cmake/apriltag_msgs__rosidl_typesupport_cExport.cmake
[5.204s] -- Installing: /home/gianni/SD/px4_ros2_ws/install/apriltag_msgs/share/apriltag_msgs/cmake/apriltag_msgs__rosidl_typesupport_cExport-noconfig.cmake
[5.204s] -- Installing: /home/gianni/SD/px4_ros2_ws/install/apriltag_msgs/share/apriltag_msgs/cmake/export_apriltag_msgs__rosidl_generator_cppExport.cmake
[5.204s] -- Installing: /home/gianni/SD/px4_ros2_ws/install/apriltag_msgs/share/apriltag_msgs/cmake/export_apriltag_msgs__rosidl_typesupport_fastrtps_cppExport.cmake
[5.204s] -- Installing: /home/gianni/SD/px4_ros2_ws/install/apriltag_msgs/share/apriltag_msgs/cmake/export_apriltag_msgs__rosidl_typesupport_fastrtps_cppExport-noconfig.cmake
[5.204s] -- Installing: /home/gianni/SD/px4_ros2_ws/install/apriltag_msgs/share/apriltag_msgs/cmake/apriltag_msgs__rosidl_typesupport_introspection_cppExport.cmake
[5.204s] -- Installing: /home/gianni/SD/px4_ros2_ws/install/apriltag_msgs/share/apriltag_msgs/cmake/apriltag_msgs__rosidl_typesupport_introspection_cppExport-noconfig.cmake
[5.204s] -- Installing: /home/gianni/SD/px4_ros2_ws/install/apriltag_msgs/share/apriltag_msgs/cmake/apriltag_msgs__rosidl_typesupport_cppExport.cmake
[5.204s] -- Installing: /home/gianni/SD/px4_ros2_ws/install/apriltag_msgs/share/apriltag_msgs/cmake/apriltag_msgs__rosidl_typesupport_cppExport-noconfig.cmake
[5.204s] -- Installing: /home/gianni/SD/px4_ros2_ws/install/apriltag_msgs/share/apriltag_msgs/cmake/export_apriltag_msgs__rosidl_generator_pyExport.cmake
[5.205s] -- Installing: /home/gianni/SD/px4_ros2_ws/install/apriltag_msgs/share/apriltag_msgs/cmake/export_apriltag_msgs__rosidl_generator_pyExport-noconfig.cmake
[5.205s] -- Installing: /home/gianni/SD/px4_ros2_ws/install/apriltag_msgs/share/apriltag_msgs/cmake/rosidl_cmake-extras.cmake
[5.205s] -- Installing: /home/gianni/SD/px4_ros2_ws/install/apriltag_msgs/share/apriltag_msgs/cmake/ament_cmake_export_dependencies-extras.cmake
[5.205s] -- Installing: /home/gianni/SD/px4_ros2_ws/install/apriltag_msgs/share/apriltag_msgs/cmake/ament_cmake_export_include_directories-extras.cmake
[5.205s] -- Installing: /home/gianni/SD/px4_ros2_ws/install/apriltag_msgs/share/apriltag_msgs/cmake/ament_cmake_export_libraries-extras.cmake
[5.205s] -- Installing: /home/gianni/SD/px4_ros2_ws/install/apriltag_msgs/share/apriltag_msgs/cmake/ament_cmake_export_targets-extras.cmake
[5.205s] -- Installing: /home/gianni/SD/px4_ros2_ws/install/apriltag_msgs/share/apriltag_msgs/cmake/rosidl_cmake_export_typesupport_targets-extras.cmake
[5.205s] -- Installing: /home/gianni/SD/px4_ros2_ws/install/apriltag_msgs/share/apriltag_msgs/cmake/rosidl_cmake_export_typesupport_libraries-extras.cmake
[5.205s] -- Installing: /home/gianni/SD/px4_ros2_ws/install/apriltag_msgs/share/apriltag_msgs/cmake/apriltag_msgsConfig.cmake
[5.205s] -- Installing: /home/gianni/SD/px4_ros2_ws/install/apriltag_msgs/share/apriltag_msgs/cmake/apriltag_msgsConfig-version.cmake
[5.205s] -- Installing: /home/gianni/SD/px4_ros2_ws/install/apriltag_msgs/share/apriltag_msgs/package.xml
[5.207s] Invoked command in '/home/gianni/SD/px4_ros2_ws/build/apriltag_msgs' returned '0': CMAKE_PREFIX_PATH=${CMAKE_PREFIX_PATH}:/opt/ros/jazzy DEBUGINFOD_URLS=https://debuginfod.ubuntu.com /usr/bin/cmake --install /home/gianni/SD/px4_ros2_ws/build/apriltag_msgs
