[0.040s] Invoking command in '/home/gianni/SD/px4_ros2_ws/build/example_mode_mission_cpp': AMENT_PREFIX_PATH=/home/gianni/SD/px4_ros2_ws/install/px4_ros2_cpp:/home/gianni/SD/px4_ros2_ws/install/px4_msgs:${AMENT_PREFIX_PATH} CMAKE_PREFIX_PATH=/home/gianni/SD/px4_ros2_ws/install/px4_ros2_cpp:/home/gianni/SD/px4_ros2_ws/install/px4_msgs:/home/gianni/SD/ros_gz_ws/install/test_ros_gz_bridge:/home/gianni/SD/ros_gz_ws/install/ros_gz:/home/gianni/SD/ros_gz_ws/install/ros_gz_sim_demos:/home/gianni/SD/ros_gz_ws/install/ros_gz_sim:/home/gianni/SD/ros_gz_ws/install/ros_gz_image:/home/gianni/SD/ros_gz_ws/install/ros_gz_bridge:/home/gianni/SD/ros_gz_ws/install/ros_gz_interfaces:/opt/ros/jazzy/opt/gz_sim_vendor:/opt/ros/jazzy/opt/gz_sensors_vendor:/opt/ros/jazzy/opt/gz_physics_vendor:/opt/ros/jazzy/opt/sdformat_vendor:/opt/ros/jazzy/opt/gz_gui_vendor:/opt/ros/jazzy/opt/gz_transport_vendor:/opt/ros/jazzy/opt/gz_rendering_vendor:/opt/ros/jazzy/opt/gz_plugin_vendor:/opt/ros/jazzy/opt/gz_fuel_tools_vendor:/opt/ros/jazzy/opt/gz_msgs_vendor:/opt/ros/jazzy/opt/gz_common_vendor:/opt/ros/jazzy/opt/gz_math_vendor:/opt/ros/jazzy/opt/gz_utils_vendor:/opt/ros/jazzy/opt/gz_tools_vendor:/opt/ros/jazzy/opt/gz_ogre_next_vendor:/opt/ros/jazzy/opt/gz_dartsim_vendor:/opt/ros/jazzy/opt/gz_cmake_vendor:/opt/ros/jazzy DEBUGINFOD_URLS=https://debuginfod.ubuntu.com LD_LIBRARY_PATH=/home/gianni/SD/px4_ros2_ws/install/px4_ros2_cpp/lib:/home/gianni/SD/px4_ros2_ws/install/px4_msgs/lib:${LD_LIBRARY_PATH} PYTHONPATH=/home/gianni/SD/px4_ros2_ws/install/px4_msgs/lib/python3.12/site-packages:${PYTHONPATH} /usr/bin/cmake /home/gianni/SD/px4_ros2_ws/src/px4-ros2-interface-lib/examples/cpp/modes/mission -DCMAKE_INSTALL_PREFIX=/home/gianni/SD/px4_ros2_ws/install/example_mode_mission_cpp
[0.134s] -- The C compiler identification is GNU 13.3.0
[0.188s] -- The CXX compiler identification is GNU 13.3.0
[0.203s] -- Detecting C compiler ABI info
[0.284s] -- Detecting C compiler ABI info - done
[0.297s] -- Check for working C compiler: /usr/bin/cc - skipped
[0.297s] -- Detecting C compile features
[0.298s] -- Detecting C compile features - done
[0.308s] -- Detecting CXX compiler ABI info
[0.399s] -- Detecting CXX compiler ABI info - done
[0.413s] -- Check for working CXX compiler: /usr/bin/c++ - skipped
[0.413s] -- Detecting CXX compile features
[0.414s] -- Detecting CXX compile features - done
[0.418s] -- Found eigen3_cmake_module: 0.3.0 (/opt/ros/jazzy/share/eigen3_cmake_module/cmake)
[0.430s] -- Found Eigen3: TRUE (found version "3.4.0") 
[0.434s] -- Found ament_cmake: 2.5.4 (/opt/ros/jazzy/share/ament_cmake/cmake)
[0.593s] -- Found Python3: /usr/bin/python3 (found version "3.12.3") found components: Interpreter 
[0.717s] -- Found rclcpp: 28.1.11 (/opt/ros/jazzy/share/rclcpp/cmake)
[0.755s] -- Found rosidl_generator_c: 4.6.6 (/opt/ros/jazzy/share/rosidl_generator_c/cmake)
[0.767s] -- Found rosidl_generator_cpp: 4.6.6 (/opt/ros/jazzy/share/rosidl_generator_cpp/cmake)
[0.782s] -- Using all available rosidl_typesupport_c: rosidl_typesupport_fastrtps_c;rosidl_typesupport_introspection_c
[0.798s] -- Using all available rosidl_typesupport_cpp: rosidl_typesupport_fastrtps_cpp;rosidl_typesupport_introspection_cpp
[0.864s] -- Found rmw_implementation_cmake: 7.3.2 (/opt/ros/jazzy/share/rmw_implementation_cmake/cmake)
[0.867s] -- Found rmw_fastrtps_cpp: 8.4.3 (/opt/ros/jazzy/share/rmw_fastrtps_cpp/cmake)
[0.937s] -- Found OpenSSL: /usr/lib/x86_64-linux-gnu/libcrypto.so (found version "3.0.13")  
[0.967s] -- Found FastRTPS: /opt/ros/jazzy/include (Required is at least version "2.13") 
[0.997s] -- Using RMW implementation 'rmw_fastrtps_cpp' as default
[1.123s] -- Found px4_ros2_cpp: 0.0.1 (/home/gianni/SD/px4_ros2_ws/install/px4_ros2_cpp/share/px4_ros2_cpp/cmake)
[1.163s] -- Found ament_lint_auto: 0.17.3 (/opt/ros/jazzy/share/ament_lint_auto/cmake)
[1.276s] -- Added test 'copyright' to check source files copyright and LICENSE
[1.278s] -- Added test 'cppcheck' to perform static code analysis on C / C++ code
[1.278s] -- Configured cppcheck include dirs: /home/gianni/SD/px4_ros2_ws/src/px4-ros2-interface-lib/examples/cpp/modes/mission/include
[1.278s] -- Configured cppcheck exclude dirs and/or files: 
[1.279s] -- Added test 'cpplint' to check C / C++ code against the Google style
[1.279s] -- Configured cpplint exclude dirs and/or files: 
[1.281s] -- Added test 'lint_cmake' to check CMake code style
[1.282s] -- Added test 'uncrustify' to check C / C++ code style
[1.282s] -- Configured uncrustify additional arguments: 
[1.283s] -- Added test 'xmllint' to check XML markup files
[1.286s] -- Configuring done (1.2s)
[1.299s] -- Generating done (0.0s)
[1.304s] -- Build files have been written to: /home/gianni/SD/px4_ros2_ws/build/example_mode_mission_cpp
[1.318s] Invoked command in '/home/gianni/SD/px4_ros2_ws/build/example_mode_mission_cpp' returned '0': AMENT_PREFIX_PATH=/home/gianni/SD/px4_ros2_ws/install/px4_ros2_cpp:/home/gianni/SD/px4_ros2_ws/install/px4_msgs:${AMENT_PREFIX_PATH} CMAKE_PREFIX_PATH=/home/gianni/SD/px4_ros2_ws/install/px4_ros2_cpp:/home/gianni/SD/px4_ros2_ws/install/px4_msgs:/home/gianni/SD/ros_gz_ws/install/test_ros_gz_bridge:/home/gianni/SD/ros_gz_ws/install/ros_gz:/home/gianni/SD/ros_gz_ws/install/ros_gz_sim_demos:/home/gianni/SD/ros_gz_ws/install/ros_gz_sim:/home/gianni/SD/ros_gz_ws/install/ros_gz_image:/home/gianni/SD/ros_gz_ws/install/ros_gz_bridge:/home/gianni/SD/ros_gz_ws/install/ros_gz_interfaces:/opt/ros/jazzy/opt/gz_sim_vendor:/opt/ros/jazzy/opt/gz_sensors_vendor:/opt/ros/jazzy/opt/gz_physics_vendor:/opt/ros/jazzy/opt/sdformat_vendor:/opt/ros/jazzy/opt/gz_gui_vendor:/opt/ros/jazzy/opt/gz_transport_vendor:/opt/ros/jazzy/opt/gz_rendering_vendor:/opt/ros/jazzy/opt/gz_plugin_vendor:/opt/ros/jazzy/opt/gz_fuel_tools_vendor:/opt/ros/jazzy/opt/gz_msgs_vendor:/opt/ros/jazzy/opt/gz_common_vendor:/opt/ros/jazzy/opt/gz_math_vendor:/opt/ros/jazzy/opt/gz_utils_vendor:/opt/ros/jazzy/opt/gz_tools_vendor:/opt/ros/jazzy/opt/gz_ogre_next_vendor:/opt/ros/jazzy/opt/gz_dartsim_vendor:/opt/ros/jazzy/opt/gz_cmake_vendor:/opt/ros/jazzy DEBUGINFOD_URLS=https://debuginfod.ubuntu.com LD_LIBRARY_PATH=/home/gianni/SD/px4_ros2_ws/install/px4_ros2_cpp/lib:/home/gianni/SD/px4_ros2_ws/install/px4_msgs/lib:${LD_LIBRARY_PATH} PYTHONPATH=/home/gianni/SD/px4_ros2_ws/install/px4_msgs/lib/python3.12/site-packages:${PYTHONPATH} /usr/bin/cmake /home/gianni/SD/px4_ros2_ws/src/px4-ros2-interface-lib/examples/cpp/modes/mission -DCMAKE_INSTALL_PREFIX=/home/gianni/SD/px4_ros2_ws/install/example_mode_mission_cpp
[1.318s] Invoking command in '/home/gianni/SD/px4_ros2_ws/build/example_mode_mission_cpp': AMENT_PREFIX_PATH=/home/gianni/SD/px4_ros2_ws/install/px4_ros2_cpp:/home/gianni/SD/px4_ros2_ws/install/px4_msgs:${AMENT_PREFIX_PATH} CMAKE_PREFIX_PATH=/home/gianni/SD/px4_ros2_ws/install/px4_ros2_cpp:/home/gianni/SD/px4_ros2_ws/install/px4_msgs:/home/gianni/SD/ros_gz_ws/install/test_ros_gz_bridge:/home/gianni/SD/ros_gz_ws/install/ros_gz:/home/gianni/SD/ros_gz_ws/install/ros_gz_sim_demos:/home/gianni/SD/ros_gz_ws/install/ros_gz_sim:/home/gianni/SD/ros_gz_ws/install/ros_gz_image:/home/gianni/SD/ros_gz_ws/install/ros_gz_bridge:/home/gianni/SD/ros_gz_ws/install/ros_gz_interfaces:/opt/ros/jazzy/opt/gz_sim_vendor:/opt/ros/jazzy/opt/gz_sensors_vendor:/opt/ros/jazzy/opt/gz_physics_vendor:/opt/ros/jazzy/opt/sdformat_vendor:/opt/ros/jazzy/opt/gz_gui_vendor:/opt/ros/jazzy/opt/gz_transport_vendor:/opt/ros/jazzy/opt/gz_rendering_vendor:/opt/ros/jazzy/opt/gz_plugin_vendor:/opt/ros/jazzy/opt/gz_fuel_tools_vendor:/opt/ros/jazzy/opt/gz_msgs_vendor:/opt/ros/jazzy/opt/gz_common_vendor:/opt/ros/jazzy/opt/gz_math_vendor:/opt/ros/jazzy/opt/gz_utils_vendor:/opt/ros/jazzy/opt/gz_tools_vendor:/opt/ros/jazzy/opt/gz_ogre_next_vendor:/opt/ros/jazzy/opt/gz_dartsim_vendor:/opt/ros/jazzy/opt/gz_cmake_vendor:/opt/ros/jazzy DEBUGINFOD_URLS=https://debuginfod.ubuntu.com LD_LIBRARY_PATH=/home/gianni/SD/px4_ros2_ws/install/px4_ros2_cpp/lib:/home/gianni/SD/px4_ros2_ws/install/px4_msgs/lib:${LD_LIBRARY_PATH} PYTHONPATH=/home/gianni/SD/px4_ros2_ws/install/px4_msgs/lib/python3.12/site-packages:${PYTHONPATH} /usr/bin/cmake --build /home/gianni/SD/px4_ros2_ws/build/example_mode_mission_cpp -- -j20 -l20
[1.381s] [ 50%] [32mBuilding CXX object CMakeFiles/example_mode_mission.dir/src/main.cpp.o[0m
[10.099s] [100%] [32m[1mLinking CXX executable example_mode_mission[0m
[10.879s] [100%] Built target example_mode_mission
[10.893s] Invoked command in '/home/gianni/SD/px4_ros2_ws/build/example_mode_mission_cpp' returned '0': AMENT_PREFIX_PATH=/home/gianni/SD/px4_ros2_ws/install/px4_ros2_cpp:/home/gianni/SD/px4_ros2_ws/install/px4_msgs:${AMENT_PREFIX_PATH} CMAKE_PREFIX_PATH=/home/gianni/SD/px4_ros2_ws/install/px4_ros2_cpp:/home/gianni/SD/px4_ros2_ws/install/px4_msgs:/home/gianni/SD/ros_gz_ws/install/test_ros_gz_bridge:/home/gianni/SD/ros_gz_ws/install/ros_gz:/home/gianni/SD/ros_gz_ws/install/ros_gz_sim_demos:/home/gianni/SD/ros_gz_ws/install/ros_gz_sim:/home/gianni/SD/ros_gz_ws/install/ros_gz_image:/home/gianni/SD/ros_gz_ws/install/ros_gz_bridge:/home/gianni/SD/ros_gz_ws/install/ros_gz_interfaces:/opt/ros/jazzy/opt/gz_sim_vendor:/opt/ros/jazzy/opt/gz_sensors_vendor:/opt/ros/jazzy/opt/gz_physics_vendor:/opt/ros/jazzy/opt/sdformat_vendor:/opt/ros/jazzy/opt/gz_gui_vendor:/opt/ros/jazzy/opt/gz_transport_vendor:/opt/ros/jazzy/opt/gz_rendering_vendor:/opt/ros/jazzy/opt/gz_plugin_vendor:/opt/ros/jazzy/opt/gz_fuel_tools_vendor:/opt/ros/jazzy/opt/gz_msgs_vendor:/opt/ros/jazzy/opt/gz_common_vendor:/opt/ros/jazzy/opt/gz_math_vendor:/opt/ros/jazzy/opt/gz_utils_vendor:/opt/ros/jazzy/opt/gz_tools_vendor:/opt/ros/jazzy/opt/gz_ogre_next_vendor:/opt/ros/jazzy/opt/gz_dartsim_vendor:/opt/ros/jazzy/opt/gz_cmake_vendor:/opt/ros/jazzy DEBUGINFOD_URLS=https://debuginfod.ubuntu.com LD_LIBRARY_PATH=/home/gianni/SD/px4_ros2_ws/install/px4_ros2_cpp/lib:/home/gianni/SD/px4_ros2_ws/install/px4_msgs/lib:${LD_LIBRARY_PATH} PYTHONPATH=/home/gianni/SD/px4_ros2_ws/install/px4_msgs/lib/python3.12/site-packages:${PYTHONPATH} /usr/bin/cmake --build /home/gianni/SD/px4_ros2_ws/build/example_mode_mission_cpp -- -j20 -l20
[10.894s] Invoking command in '/home/gianni/SD/px4_ros2_ws/build/example_mode_mission_cpp': AMENT_PREFIX_PATH=/home/gianni/SD/px4_ros2_ws/install/px4_ros2_cpp:/home/gianni/SD/px4_ros2_ws/install/px4_msgs:${AMENT_PREFIX_PATH} CMAKE_PREFIX_PATH=/home/gianni/SD/px4_ros2_ws/install/px4_ros2_cpp:/home/gianni/SD/px4_ros2_ws/install/px4_msgs:/home/gianni/SD/ros_gz_ws/install/test_ros_gz_bridge:/home/gianni/SD/ros_gz_ws/install/ros_gz:/home/gianni/SD/ros_gz_ws/install/ros_gz_sim_demos:/home/gianni/SD/ros_gz_ws/install/ros_gz_sim:/home/gianni/SD/ros_gz_ws/install/ros_gz_image:/home/gianni/SD/ros_gz_ws/install/ros_gz_bridge:/home/gianni/SD/ros_gz_ws/install/ros_gz_interfaces:/opt/ros/jazzy/opt/gz_sim_vendor:/opt/ros/jazzy/opt/gz_sensors_vendor:/opt/ros/jazzy/opt/gz_physics_vendor:/opt/ros/jazzy/opt/sdformat_vendor:/opt/ros/jazzy/opt/gz_gui_vendor:/opt/ros/jazzy/opt/gz_transport_vendor:/opt/ros/jazzy/opt/gz_rendering_vendor:/opt/ros/jazzy/opt/gz_plugin_vendor:/opt/ros/jazzy/opt/gz_fuel_tools_vendor:/opt/ros/jazzy/opt/gz_msgs_vendor:/opt/ros/jazzy/opt/gz_common_vendor:/opt/ros/jazzy/opt/gz_math_vendor:/opt/ros/jazzy/opt/gz_utils_vendor:/opt/ros/jazzy/opt/gz_tools_vendor:/opt/ros/jazzy/opt/gz_ogre_next_vendor:/opt/ros/jazzy/opt/gz_dartsim_vendor:/opt/ros/jazzy/opt/gz_cmake_vendor:/opt/ros/jazzy DEBUGINFOD_URLS=https://debuginfod.ubuntu.com LD_LIBRARY_PATH=/home/gianni/SD/px4_ros2_ws/install/px4_ros2_cpp/lib:/home/gianni/SD/px4_ros2_ws/install/px4_msgs/lib:${LD_LIBRARY_PATH} PYTHONPATH=/home/gianni/SD/px4_ros2_ws/install/px4_msgs/lib/python3.12/site-packages:${PYTHONPATH} /usr/bin/cmake --install /home/gianni/SD/px4_ros2_ws/build/example_mode_mission_cpp
[10.904s] -- Install configuration: ""
[10.904s] -- Installing: /home/gianni/SD/px4_ros2_ws/install/example_mode_mission_cpp/lib/example_mode_mission_cpp/example_mode_mission
[10.905s] -- Set non-toolchain portion of runtime path of "/home/gianni/SD/px4_ros2_ws/install/example_mode_mission_cpp/lib/example_mode_mission_cpp/example_mode_mission" to ""
[10.905s] -- Installing: /home/gianni/SD/px4_ros2_ws/install/example_mode_mission_cpp/share/ament_index/resource_index/package_run_dependencies/example_mode_mission_cpp
[10.905s] -- Installing: /home/gianni/SD/px4_ros2_ws/install/example_mode_mission_cpp/share/ament_index/resource_index/parent_prefix_path/example_mode_mission_cpp
[10.905s] -- Installing: /home/gianni/SD/px4_ros2_ws/install/example_mode_mission_cpp/share/example_mode_mission_cpp/environment/ament_prefix_path.sh
[10.905s] -- Installing: /home/gianni/SD/px4_ros2_ws/install/example_mode_mission_cpp/share/example_mode_mission_cpp/environment/ament_prefix_path.dsv
[10.905s] -- Installing: /home/gianni/SD/px4_ros2_ws/install/example_mode_mission_cpp/share/example_mode_mission_cpp/environment/path.sh
[10.905s] -- Installing: /home/gianni/SD/px4_ros2_ws/install/example_mode_mission_cpp/share/example_mode_mission_cpp/environment/path.dsv
[10.906s] -- Installing: /home/gianni/SD/px4_ros2_ws/install/example_mode_mission_cpp/share/example_mode_mission_cpp/local_setup.bash
[10.906s] -- Installing: /home/gianni/SD/px4_ros2_ws/install/example_mode_mission_cpp/share/example_mode_mission_cpp/local_setup.sh
[10.906s] -- Installing: /home/gianni/SD/px4_ros2_ws/install/example_mode_mission_cpp/share/example_mode_mission_cpp/local_setup.zsh
[10.906s] -- Installing: /home/gianni/SD/px4_ros2_ws/install/example_mode_mission_cpp/share/example_mode_mission_cpp/local_setup.dsv
[10.906s] -- Installing: /home/gianni/SD/px4_ros2_ws/install/example_mode_mission_cpp/share/example_mode_mission_cpp/package.dsv
[10.906s] -- Installing: /home/gianni/SD/px4_ros2_ws/install/example_mode_mission_cpp/share/ament_index/resource_index/packages/example_mode_mission_cpp
[10.906s] -- Installing: /home/gianni/SD/px4_ros2_ws/install/example_mode_mission_cpp/share/example_mode_mission_cpp/cmake/example_mode_mission_cppConfig.cmake
[10.906s] -- Installing: /home/gianni/SD/px4_ros2_ws/install/example_mode_mission_cpp/share/example_mode_mission_cpp/cmake/example_mode_mission_cppConfig-version.cmake
[10.906s] -- Installing: /home/gianni/SD/px4_ros2_ws/install/example_mode_mission_cpp/share/example_mode_mission_cpp/package.xml
[10.907s] Invoked command in '/home/gianni/SD/px4_ros2_ws/build/example_mode_mission_cpp' returned '0': AMENT_PREFIX_PATH=/home/gianni/SD/px4_ros2_ws/install/px4_ros2_cpp:/home/gianni/SD/px4_ros2_ws/install/px4_msgs:${AMENT_PREFIX_PATH} CMAKE_PREFIX_PATH=/home/gianni/SD/px4_ros2_ws/install/px4_ros2_cpp:/home/gianni/SD/px4_ros2_ws/install/px4_msgs:/home/gianni/SD/ros_gz_ws/install/test_ros_gz_bridge:/home/gianni/SD/ros_gz_ws/install/ros_gz:/home/gianni/SD/ros_gz_ws/install/ros_gz_sim_demos:/home/gianni/SD/ros_gz_ws/install/ros_gz_sim:/home/gianni/SD/ros_gz_ws/install/ros_gz_image:/home/gianni/SD/ros_gz_ws/install/ros_gz_bridge:/home/gianni/SD/ros_gz_ws/install/ros_gz_interfaces:/opt/ros/jazzy/opt/gz_sim_vendor:/opt/ros/jazzy/opt/gz_sensors_vendor:/opt/ros/jazzy/opt/gz_physics_vendor:/opt/ros/jazzy/opt/sdformat_vendor:/opt/ros/jazzy/opt/gz_gui_vendor:/opt/ros/jazzy/opt/gz_transport_vendor:/opt/ros/jazzy/opt/gz_rendering_vendor:/opt/ros/jazzy/opt/gz_plugin_vendor:/opt/ros/jazzy/opt/gz_fuel_tools_vendor:/opt/ros/jazzy/opt/gz_msgs_vendor:/opt/ros/jazzy/opt/gz_common_vendor:/opt/ros/jazzy/opt/gz_math_vendor:/opt/ros/jazzy/opt/gz_utils_vendor:/opt/ros/jazzy/opt/gz_tools_vendor:/opt/ros/jazzy/opt/gz_ogre_next_vendor:/opt/ros/jazzy/opt/gz_dartsim_vendor:/opt/ros/jazzy/opt/gz_cmake_vendor:/opt/ros/jazzy DEBUGINFOD_URLS=https://debuginfod.ubuntu.com LD_LIBRARY_PATH=/home/gianni/SD/px4_ros2_ws/install/px4_ros2_cpp/lib:/home/gianni/SD/px4_ros2_ws/install/px4_msgs/lib:${LD_LIBRARY_PATH} PYTHONPATH=/home/gianni/SD/px4_ros2_ws/install/px4_msgs/lib/python3.12/site-packages:${PYTHONPATH} /usr/bin/cmake --install /home/gianni/SD/px4_ros2_ws/build/example_mode_mission_cpp
