[0.009s] Invoking command in '/home/gianni/SD/px4_ros2_ws/build/apriltag': CMAKE_PREFIX_PATH=${CMAKE_PREFIX_PATH}:/opt/ros/jazzy DEBUGINFOD_URLS=https://debuginfod.ubuntu.com /usr/bin/cmake /home/gianni/SD/px4_ros2_ws/src/apriltag -DCMAKE_INSTALL_PREFIX=/home/gianni/SD/px4_ros2_ws/install/apriltag
[0.108s] -- The C compiler identification is GNU 13.3.0
[0.127s] -- Detecting C compiler ABI info
[0.214s] -- Detecting C compiler ABI info - done
[0.220s] -- Check for working C compiler: /usr/bin/cc - skipped
[0.220s] -- Detecting C compile features
[0.221s] -- Detecting C compile features - done
[0.221s] -- Setting build type to 'Release' as none was specified.
[0.223s] -- Performing Test CMAKE_HAVE_LIBC_PTHREAD
[0.309s] -- Performing Test CMAKE_HAVE_LIBC_PTHREAD - Success
[0.310s] -- Found Threads: TRUE  
[0.771s] -- The CXX compiler identification is GNU 13.3.0
[0.784s] -- Detecting CXX compiler ABI info
[0.878s] -- Detecting CXX compiler ABI info - done
[0.892s] -- Check for working CXX compiler: /usr/bin/c++ - skipped
[0.892s] -- Detecting CXX compile features
[0.893s] -- Detecting CXX compile features - done
[0.894s] -- Configuring done (0.9s)
[0.907s] -- Generating done (0.0s)
[0.911s] -- Build files have been written to: /home/gianni/SD/px4_ros2_ws/build/apriltag
[0.917s] Invoked command in '/home/gianni/SD/px4_ros2_ws/build/apriltag' returned '0': CMAKE_PREFIX_PATH=${CMAKE_PREFIX_PATH}:/opt/ros/jazzy DEBUGINFOD_URLS=https://debuginfod.ubuntu.com /usr/bin/cmake /home/gianni/SD/px4_ros2_ws/src/apriltag -DCMAKE_INSTALL_PREFIX=/home/gianni/SD/px4_ros2_ws/install/apriltag
[0.918s] Invoking command in '/home/gianni/SD/px4_ros2_ws/build/apriltag': CMAKE_PREFIX_PATH=${CMAKE_PREFIX_PATH}:/opt/ros/jazzy DEBUGINFOD_URLS=https://debuginfod.ubuntu.com /usr/bin/cmake --build /home/gianni/SD/px4_ros2_ws/build/apriltag -- -j20 -l20
[0.966s] [  7%] [32mBuilding C object CMakeFiles/apriltag.dir/common/getopt.c.o[0m
[0.966s] [  7%] [34m[1mGenerating apriltag_py_type_docstring.h, apriltag_py_type_docstring.cxx[0m
[0.966s] [  9%] [32mBuilding C object CMakeFiles/apriltag.dir/common/image_u8_parallel.c.o[0m
[0.966s] [ 11%] [32mBuilding C object CMakeFiles/apriltag.dir/common/matd.c.o[0m
[0.966s] [ 14%] [32mBuilding C object CMakeFiles/apriltag.dir/common/image_u8x4.c.o[0m
[0.967s] [  7%] [32mBuilding C object CMakeFiles/apriltag.dir/common/homography.c.o[0m
[0.967s] [ 16%] [32mBuilding C object CMakeFiles/apriltag.dir/apriltag.c.o[0m
[0.967s] [ 19%] [32mBuilding C object CMakeFiles/apriltag.dir/apriltag_pose.c.o[0m
[0.967s] [ 26%] [34m[1mGenerating apriltag_detect_docstring.h, apriltag_detect_docstring.cxx[0m
[0.967s] [ 26%] [32mBuilding C object CMakeFiles/apriltag.dir/common/image_u8.c.o[0m
[0.967s] [ 26%] [32mBuilding C object CMakeFiles/apriltag.dir/apriltag_quad_thresh.c.o[0m
[0.968s] [ 28%] [32mBuilding C object CMakeFiles/apriltag.dir/common/pam.c.o[0m
[0.968s] [ 30%] [32mBuilding C object CMakeFiles/apriltag.dir/common/image_u8x3.c.o[0m
[0.968s] [ 33%] [32mBuilding C object CMakeFiles/apriltag.dir/common/g2d.c.o[0m
[0.972s] [ 40%] [32mBuilding C object CMakeFiles/apriltag.dir/common/pjpeg.c.o[0m
[0.972s] [ 40%] [32mBuilding C object CMakeFiles/apriltag.dir/common/pjpeg-idct.c.o[0m
[0.975s] [ 40%] [32mBuilding C object CMakeFiles/apriltag.dir/common/pnm.c.o[0m
[0.976s] [ 42%] [32mBuilding C object CMakeFiles/apriltag.dir/common/string_util.c.o[0m
[0.977s] [ 45%] [32mBuilding C object CMakeFiles/apriltag.dir/common/svd22.c.o[0m
[0.977s] [ 47%] [32mBuilding C object CMakeFiles/apriltag.dir/common/pthreads_cross.c.o[0m
[0.999s] [ 50%] [32mBuilding C object CMakeFiles/apriltag.dir/common/time_util.c.o[0m
[1.015s] [ 50%] Built target apriltag_py_docstrings
[1.027s] [ 52%] [32mBuilding C object CMakeFiles/apriltag.dir/common/unionfind.c.o[0m
[1.033s] [ 54%] [32mBuilding C object CMakeFiles/apriltag.dir/common/workerpool.c.o[0m
[1.052s] [ 57%] [32mBuilding C object CMakeFiles/apriltag.dir/common/zarray.c.o[0m
[1.060s] [ 59%] [32mBuilding C object CMakeFiles/apriltag.dir/common/zhash.c.o[0m
[1.080s] [ 61%] [32mBuilding C object CMakeFiles/apriltag.dir/common/zmaxheap.c.o[0m
[1.089s] [ 64%] [32mBuilding C object CMakeFiles/apriltag.dir/tag16h5.c.o[0m
[1.092s] [ 66%] [32mBuilding C object CMakeFiles/apriltag.dir/tag25h9.c.o[0m
[1.125s] [ 69%] [32mBuilding C object CMakeFiles/apriltag.dir/tag36h10.c.o[0m
[1.150s] [ 71%] [32mBuilding C object CMakeFiles/apriltag.dir/tag36h11.c.o[0m
[1.154s] [ 73%] [32mBuilding C object CMakeFiles/apriltag.dir/tagCircle21h7.c.o[0m
[1.166s] [ 76%] [32mBuilding C object CMakeFiles/apriltag.dir/tagCircle49h12.c.o[0m
[1.184s] [ 78%] [32mBuilding C object CMakeFiles/apriltag.dir/tagCustom48h12.c.o[0m
[1.216s] [ 80%] [32mBuilding C object CMakeFiles/apriltag.dir/tagStandard41h12.c.o[0m
[1.218s] [ 83%] [32mBuilding C object CMakeFiles/apriltag.dir/tagStandard52h13.c.o[0m
[1.840s] [ 85%] [32m[1mLinking C shared library libapriltag.so[0m
[1.899s] [ 85%] Built target apriltag
[1.919s] [ 88%] [32mBuilding C object CMakeFiles/apriltag.cpython-312-x86_64-linux-gnu.dir/apriltag_pywrap.c.o[0m
[1.922s] [ 90%] [32mBuilding CXX object CMakeFiles/opencv_demo.dir/example/opencv_demo.cc.o[0m
[1.923s] [ 92%] [32mBuilding C object CMakeFiles/apriltag_demo.dir/example/apriltag_demo.c.o[0m
[2.026s] [ 95%] [32m[1mLinking C executable apriltag_demo[0m
[2.060s] [ 95%] Built target apriltag_demo
[2.063s] [ 97%] [32m[1mLinking C shared module apriltag.cpython-312-x86_64-linux-gnu.so[0m
[2.105s] [ 97%] Built target apriltag.cpython-312-x86_64-linux-gnu
[3.012s] [100%] [32m[1mLinking CXX executable opencv_demo[0m
[3.193s] [100%] Built target opencv_demo
[3.204s] Invoked command in '/home/gianni/SD/px4_ros2_ws/build/apriltag' returned '0': CMAKE_PREFIX_PATH=${CMAKE_PREFIX_PATH}:/opt/ros/jazzy DEBUGINFOD_URLS=https://debuginfod.ubuntu.com /usr/bin/cmake --build /home/gianni/SD/px4_ros2_ws/build/apriltag -- -j20 -l20
[3.205s] Invoking command in '/home/gianni/SD/px4_ros2_ws/build/apriltag': CMAKE_PREFIX_PATH=${CMAKE_PREFIX_PATH}:/opt/ros/jazzy DEBUGINFOD_URLS=https://debuginfod.ubuntu.com /usr/bin/cmake --install /home/gianni/SD/px4_ros2_ws/build/apriltag
[3.214s] -- Install configuration: "Release"
[3.215s] -- Installing: /home/gianni/SD/px4_ros2_ws/install/apriltag/include/apriltag/apriltag.h
[3.215s] -- Installing: /home/gianni/SD/px4_ros2_ws/install/apriltag/include/apriltag/apriltag_math.h
[3.215s] -- Installing: /home/gianni/SD/px4_ros2_ws/install/apriltag/include/apriltag/apriltag_pose.h
[3.215s] -- Installing: /home/gianni/SD/px4_ros2_ws/install/apriltag/include/apriltag/common/debug_print.h
[3.215s] -- Installing: /home/gianni/SD/px4_ros2_ws/install/apriltag/include/apriltag/common/doubles.h
[3.215s] -- Installing: /home/gianni/SD/px4_ros2_ws/install/apriltag/include/apriltag/common/doubles_floats_impl.h
[3.215s] -- Installing: /home/gianni/SD/px4_ros2_ws/install/apriltag/include/apriltag/common/floats.h
[3.216s] -- Installing: /home/gianni/SD/px4_ros2_ws/install/apriltag/include/apriltag/common/g2d.h
[3.216s] -- Installing: /home/gianni/SD/px4_ros2_ws/install/apriltag/include/apriltag/common/getopt.h
[3.216s] -- Installing: /home/gianni/SD/px4_ros2_ws/install/apriltag/include/apriltag/common/homography.h
[3.216s] -- Installing: /home/gianni/SD/px4_ros2_ws/install/apriltag/include/apriltag/common/image_types.h
[3.216s] -- Installing: /home/gianni/SD/px4_ros2_ws/install/apriltag/include/apriltag/common/image_u8.h
[3.216s] -- Installing: /home/gianni/SD/px4_ros2_ws/install/apriltag/include/apriltag/common/image_u8_parallel.h
[3.216s] -- Installing: /home/gianni/SD/px4_ros2_ws/install/apriltag/include/apriltag/common/image_u8x3.h
[3.216s] -- Installing: /home/gianni/SD/px4_ros2_ws/install/apriltag/include/apriltag/common/image_u8x4.h
[3.216s] -- Installing: /home/gianni/SD/px4_ros2_ws/install/apriltag/include/apriltag/common/matd.h
[3.216s] -- Installing: /home/gianni/SD/px4_ros2_ws/install/apriltag/include/apriltag/common/math_util.h
[3.217s] -- Installing: /home/gianni/SD/px4_ros2_ws/install/apriltag/include/apriltag/common/pam.h
[3.217s] -- Installing: /home/gianni/SD/px4_ros2_ws/install/apriltag/include/apriltag/common/pjpeg.h
[3.217s] -- Installing: /home/gianni/SD/px4_ros2_ws/install/apriltag/include/apriltag/common/pnm.h
[3.217s] -- Installing: /home/gianni/SD/px4_ros2_ws/install/apriltag/include/apriltag/common/postscript_utils.h
[3.217s] -- Installing: /home/gianni/SD/px4_ros2_ws/install/apriltag/include/apriltag/common/pthreads_cross.h
[3.217s] -- Installing: /home/gianni/SD/px4_ros2_ws/install/apriltag/include/apriltag/common/string_util.h
[3.217s] -- Installing: /home/gianni/SD/px4_ros2_ws/install/apriltag/include/apriltag/common/svd22.h
[3.217s] -- Installing: /home/gianni/SD/px4_ros2_ws/install/apriltag/include/apriltag/common/time_util.h
[3.217s] -- Installing: /home/gianni/SD/px4_ros2_ws/install/apriltag/include/apriltag/common/timeprofile.h
[3.218s] -- Installing: /home/gianni/SD/px4_ros2_ws/install/apriltag/include/apriltag/common/unionfind.h
[3.218s] -- Installing: /home/gianni/SD/px4_ros2_ws/install/apriltag/include/apriltag/common/workerpool.h
[3.218s] -- Installing: /home/gianni/SD/px4_ros2_ws/install/apriltag/include/apriltag/common/zarray.h
[3.218s] -- Installing: /home/gianni/SD/px4_ros2_ws/install/apriltag/include/apriltag/common/zhash.h
[3.218s] -- Installing: /home/gianni/SD/px4_ros2_ws/install/apriltag/include/apriltag/common/zmaxheap.h
[3.218s] -- Installing: /home/gianni/SD/px4_ros2_ws/install/apriltag/include/apriltag/tag16h5.h
[3.218s] -- Installing: /home/gianni/SD/px4_ros2_ws/install/apriltag/include/apriltag/tag25h9.h
[3.218s] -- Installing: /home/gianni/SD/px4_ros2_ws/install/apriltag/include/apriltag/tag36h10.h
[3.218s] -- Installing: /home/gianni/SD/px4_ros2_ws/install/apriltag/include/apriltag/tag36h11.h
[3.218s] -- Installing: /home/gianni/SD/px4_ros2_ws/install/apriltag/include/apriltag/tagCircle21h7.h
[3.219s] -- Installing: /home/gianni/SD/px4_ros2_ws/install/apriltag/include/apriltag/tagCircle49h12.h
[3.219s] -- Installing: /home/gianni/SD/px4_ros2_ws/install/apriltag/include/apriltag/tagCustom48h12.h
[3.219s] -- Installing: /home/gianni/SD/px4_ros2_ws/install/apriltag/include/apriltag/tagStandard41h12.h
[3.219s] -- Installing: /home/gianni/SD/px4_ros2_ws/install/apriltag/include/apriltag/tagStandard52h13.h
[3.219s] -- Installing: /home/gianni/SD/px4_ros2_ws/install/apriltag/lib/libapriltag.so.3.4.5
[3.219s] -- Installing: /home/gianni/SD/px4_ros2_ws/install/apriltag/lib/libapriltag.so.3
[3.219s] -- Installing: /home/gianni/SD/px4_ros2_ws/install/apriltag/lib/libapriltag.so
[3.219s] -- Installing: /home/gianni/SD/px4_ros2_ws/install/apriltag/lib/apriltag/cmake/apriltagTargets.cmake
[3.219s] -- Installing: /home/gianni/SD/px4_ros2_ws/install/apriltag/lib/apriltag/cmake/apriltagTargets-release.cmake
[3.220s] -- Installing: /home/gianni/SD/px4_ros2_ws/install/apriltag/lib/apriltag/cmake/apriltagConfig.cmake
[3.220s] -- Installing: /home/gianni/SD/px4_ros2_ws/install/apriltag/lib/apriltag/cmake/apriltagConfigVersion.cmake
[3.220s] -- Installing: /home/gianni/SD/px4_ros2_ws/install/apriltag/lib/pkgconfig/apriltag.pc
[3.220s] -- Installing: /home/gianni/SD/px4_ros2_ws/install/apriltag/lib/python3.12/site-packages/apriltag.cpython-312-x86_64-linux-gnu.so
[3.220s] -- Set non-toolchain portion of runtime path of "/home/gianni/SD/px4_ros2_ws/install/apriltag/lib/python3.12/site-packages/apriltag.cpython-312-x86_64-linux-gnu.so" to ""
[3.220s] -- Installing: /home/gianni/SD/px4_ros2_ws/install/apriltag/bin/opencv_demo
[3.220s] -- Set non-toolchain portion of runtime path of "/home/gianni/SD/px4_ros2_ws/install/apriltag/bin/opencv_demo" to ""
[3.220s] -- Installing: /home/gianni/SD/px4_ros2_ws/install/apriltag/bin/apriltag_demo
[3.220s] -- Set non-toolchain portion of runtime path of "/home/gianni/SD/px4_ros2_ws/install/apriltag/bin/apriltag_demo" to ""
[3.221s] Invoked command in '/home/gianni/SD/px4_ros2_ws/build/apriltag' returned '0': CMAKE_PREFIX_PATH=${CMAKE_PREFIX_PATH}:/opt/ros/jazzy DEBUGINFOD_URLS=https://debuginfod.ubuntu.com /usr/bin/cmake --install /home/gianni/SD/px4_ros2_ws/build/apriltag
